11:29:01 **** Build of configuration Nios II for project final_project_collector_v3 ****
make all 
Info: Building ../final_project_collector_v3_bsp/
C:/intelFPGA_lite/16.1/nios2eds/bin/gnu/H-x86_64-mingw32/bin/make --no-print-directory -C ../final_project_collector_v3_bsp/
Compiling alt_alarm_start.c...
nios2-elf-gcc -xc -MP -MMD -c  -I./HAL/inc -I. -I./drivers/inc -pipe -D__hal__ -DALT_NO_INSTRUCTION_EMULATION -DALT_SINGLE_THREADED    -O0 -g -Wall  -mno-hw-div -mhw-mul -mno-hw-mulx -mgpopt=global   -o obj/HAL/src/alt_alarm_start.o HAL/src/alt_alarm_start.c
Compiling alt_busy_sleep.c...
nios2-elf-gcc -xc -MP -MMD -c  -I./HAL/inc -I. -I./drivers/inc -pipe -D__hal__ -DALT_NO_INSTRUCTION_EMULATION -DALT_SINGLE_THREADED    -O0 -g -Wall  -mno-hw-div -mhw-mul -mno-hw-mulx -mgpopt=global   -o obj/HAL/src/alt_busy_sleep.o HAL/src/alt_busy_sleep.c
Compiling alt_close.c...
nios2-elf-gcc -xc -MP -MMD -c  -I./HAL/inc -I. -I./drivers/inc -pipe -D__hal__ -DALT_NO_INSTRUCTION_EMULATION -DALT_SINGLE_THREADED    -O0 -g -Wall  -mno-hw-div -mhw-mul -mno-hw-mulx -mgpopt=global   -o obj/HAL/src/alt_close.o HAL/src/alt_close.c
Compiling alt_dcache_flush.c...
nios2-elf-gcc -xc -MP -MMD -c  -I./HAL/inc -I. -I./drivers/inc -pipe -D__hal__ -DALT_NO_INSTRUCTION_EMULATION -DALT_SINGLE_THREADED    -O0 -g -Wall  -mno-hw-div -mhw-mul -mno-hw-mulx -mgpopt=global   -o obj/HAL/src/alt_dcache_flush.o HAL/src/alt_dcache_flush.c
Compiling alt_dcache_flush_all.c...
nios2-elf-gcc -xc -MP -MMD -c  -I./HAL/inc -I. -I./drivers/inc -pipe -D__hal__ -DALT_NO_INSTRUCTION_EMULATION -DALT_SINGLE_THREADED    -O0 -g -Wall  -mno-hw-div -mhw-mul -mno-hw-mulx -mgpopt=global   -o obj/HAL/src/alt_dcache_flush_all.o HAL/src/alt_dcache_flush_all.c
Compiling alt_dcache_flush_no_writeback.c...
nios2-elf-gcc -xc -MP -MMD -c  -I./HAL/inc -I. -I./drivers/inc -pipe -D__hal__ -DALT_NO_INSTRUCTION_EMULATION -DALT_SINGLE_THREADED    -O0 -g -Wall  -mno-hw-div -mhw-mul -mno-hw-mulx -mgpopt=global   -o obj/HAL/src/alt_dcache_flush_no_writeback.o HAL/src/alt_dcache_flush_no_writeback.c
Compiling alt_dev.c...
nios2-elf-gcc -xc -MP -MMD -c  -I./HAL/inc -I. -I./drivers/inc -pipe -D__hal__ -DALT_NO_INSTRUCTION_EMULATION -DALT_SINGLE_THREADED    -O0 -g -Wall  -mno-hw-div -mhw-mul -mno-hw-mulx -mgpopt=global   -o obj/HAL/src/alt_dev.o HAL/src/alt_dev.c
Compiling alt_dev_llist_insert.c...
nios2-elf-gcc -xc -MP -MMD -c  -I./HAL/inc -I. -I./drivers/inc -pipe -D__hal__ -DALT_NO_INSTRUCTION_EMULATION -DALT_SINGLE_THREADED    -O0 -g -Wall  -mno-hw-div -mhw-mul -mno-hw-mulx -mgpopt=global   -o obj/HAL/src/alt_dev_llist_insert.o HAL/src/alt_dev_llist_insert.c
Compiling alt_dma_rxchan_open.c...
nios2-elf-gcc -xc -MP -MMD -c  -I./HAL/inc -I. -I./drivers/inc -pipe -D__hal__ -DALT_NO_INSTRUCTION_EMULATION -DALT_SINGLE_THREADED    -O0 -g -Wall  -mno-hw-div -mhw-mul -mno-hw-mulx -mgpopt=global   -o obj/HAL/src/alt_dma_rxchan_open.o HAL/src/alt_dma_rxchan_open.c
Compiling alt_dma_txchan_open.c...
nios2-elf-gcc -xc -MP -MMD -c  -I./HAL/inc -I. -I./drivers/inc -pipe -D__hal__ -DALT_NO_INSTRUCTION_EMULATION -DALT_SINGLE_THREADED    -O0 -g -Wall  -mno-hw-div -mhw-mul -mno-hw-mulx -mgpopt=global   -o obj/HAL/src/alt_dma_txchan_open.o HAL/src/alt_dma_txchan_open.c
Compiling alt_do_ctors.c...
nios2-elf-gcc -xc -MP -MMD -c  -I./HAL/inc -I. -I./drivers/inc -pipe -D__hal__ -DALT_NO_INSTRUCTION_EMULATION -DALT_SINGLE_THREADED    -O0 -g -Wall  -mno-hw-div -mhw-mul -mno-hw-mulx -mgpopt=global   -o obj/HAL/src/alt_do_ctors.o HAL/src/alt_do_ctors.c
Compiling alt_do_dtors.c...
nios2-elf-gcc -xc -MP -MMD -c  -I./HAL/inc -I. -I./drivers/inc -pipe -D__hal__ -DALT_NO_INSTRUCTION_EMULATION -DALT_SINGLE_THREADED    -O0 -g -Wall  -mno-hw-div -mhw-mul -mno-hw-mulx -mgpopt=global   -o obj/HAL/src/alt_do_dtors.o HAL/src/alt_do_dtors.c
Compiling alt_ecc_fatal_entry.S...
nios2-elf-gcc -MP -MMD -c   -O0 -g -Wall  -mno-hw-div -mhw-mul -mno-hw-mulx -mgpopt=global    -I./HAL/inc -I. -I./drivers/inc -pipe -D__hal__ -DALT_NO_INSTRUCTION_EMULATION -DALT_SINGLE_THREADED  -Wa,-gdwarf2  -o obj/HAL/src/alt_ecc_fatal_entry.o HAL/src/alt_ecc_fatal_entry.S
Compiling alt_ecc_fatal_exception.c...
nios2-elf-gcc -xc -MP -MMD -c  -I./HAL/inc -I. -I./drivers/inc -pipe -D__hal__ -DALT_NO_INSTRUCTION_EMULATION -DALT_SINGLE_THREADED    -O0 -g -Wall  -mno-hw-div -mhw-mul -mno-hw-mulx -mgpopt=global   -o obj/HAL/src/alt_ecc_fatal_exception.o HAL/src/alt_ecc_fatal_exception.c
Compiling alt_env_lock.c...
nios2-elf-gcc -xc -MP -MMD -c  -I./HAL/inc -I. -I./drivers/inc -pipe -D__hal__ -DALT_NO_INSTRUCTION_EMULATION -DALT_SINGLE_THREADED    -O0 -g -Wall  -mno-hw-div -mhw-mul -mno-hw-mulx -mgpopt=global   -o obj/HAL/src/alt_env_lock.o HAL/src/alt_env_lock.c
Compiling alt_environ.c...
nios2-elf-gcc -xc -MP -MMD -c  -I./HAL/inc -I. -I./drivers/inc -pipe -D__hal__ -DALT_NO_INSTRUCTION_EMULATION -DALT_SINGLE_THREADED    -O0 -g -Wall  -mno-hw-div -mhw-mul -mno-hw-mulx -mgpopt=global   -o obj/HAL/src/alt_environ.o HAL/src/alt_environ.c
Compiling alt_errno.c...
nios2-elf-gcc -xc -MP -MMD -c  -I./HAL/inc -I. -I./drivers/inc -pipe -D__hal__ -DALT_NO_INSTRUCTION_EMULATION -DALT_SINGLE_THREADED    -O0 -g -Wall  -mno-hw-div -mhw-mul -mno-hw-mulx -mgpopt=global   -o obj/HAL/src/alt_errno.o HAL/src/alt_errno.c
Compiling alt_exception_entry.S...
nios2-elf-gcc -MP -MMD -c   -O0 -g -Wall  -mno-hw-div -mhw-mul -mno-hw-mulx -mgpopt=global    -I./HAL/inc -I. -I./drivers/inc -pipe -D__hal__ -DALT_NO_INSTRUCTION_EMULATION -DALT_SINGLE_THREADED  -Wa,-gdwarf2  -o obj/HAL/src/alt_exception_entry.o HAL/src/alt_exception_entry.S
Compiling alt_exception_muldiv.S...
nios2-elf-gcc -MP -MMD -c   -O0 -g -Wall  -mno-hw-div -mhw-mul -mno-hw-mulx -mgpopt=global    -I./HAL/inc -I. -I./drivers/inc -pipe -D__hal__ -DALT_NO_INSTRUCTION_EMULATION -DALT_SINGLE_THREADED  -Wa,-gdwarf2  -o obj/HAL/src/alt_exception_muldiv.o HAL/src/alt_exception_muldiv.S
Compiling alt_exception_trap.S...
nios2-elf-gcc -MP -MMD -c   -O0 -g -Wall  -mno-hw-div -mhw-mul -mno-hw-mulx -mgpopt=global    -I./HAL/inc -I. -I./drivers/inc -pipe -D__hal__ -DALT_NO_INSTRUCTION_EMULATION -DALT_SINGLE_THREADED  -Wa,-gdwarf2  -o obj/HAL/src/alt_exception_trap.o HAL/src/alt_exception_trap.S
Compiling alt_execve.c...
nios2-elf-gcc -xc -MP -MMD -c  -I./HAL/inc -I. -I./drivers/inc -pipe -D__hal__ -DALT_NO_INSTRUCTION_EMULATION -DALT_SINGLE_THREADED    -O0 -g -Wall  -mno-hw-div -mhw-mul -mno-hw-mulx -mgpopt=global   -o obj/HAL/src/alt_execve.o HAL/src/alt_execve.c
Compiling alt_exit.c...
nios2-elf-gcc -xc -MP -MMD -c  -I./HAL/inc -I. -I./drivers/inc -pipe -D__hal__ -DALT_NO_INSTRUCTION_EMULATION -DALT_SINGLE_THREADED    -O0 -g -Wall  -mno-hw-div -mhw-mul -mno-hw-mulx -mgpopt=global   -o obj/HAL/src/alt_exit.o HAL/src/alt_exit.c
Compiling alt_fcntl.c...
nios2-elf-gcc -xc -MP -MMD -c  -I./HAL/inc -I. -I./drivers/inc -pipe -D__hal__ -DALT_NO_INSTRUCTION_EMULATION -DALT_SINGLE_THREADED    -O0 -g -Wall  -mno-hw-div -mhw-mul -mno-hw-mulx -mgpopt=global   -o obj/HAL/src/alt_fcntl.o HAL/src/alt_fcntl.c
Compiling alt_fd_lock.c...
nios2-elf-gcc -xc -MP -MMD -c  -I./HAL/inc -I. -I./drivers/inc -pipe -D__hal__ -DALT_NO_INSTRUCTION_EMULATION -DALT_SINGLE_THREADED    -O0 -g -Wall  -mno-hw-div -mhw-mul -mno-hw-mulx -mgpopt=global   -o obj/HAL/src/alt_fd_lock.o HAL/src/alt_fd_lock.c
Compiling alt_fd_unlock.c...
nios2-elf-gcc -xc -MP -MMD -c  -I./HAL/inc -I. -I./drivers/inc -pipe -D__hal__ -DALT_NO_INSTRUCTION_EMULATION -DALT_SINGLE_THREADED    -O0 -g -Wall  -mno-hw-div -mhw-mul -mno-hw-mulx -mgpopt=global   -o obj/HAL/src/alt_fd_unlock.o HAL/src/alt_fd_unlock.c
Compiling alt_find_dev.c...
nios2-elf-gcc -xc -MP -MMD -c  -I./HAL/inc -I. -I./drivers/inc -pipe -D__hal__ -DALT_NO_INSTRUCTION_EMULATION -DALT_SINGLE_THREADED    -O0 -g -Wall  -mno-hw-div -mhw-mul -mno-hw-mulx -mgpopt=global   -o obj/HAL/src/alt_find_dev.o HAL/src/alt_find_dev.c
Compiling alt_find_file.c...
nios2-elf-gcc -xc -MP -MMD -c  -I./HAL/inc -I. -I./drivers/inc -pipe -D__hal__ -DALT_NO_INSTRUCTION_EMULATION -DALT_SINGLE_THREADED    -O0 -g -Wall  -mno-hw-div -mhw-mul -mno-hw-mulx -mgpopt=global   -o obj/HAL/src/alt_find_file.o HAL/src/alt_find_file.c
Compiling alt_flash_dev.c...
nios2-elf-gcc -xc -MP -MMD -c  -I./HAL/inc -I. -I./drivers/inc -pipe -D__hal__ -DALT_NO_INSTRUCTION_EMULATION -DALT_SINGLE_THREADED    -O0 -g -Wall  -mno-hw-div -mhw-mul -mno-hw-mulx -mgpopt=global   -o obj/HAL/src/alt_flash_dev.o HAL/src/alt_flash_dev.c
Compiling alt_fork.c...
nios2-elf-gcc -xc -MP -MMD -c  -I./HAL/inc -I. -I./drivers/inc -pipe -D__hal__ -DALT_NO_INSTRUCTION_EMULATION -DALT_SINGLE_THREADED    -O0 -g -Wall  -mno-hw-div -mhw-mul -mno-hw-mulx -mgpopt=global   -o obj/HAL/src/alt_fork.o HAL/src/alt_fork.c
Compiling alt_fs_reg.c...
nios2-elf-gcc -xc -MP -MMD -c  -I./HAL/inc -I. -I./drivers/inc -pipe -D__hal__ -DALT_NO_INSTRUCTION_EMULATION -DALT_SINGLE_THREADED    -O0 -g -Wall  -mno-hw-div -mhw-mul -mno-hw-mulx -mgpopt=global   -o obj/HAL/src/alt_fs_reg.o HAL/src/alt_fs_reg.c
Compiling alt_fstat.c...
nios2-elf-gcc -xc -MP -MMD -c  -I./HAL/inc -I. -I./drivers/inc -pipe -D__hal__ -DALT_NO_INSTRUCTION_EMULATION -DALT_SINGLE_THREADED    -O0 -g -Wall  -mno-hw-div -mhw-mul -mno-hw-mulx -mgpopt=global   -o obj/HAL/src/alt_fstat.o HAL/src/alt_fstat.c
Compiling alt_get_fd.c...
nios2-elf-gcc -xc -MP -MMD -c  -I./HAL/inc -I. -I./drivers/inc -pipe -D__hal__ -DALT_NO_INSTRUCTION_EMULATION -DALT_SINGLE_THREADED    -O0 -g -Wall  -mno-hw-div -mhw-mul -mno-hw-mulx -mgpopt=global   -o obj/HAL/src/alt_get_fd.o HAL/src/alt_get_fd.c
Compiling alt_getchar.c...
nios2-elf-gcc -xc -MP -MMD -c  -I./HAL/inc -I. -I./drivers/inc -pipe -D__hal__ -DALT_NO_INSTRUCTION_EMULATION -DALT_SINGLE_THREADED    -O0 -g -Wall  -mno-hw-div -mhw-mul -mno-hw-mulx -mgpopt=global   -o obj/HAL/src/alt_getchar.o HAL/src/alt_getchar.c
Compiling alt_getpid.c...
nios2-elf-gcc -xc -MP -MMD -c  -I./HAL/inc -I. -I./drivers/inc -pipe -D__hal__ -DALT_NO_INSTRUCTION_EMULATION -DALT_SINGLE_THREADED    -O0 -g -Wall  -mno-hw-div -mhw-mul -mno-hw-mulx -mgpopt=global   -o obj/HAL/src/alt_getpid.o HAL/src/alt_getpid.c
Compiling alt_gettod.c...
nios2-elf-gcc -xc -MP -MMD -c  -I./HAL/inc -I. -I./drivers/inc -pipe -D__hal__ -DALT_NO_INSTRUCTION_EMULATION -DALT_SINGLE_THREADED    -O0 -g -Wall  -mno-hw-div -mhw-mul -mno-hw-mulx -mgpopt=global   -o obj/HAL/src/alt_gettod.o HAL/src/alt_gettod.c
Compiling alt_gmon.c...
nios2-elf-gcc -xc -MP -MMD -c  -I./HAL/inc -I. -I./drivers/inc -pipe -D__hal__ -DALT_NO_INSTRUCTION_EMULATION -DALT_SINGLE_THREADED    -O0 -g -Wall  -mno-hw-div -mhw-mul -mno-hw-mulx -mgpopt=global   -o obj/HAL/src/alt_gmon.o HAL/src/alt_gmon.c
Compiling alt_icache_flush.c...
nios2-elf-gcc -xc -MP -MMD -c  -I./HAL/inc -I. -I./drivers/inc -pipe -D__hal__ -DALT_NO_INSTRUCTION_EMULATION -DALT_SINGLE_THREADED    -O0 -g -Wall  -mno-hw-div -mhw-mul -mno-hw-mulx -mgpopt=global   -o obj/HAL/src/alt_icache_flush.o HAL/src/alt_icache_flush.c
Compiling alt_icache_flush_all.c...
nios2-elf-gcc -xc -MP -MMD -c  -I./HAL/inc -I. -I./drivers/inc -pipe -D__hal__ -DALT_NO_INSTRUCTION_EMULATION -DALT_SINGLE_THREADED    -O0 -g -Wall  -mno-hw-div -mhw-mul -mno-hw-mulx -mgpopt=global   -o obj/HAL/src/alt_icache_flush_all.o HAL/src/alt_icache_flush_all.c
Compiling alt_iic.c...
nios2-elf-gcc -xc -MP -MMD -c  -I./HAL/inc -I. -I./drivers/inc -pipe -D__hal__ -DALT_NO_INSTRUCTION_EMULATION -DALT_SINGLE_THREADED    -O0 -g -Wall  -mno-hw-div -mhw-mul -mno-hw-mulx -mgpopt=global   -o obj/HAL/src/alt_iic.o HAL/src/alt_iic.c
Compiling alt_iic_isr_register.c...
nios2-elf-gcc -xc -MP -MMD -c  -I./HAL/inc -I. -I./drivers/inc -pipe -D__hal__ -DALT_NO_INSTRUCTION_EMULATION -DALT_SINGLE_THREADED    -O0 -g -Wall  -mno-hw-div -mhw-mul -mno-hw-mulx -mgpopt=global   -o obj/HAL/src/alt_iic_isr_register.o HAL/src/alt_iic_isr_register.c
Compiling alt_instruction_exception_entry.c...
nios2-elf-gcc -xc -MP -MMD -c  -I./HAL/inc -I. -I./drivers/inc -pipe -D__hal__ -DALT_NO_INSTRUCTION_EMULATION -DALT_SINGLE_THREADED    -O0 -g -Wall  -mno-hw-div -mhw-mul -mno-hw-mulx -mgpopt=global   -o obj/HAL/src/alt_instruction_exception_entry.o HAL/src/alt_instruction_exception_entry.c
Compiling alt_instruction_exception_register.c...
nios2-elf-gcc -xc -MP -MMD -c  -I./HAL/inc -I. -I./drivers/inc -pipe -D__hal__ -DALT_NO_INSTRUCTION_EMULATION -DALT_SINGLE_THREADED    -O0 -g -Wall  -mno-hw-div -mhw-mul -mno-hw-mulx -mgpopt=global   -o obj/HAL/src/alt_instruction_exception_register.o HAL/src/alt_instruction_exception_register.c
Compiling alt_io_redirect.c...
nios2-elf-gcc -xc -MP -MMD -c  -I./HAL/inc -I. -I./drivers/inc -pipe -D__hal__ -DALT_NO_INSTRUCTION_EMULATION -DALT_SINGLE_THREADED    -O0 -g -Wall  -mno-hw-div -mhw-mul -mno-hw-mulx -mgpopt=global   -o obj/HAL/src/alt_io_redirect.o HAL/src/alt_io_redirect.c
Compiling alt_ioctl.c...
nios2-elf-gcc -xc -MP -MMD -c  -I./HAL/inc -I. -I./drivers/inc -pipe -D__hal__ -DALT_NO_INSTRUCTION_EMULATION -DALT_SINGLE_THREADED    -O0 -g -Wall  -mno-hw-div -mhw-mul -mno-hw-mulx -mgpopt=global   -o obj/HAL/src/alt_ioctl.o HAL/src/alt_ioctl.c
Compiling alt_irq_entry.S...
nios2-elf-gcc -MP -MMD -c   -O0 -g -Wall  -mno-hw-div -mhw-mul -mno-hw-mulx -mgpopt=global    -I./HAL/inc -I. -I./drivers/inc -pipe -D__hal__ -DALT_NO_INSTRUCTION_EMULATION -DALT_SINGLE_THREADED  -Wa,-gdwarf2  -o obj/HAL/src/alt_irq_entry.o HAL/src/alt_irq_entry.S
Compiling alt_irq_handler.c...
nios2-elf-gcc -xc -MP -MMD -c  -I./HAL/inc -I. -I./drivers/inc -pipe -D__hal__ -DALT_NO_INSTRUCTION_EMULATION -DALT_SINGLE_THREADED    -O0 -g -Wall  -mno-hw-div -mhw-mul -mno-hw-mulx -mgpopt=global   -o obj/HAL/src/alt_irq_handler.o HAL/src/alt_irq_handler.c
Compiling alt_irq_register.c...
nios2-elf-gcc -xc -MP -MMD -c  -I./HAL/inc -I. -I./drivers/inc -pipe -D__hal__ -DALT_NO_INSTRUCTION_EMULATION -DALT_SINGLE_THREADED    -O0 -g -Wall  -mno-hw-div -mhw-mul -mno-hw-mulx -mgpopt=global   -o obj/HAL/src/alt_irq_register.o HAL/src/alt_irq_register.c
Compiling alt_irq_vars.c...
nios2-elf-gcc -xc -MP -MMD -c  -I./HAL/inc -I. -I./drivers/inc -pipe -D__hal__ -DALT_NO_INSTRUCTION_EMULATION -DALT_SINGLE_THREADED    -O0 -g -Wall  -mno-hw-div -mhw-mul -mno-hw-mulx -mgpopt=global   -o obj/HAL/src/alt_irq_vars.o HAL/src/alt_irq_vars.c
Compiling alt_isatty.c...
nios2-elf-gcc -xc -MP -MMD -c  -I./HAL/inc -I. -I./drivers/inc -pipe -D__hal__ -DALT_NO_INSTRUCTION_EMULATION -DALT_SINGLE_THREADED    -O0 -g -Wall  -mno-hw-div -mhw-mul -mno-hw-mulx -mgpopt=global   -o obj/HAL/src/alt_isatty.o HAL/src/alt_isatty.c
Compiling alt_kill.c...
nios2-elf-gcc -xc -MP -MMD -c  -I./HAL/inc -I. -I./drivers/inc -pipe -D__hal__ -DALT_NO_INSTRUCTION_EMULATION -DALT_SINGLE_THREADED    -O0 -g -Wall  -mno-hw-div -mhw-mul -mno-hw-mulx -mgpopt=global   -o obj/HAL/src/alt_kill.o HAL/src/alt_kill.c
Compiling alt_link.c...
nios2-elf-gcc -xc -MP -MMD -c  -I./HAL/inc -I. -I./drivers/inc -pipe -D__hal__ -DALT_NO_INSTRUCTION_EMULATION -DALT_SINGLE_THREADED    -O0 -g -Wall  -mno-hw-div -mhw-mul -mno-hw-mulx -mgpopt=global   -o obj/HAL/src/alt_link.o HAL/src/alt_link.c
Compiling alt_load.c...
nios2-elf-gcc -xc -MP -MMD -c  -I./HAL/inc -I. -I./drivers/inc -pipe -D__hal__ -DALT_NO_INSTRUCTION_EMULATION -DALT_SINGLE_THREADED    -O0 -g -Wall  -mno-hw-div -mhw-mul -mno-hw-mulx -mgpopt=global   -o obj/HAL/src/alt_load.o HAL/src/alt_load.c
Compiling alt_log_macro.S...
nios2-elf-gcc -MP -MMD -c   -O0 -g -Wall  -mno-hw-div -mhw-mul -mno-hw-mulx -mgpopt=global    -I./HAL/inc -I. -I./drivers/inc -pipe -D__hal__ -DALT_NO_INSTRUCTION_EMULATION -DALT_SINGLE_THREADED  -Wa,-gdwarf2  -o obj/HAL/src/alt_log_macro.o HAL/src/alt_log_macro.S
Compiling alt_log_printf.c...
nios2-elf-gcc -xc -MP -MMD -c  -I./HAL/inc -I. -I./drivers/inc -pipe -D__hal__ -DALT_NO_INSTRUCTION_EMULATION -DALT_SINGLE_THREADED    -O0 -g -Wall  -mno-hw-div -mhw-mul -mno-hw-mulx -mgpopt=global   -o obj/HAL/src/alt_log_printf.o HAL/src/alt_log_printf.c
Compiling alt_lseek.c...
nios2-elf-gcc -xc -MP -MMD -c  -I./HAL/inc -I. -I./drivers/inc -pipe -D__hal__ -DALT_NO_INSTRUCTION_EMULATION -DALT_SINGLE_THREADED    -O0 -g -Wall  -mno-hw-div -mhw-mul -mno-hw-mulx -mgpopt=global   -o obj/HAL/src/alt_lseek.o HAL/src/alt_lseek.c
Compiling alt_main.c...
nios2-elf-gcc -xc -MP -MMD -c  -I./HAL/inc -I. -I./drivers/inc -pipe -D__hal__ -DALT_NO_INSTRUCTION_EMULATION -DALT_SINGLE_THREADED    -O0 -g -Wall  -mno-hw-div -mhw-mul -mno-hw-mulx -mgpopt=global   -o obj/HAL/src/alt_main.o HAL/src/alt_main.c
Compiling alt_malloc_lock.c...
nios2-elf-gcc -xc -MP -MMD -c  -I./HAL/inc -I. -I./drivers/inc -pipe -D__hal__ -DALT_NO_INSTRUCTION_EMULATION -DALT_SINGLE_THREADED    -O0 -g -Wall  -mno-hw-div -mhw-mul -mno-hw-mulx -mgpopt=global   -o obj/HAL/src/alt_malloc_lock.o HAL/src/alt_malloc_lock.c
Compiling alt_mcount.S...
nios2-elf-gcc -MP -MMD -c   -O0 -g -Wall  -mno-hw-div -mhw-mul -mno-hw-mulx -mgpopt=global    -I./HAL/inc -I. -I./drivers/inc -pipe -D__hal__ -DALT_NO_INSTRUCTION_EMULATION -DALT_SINGLE_THREADED  -Wa,-gdwarf2  -o obj/HAL/src/alt_mcount.o HAL/src/alt_mcount.S
Compiling alt_open.c...
nios2-elf-gcc -xc -MP -MMD -c  -I./HAL/inc -I. -I./drivers/inc -pipe -D__hal__ -DALT_NO_INSTRUCTION_EMULATION -DALT_SINGLE_THREADED    -O0 -g -Wall  -mno-hw-div -mhw-mul -mno-hw-mulx -mgpopt=global   -o obj/HAL/src/alt_open.o HAL/src/alt_open.c
Compiling alt_printf.c...
nios2-elf-gcc -xc -MP -MMD -c  -I./HAL/inc -I. -I./drivers/inc -pipe -D__hal__ -DALT_NO_INSTRUCTION_EMULATION -DALT_SINGLE_THREADED    -O0 -g -Wall  -mno-hw-div -mhw-mul -mno-hw-mulx -mgpopt=global   -o obj/HAL/src/alt_printf.o HAL/src/alt_printf.c
Compiling alt_putchar.c...
nios2-elf-gcc -xc -MP -MMD -c  -I./HAL/inc -I. -I./drivers/inc -pipe -D__hal__ -DALT_NO_INSTRUCTION_EMULATION -DALT_SINGLE_THREADED    -O0 -g -Wall  -mno-hw-div -mhw-mul -mno-hw-mulx -mgpopt=global   -o obj/HAL/src/alt_putchar.o HAL/src/alt_putchar.c
Compiling alt_putcharbuf.c...
nios2-elf-gcc -xc -MP -MMD -c  -I./HAL/inc -I. -I./drivers/inc -pipe -D__hal__ -DALT_NO_INSTRUCTION_EMULATION -DALT_SINGLE_THREADED    -O0 -g -Wall  -mno-hw-div -mhw-mul -mno-hw-mulx -mgpopt=global   -o obj/HAL/src/alt_putcharbuf.o HAL/src/alt_putcharbuf.c
Compiling alt_putstr.c...
nios2-elf-gcc -xc -MP -MMD -c  -I./HAL/inc -I. -I./drivers/inc -pipe -D__hal__ -DALT_NO_INSTRUCTION_EMULATION -DALT_SINGLE_THREADED    -O0 -g -Wall  -mno-hw-div -mhw-mul -mno-hw-mulx -mgpopt=global   -o obj/HAL/src/alt_putstr.o HAL/src/alt_putstr.c
Compiling alt_read.c...
nios2-elf-gcc -xc -MP -MMD -c  -I./HAL/inc -I. -I./drivers/inc -pipe -D__hal__ -DALT_NO_INSTRUCTION_EMULATION -DALT_SINGLE_THREADED    -O0 -g -Wall  -mno-hw-div -mhw-mul -mno-hw-mulx -mgpopt=global   -o obj/HAL/src/alt_read.o HAL/src/alt_read.c
Compiling alt_release_fd.c...
nios2-elf-gcc -xc -MP -MMD -c  -I./HAL/inc -I. -I./drivers/inc -pipe -D__hal__ -DALT_NO_INSTRUCTION_EMULATION -DALT_SINGLE_THREADED    -O0 -g -Wall  -mno-hw-div -mhw-mul -mno-hw-mulx -mgpopt=global   -o obj/HAL/src/alt_release_fd.o HAL/src/alt_release_fd.c
Compiling alt_remap_cached.c...
nios2-elf-gcc -xc -MP -MMD -c  -I./HAL/inc -I. -I./drivers/inc -pipe -D__hal__ -DALT_NO_INSTRUCTION_EMULATION -DALT_SINGLE_THREADED    -O0 -g -Wall  -mno-hw-div -mhw-mul -mno-hw-mulx -mgpopt=global   -o obj/HAL/src/alt_remap_cached.o HAL/src/alt_remap_cached.c
Compiling alt_remap_uncached.c...
nios2-elf-gcc -xc -MP -MMD -c  -I./HAL/inc -I. -I./drivers/inc -pipe -D__hal__ -DALT_NO_INSTRUCTION_EMULATION -DALT_SINGLE_THREADED    -O0 -g -Wall  -mno-hw-div -mhw-mul -mno-hw-mulx -mgpopt=global   -o obj/HAL/src/alt_remap_uncached.o HAL/src/alt_remap_uncached.c
Compiling alt_rename.c...
nios2-elf-gcc -xc -MP -MMD -c  -I./HAL/inc -I. -I./drivers/inc -pipe -D__hal__ -DALT_NO_INSTRUCTION_EMULATION -DALT_SINGLE_THREADED    -O0 -g -Wall  -mno-hw-div -mhw-mul -mno-hw-mulx -mgpopt=global   -o obj/HAL/src/alt_rename.o HAL/src/alt_rename.c
Compiling alt_sbrk.c...
nios2-elf-gcc -xc -MP -MMD -c  -I./HAL/inc -I. -I./drivers/inc -pipe -D__hal__ -DALT_NO_INSTRUCTION_EMULATION -DALT_SINGLE_THREADED    -O0 -g -Wall  -mno-hw-div -mhw-mul -mno-hw-mulx -mgpopt=global   -o obj/HAL/src/alt_sbrk.o HAL/src/alt_sbrk.c
Compiling alt_settod.c...
nios2-elf-gcc -xc -MP -MMD -c  -I./HAL/inc -I. -I./drivers/inc -pipe -D__hal__ -DALT_NO_INSTRUCTION_EMULATION -DALT_SINGLE_THREADED    -O0 -g -Wall  -mno-hw-div -mhw-mul -mno-hw-mulx -mgpopt=global   -o obj/HAL/src/alt_settod.o HAL/src/alt_settod.c
Compiling alt_software_exception.S...
nios2-elf-gcc -MP -MMD -c   -O0 -g -Wall  -mno-hw-div -mhw-mul -mno-hw-mulx -mgpopt=global    -I./HAL/inc -I. -I./drivers/inc -pipe -D__hal__ -DALT_NO_INSTRUCTION_EMULATION -DALT_SINGLE_THREADED  -Wa,-gdwarf2  -o obj/HAL/src/alt_software_exception.o HAL/src/alt_software_exception.S
Compiling alt_stat.c...
nios2-elf-gcc -xc -MP -MMD -c  -I./HAL/inc -I. -I./drivers/inc -pipe -D__hal__ -DALT_NO_INSTRUCTION_EMULATION -DALT_SINGLE_THREADED    -O0 -g -Wall  -mno-hw-div -mhw-mul -mno-hw-mulx -mgpopt=global   -o obj/HAL/src/alt_stat.o HAL/src/alt_stat.c
Compiling alt_tick.c...
nios2-elf-gcc -xc -MP -MMD -c  -I./HAL/inc -I. -I./drivers/inc -pipe -D__hal__ -DALT_NO_INSTRUCTION_EMULATION -DALT_SINGLE_THREADED    -O0 -g -Wall  -mno-hw-div -mhw-mul -mno-hw-mulx -mgpopt=global   -o obj/HAL/src/alt_tick.o HAL/src/alt_tick.c
Compiling alt_times.c...
nios2-elf-gcc -xc -MP -MMD -c  -I./HAL/inc -I. -I./drivers/inc -pipe -D__hal__ -DALT_NO_INSTRUCTION_EMULATION -DALT_SINGLE_THREADED    -O0 -g -Wall  -mno-hw-div -mhw-mul -mno-hw-mulx -mgpopt=global   -o obj/HAL/src/alt_times.o HAL/src/alt_times.c
Compiling alt_uncached_free.c...
nios2-elf-gcc -xc -MP -MMD -c  -I./HAL/inc -I. -I./drivers/inc -pipe -D__hal__ -DALT_NO_INSTRUCTION_EMULATION -DALT_SINGLE_THREADED    -O0 -g -Wall  -mno-hw-div -mhw-mul -mno-hw-mulx -mgpopt=global   -o obj/HAL/src/alt_uncached_free.o HAL/src/alt_uncached_free.c
Compiling alt_uncached_malloc.c...
nios2-elf-gcc -xc -MP -MMD -c  -I./HAL/inc -I. -I./drivers/inc -pipe -D__hal__ -DALT_NO_INSTRUCTION_EMULATION -DALT_SINGLE_THREADED    -O0 -g -Wall  -mno-hw-div -mhw-mul -mno-hw-mulx -mgpopt=global   -o obj/HAL/src/alt_uncached_malloc.o HAL/src/alt_uncached_malloc.c
Compiling alt_unlink.c...
nios2-elf-gcc -xc -MP -MMD -c  -I./HAL/inc -I. -I./drivers/inc -pipe -D__hal__ -DALT_NO_INSTRUCTION_EMULATION -DALT_SINGLE_THREADED    -O0 -g -Wall  -mno-hw-div -mhw-mul -mno-hw-mulx -mgpopt=global   -o obj/HAL/src/alt_unlink.o HAL/src/alt_unlink.c
Compiling alt_usleep.c...
nios2-elf-gcc -xc -MP -MMD -c  -I./HAL/inc -I. -I./drivers/inc -pipe -D__hal__ -DALT_NO_INSTRUCTION_EMULATION -DALT_SINGLE_THREADED    -O0 -g -Wall  -mno-hw-div -mhw-mul -mno-hw-mulx -mgpopt=global   -o obj/HAL/src/alt_usleep.o HAL/src/alt_usleep.c
Compiling alt_wait.c...
nios2-elf-gcc -xc -MP -MMD -c  -I./HAL/inc -I. -I./drivers/inc -pipe -D__hal__ -DALT_NO_INSTRUCTION_EMULATION -DALT_SINGLE_THREADED    -O0 -g -Wall  -mno-hw-div -mhw-mul -mno-hw-mulx -mgpopt=global   -o obj/HAL/src/alt_wait.o HAL/src/alt_wait.c
Compiling alt_write.c...
nios2-elf-gcc -xc -MP -MMD -c  -I./HAL/inc -I. -I./drivers/inc -pipe -D__hal__ -DALT_NO_INSTRUCTION_EMULATION -DALT_SINGLE_THREADED    -O0 -g -Wall  -mno-hw-div -mhw-mul -mno-hw-mulx -mgpopt=global   -o obj/HAL/src/alt_write.o HAL/src/alt_write.c
Compiling altera_nios2_gen2_irq.c...
nios2-elf-gcc -xc -MP -MMD -c  -I./HAL/inc -I. -I./drivers/inc -pipe -D__hal__ -DALT_NO_INSTRUCTION_EMULATION -DALT_SINGLE_THREADED    -O0 -g -Wall  -mno-hw-div -mhw-mul -mno-hw-mulx -mgpopt=global   -o obj/HAL/src/altera_nios2_gen2_irq.o HAL/src/altera_nios2_gen2_irq.c
Compiling crt0.S...
nios2-elf-gcc -MP -MMD -c   -O0 -g -Wall  -mno-hw-div -mhw-mul -mno-hw-mulx -mgpopt=global    -I./HAL/inc -I. -I./drivers/inc -pipe -D__hal__ -DALT_NO_INSTRUCTION_EMULATION -DALT_SINGLE_THREADED  -Wa,-gdwarf2  -o obj/HAL/src/crt0.o HAL/src/crt0.S
Compiling alt_sys_init.c...
nios2-elf-gcc -xc -MP -MMD -c  -I./HAL/inc -I. -I./drivers/inc -pipe -D__hal__ -DALT_NO_INSTRUCTION_EMULATION -DALT_SINGLE_THREADED    -O0 -g -Wall  -mno-hw-div -mhw-mul -mno-hw-mulx -mgpopt=global   -o obj/alt_sys_init.o alt_sys_init.c
Compiling altera_avalon_jtag_uart_fd.c...
nios2-elf-gcc -xc -MP -MMD -c  -I./HAL/inc -I. -I./drivers/inc -pipe -D__hal__ -DALT_NO_INSTRUCTION_EMULATION -DALT_SINGLE_THREADED    -O0 -g -Wall  -mno-hw-div -mhw-mul -mno-hw-mulx -mgpopt=global   -o obj/drivers/src/altera_avalon_jtag_uart_fd.o drivers/src/altera_avalon_jtag_uart_fd.c
Compiling altera_avalon_jtag_uart_init.c...
nios2-elf-gcc -xc -MP -MMD -c  -I./HAL/inc -I. -I./drivers/inc -pipe -D__hal__ -DALT_NO_INSTRUCTION_EMULATION -DALT_SINGLE_THREADED    -O0 -g -Wall  -mno-hw-div -mhw-mul -mno-hw-mulx -mgpopt=global   -o obj/drivers/src/altera_avalon_jtag_uart_init.o drivers/src/altera_avalon_jtag_uart_init.c
Compiling altera_avalon_jtag_uart_ioctl.c...
nios2-elf-gcc -xc -MP -MMD -c  -I./HAL/inc -I. -I./drivers/inc -pipe -D__hal__ -DALT_NO_INSTRUCTION_EMULATION -DALT_SINGLE_THREADED    -O0 -g -Wall  -mno-hw-div -mhw-mul -mno-hw-mulx -mgpopt=global   -o obj/drivers/src/altera_avalon_jtag_uart_ioctl.o drivers/src/altera_avalon_jtag_uart_ioctl.c
Compiling altera_avalon_jtag_uart_read.c...
nios2-elf-gcc -xc -MP -MMD -c  -I./HAL/inc -I. -I./drivers/inc -pipe -D__hal__ -DALT_NO_INSTRUCTION_EMULATION -DALT_SINGLE_THREADED    -O0 -g -Wall  -mno-hw-div -mhw-mul -mno-hw-mulx -mgpopt=global   -o obj/drivers/src/altera_avalon_jtag_uart_read.o drivers/src/altera_avalon_jtag_uart_read.c
Compiling altera_avalon_jtag_uart_write.c...
nios2-elf-gcc -xc -MP -MMD -c  -I./HAL/inc -I. -I./drivers/inc -pipe -D__hal__ -DALT_NO_INSTRUCTION_EMULATION -DALT_SINGLE_THREADED    -O0 -g -Wall  -mno-hw-div -mhw-mul -mno-hw-mulx -mgpopt=global   -o obj/drivers/src/altera_avalon_jtag_uart_write.o drivers/src/altera_avalon_jtag_uart_write.c
Compiling altera_avalon_sysid_qsys.c...
nios2-elf-gcc -xc -MP -MMD -c  -I./HAL/inc -I. -I./drivers/inc -pipe -D__hal__ -DALT_NO_INSTRUCTION_EMULATION -DALT_SINGLE_THREADED    -O0 -g -Wall  -mno-hw-div -mhw-mul -mno-hw-mulx -mgpopt=global   -o obj/drivers/src/altera_avalon_sysid_qsys.o drivers/src/altera_avalon_sysid_qsys.c
Compiling altera_avalon_timer_sc.c...
nios2-elf-gcc -xc -MP -MMD -c  -I./HAL/inc -I. -I./drivers/inc -pipe -D__hal__ -DALT_NO_INSTRUCTION_EMULATION -DALT_SINGLE_THREADED    -O0 -g -Wall  -mno-hw-div -mhw-mul -mno-hw-mulx -mgpopt=global   -o obj/drivers/src/altera_avalon_timer_sc.o drivers/src/altera_avalon_timer_sc.c
Compiling altera_avalon_timer_ts.c...
nios2-elf-gcc -xc -MP -MMD -c  -I./HAL/inc -I. -I./drivers/inc -pipe -D__hal__ -DALT_NO_INSTRUCTION_EMULATION -DALT_SINGLE_THREADED    -O0 -g -Wall  -mno-hw-div -mhw-mul -mno-hw-mulx -mgpopt=global   -o obj/drivers/src/altera_avalon_timer_ts.o drivers/src/altera_avalon_timer_ts.c
Compiling altera_avalon_timer_vars.c...
nios2-elf-gcc -xc -MP -MMD -c  -I./HAL/inc -I. -I./drivers/inc -pipe -D__hal__ -DALT_NO_INSTRUCTION_EMULATION -DALT_SINGLE_THREADED    -O0 -g -Wall  -mno-hw-div -mhw-mul -mno-hw-mulx -mgpopt=global   -o obj/drivers/src/altera_avalon_timer_vars.o drivers/src/altera_avalon_timer_vars.c
Creating libhal_bsp.a...
rm -f -f libhal_bsp.a
nios2-elf-ar -src libhal_bsp.a obj/HAL/src/alt_alarm_start.o obj/HAL/src/alt_busy_sleep.o obj/HAL/src/alt_close.o obj/HAL/src/alt_dcache_flush.o obj/HAL/src/alt_dcache_flush_all.o obj/HAL/src/alt_dcache_flush_no_writeback.o obj/HAL/src/alt_dev.o obj/HAL/src/alt_dev_llist_insert.o obj/HAL/src/alt_dma_rxchan_open.o obj/HAL/src/alt_dma_txchan_open.o obj/HAL/src/alt_do_ctors.o obj/HAL/src/alt_do_dtors.o obj/HAL/src/alt_ecc_fatal_entry.o obj/HAL/src/alt_ecc_fatal_exception.o obj/HAL/src/alt_env_lock.o obj/HAL/src/alt_environ.o obj/HAL/src/alt_errno.o obj/HAL/src/alt_exception_entry.o obj/HAL/src/alt_exception_muldiv.o obj/HAL/src/alt_exception_trap.o obj/HAL/src/alt_execve.o obj/HAL/src/alt_exit.o obj/HAL/src/alt_fcntl.o obj/HAL/src/alt_fd_lock.o obj/HAL/src/alt_fd_unlock.o obj/HAL/src/alt_find_dev.o obj/HAL/src/alt_find_file.o obj/HAL/src/alt_flash_dev.o obj/HAL/src/alt_fork.o obj/HAL/src/alt_fs_reg.o obj/HAL/src/alt_fstat.o obj/HAL/src/alt_get_fd.o obj/HAL/src/alt_getchar.o obj/HAL/src/alt_getpid.o obj/HAL/src/alt_gettod.o obj/HAL/src/alt_gmon.o obj/HAL/src/alt_icache_flush.o obj/HAL/src/alt_icache_flush_all.o obj/HAL/src/alt_iic.o obj/HAL/src/alt_iic_isr_register.o obj/HAL/src/alt_instruction_exception_entry.o obj/HAL/src/alt_instruction_exception_register.o obj/HAL/src/alt_io_redirect.o obj/HAL/src/alt_ioctl.o obj/HAL/src/alt_irq_entry.o obj/HAL/src/alt_irq_handler.o obj/HAL/src/alt_irq_register.o obj/HAL/src/alt_irq_vars.o obj/HAL/src/alt_isatty.o obj/HAL/src/alt_kill.o obj/HAL/src/alt_link.o obj/HAL/src/alt_load.o obj/HAL/src/alt_log_macro.o obj/HAL/src/alt_log_printf.o obj/HAL/src/alt_lseek.o obj/HAL/src/alt_main.o obj/HAL/src/alt_malloc_lock.o obj/HAL/src/alt_mcount.o obj/HAL/src/alt_open.o obj/HAL/src/alt_printf.o obj/HAL/src/alt_putchar.o obj/HAL/src/alt_putcharbuf.o obj/HAL/src/alt_putstr.o obj/HAL/src/alt_read.o obj/HAL/src/alt_release_fd.o obj/HAL/src/alt_remap_cached.o obj/HAL/src/alt_remap_uncached.o obj/HAL/src/alt_rename.o obj/HAL/src/alt_sbrk.o obj/HAL/src/alt_settod.o obj/HAL/src/alt_software_exception.o obj/HAL/src/alt_stat.o obj/HAL/src/alt_tick.o obj/HAL/src/alt_times.o obj/HAL/src/alt_uncached_free.o obj/HAL/src/alt_uncached_malloc.o obj/HAL/src/alt_unlink.o obj/HAL/src/alt_usleep.o obj/HAL/src/alt_wait.o obj/HAL/src/alt_write.o obj/HAL/src/altera_nios2_gen2_irq.o obj/HAL/src/crt0.o obj/alt_sys_init.o obj/drivers/src/altera_avalon_jtag_uart_fd.o obj/drivers/src/altera_avalon_jtag_uart_init.o obj/drivers/src/altera_avalon_jtag_uart_ioctl.o obj/drivers/src/altera_avalon_jtag_uart_read.o obj/drivers/src/altera_avalon_jtag_uart_write.o obj/drivers/src/altera_avalon_sysid_qsys.o obj/drivers/src/altera_avalon_timer_sc.o obj/drivers/src/altera_avalon_timer_ts.o obj/drivers/src/altera_avalon_timer_vars.o
[BSP build complete]
Info: Compiling main.c to obj/default/main.o
nios2-elf-gcc -xc -MP -MMD -c -I../final_project_collector_v3_bsp//HAL/inc -I../final_project_collector_v3_bsp/ -I../final_project_collector_v3_bsp//drivers/inc  -pipe -D__hal__ -DALT_NO_INSTRUCTION_EMULATION -DALT_SINGLE_THREADED    -O0 -g -Wall   -mno-hw-div -mhw-mul -mno-hw-mulx -mgpopt=global  -o obj/default/main.o main.c
main.c: In function 'print_array_v':
main.c:127:4: warning: implicit declaration of function 'alt_printf' [-Wimplicit-function-declaration]
    alt_printf("%x, ", (a[i] & 0xFF));
    ^
main.c: In function 'timer_int_handler':
main.c:167:12: warning: pointer targets in passing argument 1 of 'spi_comm' differ in signedness [-Wpointer-sign]
   spi_comm(test_input, test_output, 2, 0);
            ^
main.c:97:6: note: expected 'int8_t * {aka signed char *}' but argument is of type 'uint8_t * {aka unsigned char *}'
 void spi_comm (int8_t input[], int8_t output[], int in_length, int out_length)
      ^
main.c:167:24: warning: pointer targets in passing argument 2 of 'spi_comm' differ in signedness [-Wpointer-sign]
   spi_comm(test_input, test_output, 2, 0);
                        ^
main.c:97:6: note: expected 'int8_t * {aka signed char *}' but argument is of type 'uint8_t * {aka unsigned char *}'
 void spi_comm (int8_t input[], int8_t output[], int in_length, int out_length)
      ^
main.c:171:12: warning: pointer targets in passing argument 1 of 'spi_comm' differ in signedness [-Wpointer-sign]
   spi_comm(test_input, test_output, 1, 7);
            ^
main.c:97:6: note: expected 'int8_t * {aka signed char *}' but argument is of type 'uint8_t * {aka unsigned char *}'
 void spi_comm (int8_t input[], int8_t output[], int in_length, int out_length)
      ^
main.c:171:24: warning: pointer targets in passing argument 2 of 'spi_comm' differ in signedness [-Wpointer-sign]
   spi_comm(test_input, test_output, 1, 7);
                        ^
main.c:97:6: note: expected 'int8_t * {aka signed char *}' but argument is of type 'uint8_t * {aka unsigned char *}'
 void spi_comm (int8_t input[], int8_t output[], int in_length, int out_length)
      ^
main.c:179:12: warning: pointer targets in passing argument 1 of 'spi_comm' differ in signedness [-Wpointer-sign]
   spi_comm(test_input, test_output, 1, 19);
            ^
main.c:97:6: note: expected 'int8_t * {aka signed char *}' but argument is of type 'uint8_t * {aka unsigned char *}'
 void spi_comm (int8_t input[], int8_t output[], int in_length, int out_length)
      ^
main.c:179:24: warning: pointer targets in passing argument 2 of 'spi_comm' differ in signedness [-Wpointer-sign]
   spi_comm(test_input, test_output, 1, 19);
                        ^
main.c:97:6: note: expected 'int8_t * {aka signed char *}' but argument is of type 'uint8_t * {aka unsigned char *}'
 void spi_comm (int8_t input[], int8_t output[], int in_length, int out_length)
      ^
main.c:183:34: warning: suggest parentheses around '+' in operand of '&' [-Wparentheses]
   dig_P2 = (test_output[4] << 8) + (test_output[3])& 0xFFFF;
                                  ^
main.c:196:12: warning: pointer targets in passing argument 1 of 'spi_comm' differ in signedness [-Wpointer-sign]
   spi_comm(test_input, test_output, 1, 2);
            ^
main.c:97:6: note: expected 'int8_t * {aka signed char *}' but argument is of type 'uint8_t * {aka unsigned char *}'
 void spi_comm (int8_t input[], int8_t output[], int in_length, int out_length)
      ^
main.c:196:24: warning: pointer targets in passing argument 2 of 'spi_comm' differ in signedness [-Wpointer-sign]
   spi_comm(test_input, test_output, 1, 2);
                        ^
main.c:97:6: note: expected 'int8_t * {aka signed char *}' but argument is of type 'uint8_t * {aka unsigned char *}'
 void spi_comm (int8_t input[], int8_t output[], int in_length, int out_length)
      ^
main.c:201:12: warning: pointer targets in passing argument 1 of 'spi_comm' differ in signedness [-Wpointer-sign]
   spi_comm(test_input, test_output, 1, 8);
            ^
main.c:97:6: note: expected 'int8_t * {aka signed char *}' but argument is of type 'uint8_t * {aka unsigned char *}'
 void spi_comm (int8_t input[], int8_t output[], int in_length, int out_length)
      ^
main.c:201:24: warning: pointer targets in passing argument 2 of 'spi_comm' differ in signedness [-Wpointer-sign]
   spi_comm(test_input, test_output, 1, 8);
                        ^
main.c:97:6: note: expected 'int8_t * {aka signed char *}' but argument is of type 'uint8_t * {aka unsigned char *}'
 void spi_comm (int8_t input[], int8_t output[], int in_length, int out_length)
      ^
main.c:204:34: warning: suggest parentheses around '+' in operand of '&' [-Wparentheses]
   dig_H2 = (test_output[2] << 8) + (test_output[1])& 0xFFFF;
                                  ^
main.c:206:34: warning: suggest parentheses around '+' in operand of '&' [-Wparentheses]
   dig_H4 = (test_output[4] << 4) + (test_output[5] & 0x0F)& 0xFFF;
                                  ^
main.c:207:34: warning: suggest parentheses around '+' in operand of '&' [-Wparentheses]
   dig_H5 = (test_output[6] << 4) + (test_output[5] & 0xF0)& 0xFFF;
                                  ^
main.c:217:12: warning: pointer targets in passing argument 1 of 'spi_comm' differ in signedness [-Wpointer-sign]
   spi_comm(test_input, test_output, 1, 9);
            ^
main.c:97:6: note: expected 'int8_t * {aka signed char *}' but argument is of type 'uint8_t * {aka unsigned char *}'
 void spi_comm (int8_t input[], int8_t output[], int in_length, int out_length)
      ^
main.c:217:24: warning: pointer targets in passing argument 2 of 'spi_comm' differ in signedness [-Wpointer-sign]
   spi_comm(test_input, test_output, 1, 9);
                        ^
main.c:97:6: note: expected 'int8_t * {aka signed char *}' but argument is of type 'uint8_t * {aka unsigned char *}'
 void spi_comm (int8_t input[], int8_t output[], int in_length, int out_length)
      ^
main.c:218:17: warning: pointer targets in passing argument 1 of 'print_array_v' differ in signedness [-Wpointer-sign]
   print_array_v(test_output, 9);
                 ^
main.c:121:6: note: expected 'int8_t * {aka signed char *}' but argument is of type 'uint8_t * {aka unsigned char *}'
 void print_array_v (int8_t a[], int size)
      ^
main.c: In function 'pio_init':
main.c:230:2: warning: implicit declaration of function 'alt_irq_register' [-Wimplicit-function-declaration]
  alt_irq_register(TIMER_0_IRQ, TIMER_0_BASE, timer_int_handler);
  ^
main.c: In function 'main':
main.c:251:11: warning: pointer targets in passing argument 1 of 'spi_comm' differ in signedness [-Wpointer-sign]
  spi_comm(test_input, test_output, 2, 0);
           ^
main.c:97:6: note: expected 'int8_t * {aka signed char *}' but argument is of type 'uint8_t * {aka unsigned char *}'
 void spi_comm (int8_t input[], int8_t output[], int in_length, int out_length)
      ^
main.c:251:23: warning: pointer targets in passing argument 2 of 'spi_comm' differ in signedness [-Wpointer-sign]
  spi_comm(test_input, test_output, 2, 0);
                       ^
main.c:97:6: note: expected 'int8_t * {aka signed char *}' but argument is of type 'uint8_t * {aka unsigned char *}'
 void spi_comm (int8_t input[], int8_t output[], int in_length, int out_length)
      ^
Info: Linking final_project_collector_v3.elf
nios2-elf-g++  -T'../final_project_collector_v3_bsp//linker.x' -msys-crt0='../final_project_collector_v3_bsp//obj/HAL/src/crt0.o' -msys-lib=hal_bsp -L../final_project_collector_v3_bsp/   -Wl,-Map=final_project_collector_v3.map   -O0 -g -Wall   -mno-hw-div -mhw-mul -mno-hw-mulx -mgpopt=global  -o final_project_collector_v3.elf obj/default/main.o -lm -msys-lib=m
nios2-elf-insert final_project_collector_v3.elf --thread_model hal --cpu_name nios2_gen2_0 --qsys true --simulation_enabled false --id 0 --sidp 0x2130 --timestamp 1638731574 --stderr_dev jtag_uart_0 --stdin_dev jtag_uart_0 --stdout_dev jtag_uart_0 --sopc_system_name nios_system --quartus_project_dir "C:/Users/Daniel/Desktop/ece178/greenhouse-monitoring-system-FPGA/data_collector_system" --jdi ../..//output_files/final_project.jdi --sopcinfo C:/Users/Daniel/Desktop/ece178/greenhouse-monitoring-system-FPGA/data_collector_system/software/final_project_collector_v3_bsp/../../nios_system.sopcinfo
Info: (final_project_collector_v3.elf) 77 KBytes program size (code + initialized data).
Info:                                  16299 KBytes free for stack + heap.
Info: Creating final_project_collector_v3.objdump
nios2-elf-objdump --disassemble --syms --all-header --source final_project_collector_v3.elf >final_project_collector_v3.objdump
[final_project_collector_v3 build complete]
11:29:48 **** Build of configuration Nios II for project final_project_collector_v3 ****
make all 
Info: Building ../final_project_collector_v3_bsp/
C:/intelFPGA_lite/16.1/nios2eds/bin/gnu/H-x86_64-mingw32/bin/make --no-print-directory -C ../final_project_collector_v3_bsp/
[BSP build complete]
[final_project_collector_v3 build complete]
11:29:50 **** Incremental Build of configuration Nios II for project final_project_collector_v3 ****
make all 
Info: Building ../final_project_collector_v3_bsp/
C:/intelFPGA_lite/16.1/nios2eds/bin/gnu/H-x86_64-mingw32/bin/make --no-print-directory -C ../final_project_collector_v3_bsp/
[BSP build complete]
[final_project_collector_v3 build complete]
11:46:55 **** Build of configuration Nios II for project final_project_collector_v3 ****
make all 
Info: Building ../final_project_collector_v3_bsp/
C:/intelFPGA_lite/16.1/nios2eds/bin/gnu/H-x86_64-mingw32/bin/make --no-print-directory -C ../final_project_collector_v3_bsp/
[BSP build complete]
Info: Compiling main.c to obj/default/main.o
nios2-elf-gcc -xc -MP -MMD -c -I../final_project_collector_v3_bsp//HAL/inc -I../final_project_collector_v3_bsp/ -I../final_project_collector_v3_bsp//drivers/inc  -pipe -D__hal__ -DALT_NO_INSTRUCTION_EMULATION -DALT_SINGLE_THREADED    -O0 -g -Wall   -mno-hw-div -mhw-mul -mno-hw-mulx -mgpopt=global  -o obj/default/main.o main.c
main.c: In function 'print_array_v':
main.c:163:4: warning: implicit declaration of function 'alt_printf' [-Wimplicit-function-declaration]
    alt_printf("%x, ", (a[i] & 0xFF));
    ^
main.c: In function 'timer_int_handler':
main.c:203:12: warning: pointer targets in passing argument 1 of 'spi_comm' differ in signedness [-Wpointer-sign]
   spi_comm(test_input, test_output, 2, 0);
            ^
main.c:108:6: note: expected 'int8_t * {aka signed char *}' but argument is of type 'uint8_t * {aka unsigned char *}'
 void spi_comm (int8_t input[], int8_t output[], int in_length, int out_length)
      ^
main.c:203:24: warning: pointer targets in passing argument 2 of 'spi_comm' differ in signedness [-Wpointer-sign]
   spi_comm(test_input, test_output, 2, 0);
                        ^
main.c:108:6: note: expected 'int8_t * {aka signed char *}' but argument is of type 'uint8_t * {aka unsigned char *}'
 void spi_comm (int8_t input[], int8_t output[], int in_length, int out_length)
      ^
main.c:207:12: warning: pointer targets in passing argument 1 of 'spi_comm' differ in signedness [-Wpointer-sign]
   spi_comm(test_input, test_output, 1, 7);
            ^
main.c:108:6: note: expected 'int8_t * {aka signed char *}' but argument is of type 'uint8_t * {aka unsigned char *}'
 void spi_comm (int8_t input[], int8_t output[], int in_length, int out_length)
      ^
main.c:207:24: warning: pointer targets in passing argument 2 of 'spi_comm' differ in signedness [-Wpointer-sign]
   spi_comm(test_input, test_output, 1, 7);
                        ^
main.c:108:6: note: expected 'int8_t * {aka signed char *}' but argument is of type 'uint8_t * {aka unsigned char *}'
 void spi_comm (int8_t input[], int8_t output[], int in_length, int out_length)
      ^
main.c:215:12: warning: pointer targets in passing argument 1 of 'spi_comm' differ in signedness [-Wpointer-sign]
   spi_comm(test_input, test_output, 1, 19);
            ^
main.c:108:6: note: expected 'int8_t * {aka signed char *}' but argument is of type 'uint8_t * {aka unsigned char *}'
 void spi_comm (int8_t input[], int8_t output[], int in_length, int out_length)
      ^
main.c:215:24: warning: pointer targets in passing argument 2 of 'spi_comm' differ in signedness [-Wpointer-sign]
   spi_comm(test_input, test_output, 1, 19);
                        ^
main.c:108:6: note: expected 'int8_t * {aka signed char *}' but argument is of type 'uint8_t * {aka unsigned char *}'
 void spi_comm (int8_t input[], int8_t output[], int in_length, int out_length)
      ^
main.c:219:34: warning: suggest parentheses around '+' in operand of '&' [-Wparentheses]
   dig_P2 = (test_output[4] << 8) + (test_output[3])& 0xFFFF;
                                  ^
main.c:232:12: warning: pointer targets in passing argument 1 of 'spi_comm' differ in signedness [-Wpointer-sign]
   spi_comm(test_input, test_output, 1, 2);
            ^
main.c:108:6: note: expected 'int8_t * {aka signed char *}' but argument is of type 'uint8_t * {aka unsigned char *}'
 void spi_comm (int8_t input[], int8_t output[], int in_length, int out_length)
      ^
main.c:232:24: warning: pointer targets in passing argument 2 of 'spi_comm' differ in signedness [-Wpointer-sign]
   spi_comm(test_input, test_output, 1, 2);
                        ^
main.c:108:6: note: expected 'int8_t * {aka signed char *}' but argument is of type 'uint8_t * {aka unsigned char *}'
 void spi_comm (int8_t input[], int8_t output[], int in_length, int out_length)
      ^
main.c:237:12: warning: pointer targets in passing argument 1 of 'spi_comm' differ in signedness [-Wpointer-sign]
   spi_comm(test_input, test_output, 1, 8);
            ^
main.c:108:6: note: expected 'int8_t * {aka signed char *}' but argument is of type 'uint8_t * {aka unsigned char *}'
 void spi_comm (int8_t input[], int8_t output[], int in_length, int out_length)
      ^
main.c:237:24: warning: pointer targets in passing argument 2 of 'spi_comm' differ in signedness [-Wpointer-sign]
   spi_comm(test_input, test_output, 1, 8);
                        ^
main.c:108:6: note: expected 'int8_t * {aka signed char *}' but argument is of type 'uint8_t * {aka unsigned char *}'
 void spi_comm (int8_t input[], int8_t output[], int in_length, int out_length)
      ^
main.c:240:34: warning: suggest parentheses around '+' in operand of '&' [-Wparentheses]
   dig_H2 = (test_output[2] << 8) + (test_output[1])& 0xFFFF;
                                  ^
main.c:242:34: warning: suggest parentheses around '+' in operand of '&' [-Wparentheses]
   dig_H4 = (test_output[4] << 4) + (test_output[5] & 0x0F)& 0xFFF;
                                  ^
main.c:243:34: warning: suggest parentheses around '+' in operand of '&' [-Wparentheses]
   dig_H5 = (test_output[6] << 4) + (test_output[5] & 0xF0)& 0xFFF;
                                  ^
main.c:253:12: warning: pointer targets in passing argument 1 of 'spi_comm' differ in signedness [-Wpointer-sign]
   spi_comm(test_input, test_output, 1, 9);
            ^
main.c:108:6: note: expected 'int8_t * {aka signed char *}' but argument is of type 'uint8_t * {aka unsigned char *}'
 void spi_comm (int8_t input[], int8_t output[], int in_length, int out_length)
      ^
main.c:253:24: warning: pointer targets in passing argument 2 of 'spi_comm' differ in signedness [-Wpointer-sign]
   spi_comm(test_input, test_output, 1, 9);
                        ^
main.c:108:6: note: expected 'int8_t * {aka signed char *}' but argument is of type 'uint8_t * {aka unsigned char *}'
 void spi_comm (int8_t input[], int8_t output[], int in_length, int out_length)
      ^
main.c:254:17: warning: pointer targets in passing argument 1 of 'print_array_v' differ in signedness [-Wpointer-sign]
   print_array_v(test_output, 9);
                 ^
main.c:157:6: note: expected 'int8_t * {aka signed char *}' but argument is of type 'uint8_t * {aka unsigned char *}'
 void print_array_v (int8_t a[], int size)
      ^
main.c:273:24: error: 'test_ouput' undeclared (first use in this function)
   spi_comm(test_input, test_ouput, 13, 0);
                        ^
main.c:273:24: note: each undeclared identifier is reported only once for each function it appears in
main.c:273:12: warning: pointer targets in passing argument 1 of 'spi_comm' differ in signedness [-Wpointer-sign]
   spi_comm(test_input, test_ouput, 13, 0);
            ^
main.c:108:6: note: expected 'int8_t * {aka signed char *}' but argument is of type 'uint8_t * {aka unsigned char *}'
 void spi_comm (int8_t input[], int8_t output[], int in_length, int out_length)
      ^
main.c: In function 'pio_init':
main.c:287:2: warning: implicit declaration of function 'alt_irq_register' [-Wimplicit-function-declaration]
  alt_irq_register(TIMER_0_IRQ, TIMER_0_BASE, timer_int_handler);
  ^
main.c: In function 'main':
main.c:308:11: warning: pointer targets in passing argument 1 of 'spi_comm' differ in signedness [-Wpointer-sign]
  spi_comm(test_input, test_output, 2, 0);
           ^
main.c:108:6: note: expected 'int8_t * {aka signed char *}' but argument is of type 'uint8_t * {aka unsigned char *}'
 void spi_comm (int8_t input[], int8_t output[], int in_length, int out_length)
      ^
main.c:308:23: warning: pointer targets in passing argument 2 of 'spi_comm' differ in signedness [-Wpointer-sign]
  spi_comm(test_input, test_output, 2, 0);
                       ^
main.c:108:6: note: expected 'int8_t * {aka signed char *}' but argument is of type 'uint8_t * {aka unsigned char *}'
 void spi_comm (int8_t input[], int8_t output[], int in_length, int out_length)
      ^
main.c:314:11: warning: pointer targets in passing argument 1 of 'spi_comm' differ in signedness [-Wpointer-sign]
  spi_comm(test_input, test_output, 2, 0);
           ^
main.c:108:6: note: expected 'int8_t * {aka signed char *}' but argument is of type 'uint8_t * {aka unsigned char *}'
 void spi_comm (int8_t input[], int8_t output[], int in_length, int out_length)
      ^
main.c:314:23: warning: pointer targets in passing argument 2 of 'spi_comm' differ in signedness [-Wpointer-sign]
  spi_comm(test_input, test_output, 2, 0);
                       ^
main.c:108:6: note: expected 'int8_t * {aka signed char *}' but argument is of type 'uint8_t * {aka unsigned char *}'
 void spi_comm (int8_t input[], int8_t output[], int in_length, int out_length)
      ^
make: *** [obj/default/main.o] Error 1
11:46:58 **** Incremental Build of configuration Nios II for project final_project_collector_v3 ****
make all 
Info: Building ../final_project_collector_v3_bsp/
C:/intelFPGA_lite/16.1/nios2eds/bin/gnu/H-x86_64-mingw32/bin/make --no-print-directory -C ../final_project_collector_v3_bsp/
[BSP build complete]
Info: Compiling main.c to obj/default/main.o
nios2-elf-gcc -xc -MP -MMD -c -I../final_project_collector_v3_bsp//HAL/inc -I../final_project_collector_v3_bsp/ -I../final_project_collector_v3_bsp//drivers/inc  -pipe -D__hal__ -DALT_NO_INSTRUCTION_EMULATION -DALT_SINGLE_THREADED    -O0 -g -Wall   -mno-hw-div -mhw-mul -mno-hw-mulx -mgpopt=global  -o obj/default/main.o main.c
main.c: In function 'print_array_v':
main.c:163:4: warning: implicit declaration of function 'alt_printf' [-Wimplicit-function-declaration]
    alt_printf("%x, ", (a[i] & 0xFF));
    ^
main.c: In function 'timer_int_handler':
main.c:203:12: warning: pointer targets in passing argument 1 of 'spi_comm' differ in signedness [-Wpointer-sign]
   spi_comm(test_input, test_output, 2, 0);
            ^
main.c:108:6: note: expected 'int8_t * {aka signed char *}' but argument is of type 'uint8_t * {aka unsigned char *}'
 void spi_comm (int8_t input[], int8_t output[], int in_length, int out_length)
      ^
main.c:203:24: warning: pointer targets in passing argument 2 of 'spi_comm' differ in signedness [-Wpointer-sign]
   spi_comm(test_input, test_output, 2, 0);
                        ^
main.c:108:6: note: expected 'int8_t * {aka signed char *}' but argument is of type 'uint8_t * {aka unsigned char *}'
 void spi_comm (int8_t input[], int8_t output[], int in_length, int out_length)
      ^
main.c:207:12: warning: pointer targets in passing argument 1 of 'spi_comm' differ in signedness [-Wpointer-sign]
   spi_comm(test_input, test_output, 1, 7);
            ^
main.c:108:6: note: expected 'int8_t * {aka signed char *}' but argument is of type 'uint8_t * {aka unsigned char *}'
 void spi_comm (int8_t input[], int8_t output[], int in_length, int out_length)
      ^
main.c:207:24: warning: pointer targets in passing argument 2 of 'spi_comm' differ in signedness [-Wpointer-sign]
   spi_comm(test_input, test_output, 1, 7);
                        ^
main.c:108:6: note: expected 'int8_t * {aka signed char *}' but argument is of type 'uint8_t * {aka unsigned char *}'
 void spi_comm (int8_t input[], int8_t output[], int in_length, int out_length)
      ^
main.c:215:12: warning: pointer targets in passing argument 1 of 'spi_comm' differ in signedness [-Wpointer-sign]
   spi_comm(test_input, test_output, 1, 19);
            ^
main.c:108:6: note: expected 'int8_t * {aka signed char *}' but argument is of type 'uint8_t * {aka unsigned char *}'
 void spi_comm (int8_t input[], int8_t output[], int in_length, int out_length)
      ^
main.c:215:24: warning: pointer targets in passing argument 2 of 'spi_comm' differ in signedness [-Wpointer-sign]
   spi_comm(test_input, test_output, 1, 19);
                        ^
main.c:108:6: note: expected 'int8_t * {aka signed char *}' but argument is of type 'uint8_t * {aka unsigned char *}'
 void spi_comm (int8_t input[], int8_t output[], int in_length, int out_length)
      ^
main.c:219:34: warning: suggest parentheses around '+' in operand of '&' [-Wparentheses]
   dig_P2 = (test_output[4] << 8) + (test_output[3])& 0xFFFF;
                                  ^
main.c:232:12: warning: pointer targets in passing argument 1 of 'spi_comm' differ in signedness [-Wpointer-sign]
   spi_comm(test_input, test_output, 1, 2);
            ^
main.c:108:6: note: expected 'int8_t * {aka signed char *}' but argument is of type 'uint8_t * {aka unsigned char *}'
 void spi_comm (int8_t input[], int8_t output[], int in_length, int out_length)
      ^
main.c:232:24: warning: pointer targets in passing argument 2 of 'spi_comm' differ in signedness [-Wpointer-sign]
   spi_comm(test_input, test_output, 1, 2);
                        ^
main.c:108:6: note: expected 'int8_t * {aka signed char *}' but argument is of type 'uint8_t * {aka unsigned char *}'
 void spi_comm (int8_t input[], int8_t output[], int in_length, int out_length)
      ^
main.c:237:12: warning: pointer targets in passing argument 1 of 'spi_comm' differ in signedness [-Wpointer-sign]
   spi_comm(test_input, test_output, 1, 8);
            ^
main.c:108:6: note: expected 'int8_t * {aka signed char *}' but argument is of type 'uint8_t * {aka unsigned char *}'
 void spi_comm (int8_t input[], int8_t output[], int in_length, int out_length)
      ^
main.c:237:24: warning: pointer targets in passing argument 2 of 'spi_comm' differ in signedness [-Wpointer-sign]
   spi_comm(test_input, test_output, 1, 8);
                        ^
main.c:108:6: note: expected 'int8_t * {aka signed char *}' but argument is of type 'uint8_t * {aka unsigned char *}'
 void spi_comm (int8_t input[], int8_t output[], int in_length, int out_length)
      ^
main.c:240:34: warning: suggest parentheses around '+' in operand of '&' [-Wparentheses]
   dig_H2 = (test_output[2] << 8) + (test_output[1])& 0xFFFF;
                                  ^
main.c:242:34: warning: suggest parentheses around '+' in operand of '&' [-Wparentheses]
   dig_H4 = (test_output[4] << 4) + (test_output[5] & 0x0F)& 0xFFF;
                                  ^
main.c:243:34: warning: suggest parentheses around '+' in operand of '&' [-Wparentheses]
   dig_H5 = (test_output[6] << 4) + (test_output[5] & 0xF0)& 0xFFF;
                                  ^
main.c:253:12: warning: pointer targets in passing argument 1 of 'spi_comm' differ in signedness [-Wpointer-sign]
   spi_comm(test_input, test_output, 1, 9);
            ^
main.c:108:6: note: expected 'int8_t * {aka signed char *}' but argument is of type 'uint8_t * {aka unsigned char *}'
 void spi_comm (int8_t input[], int8_t output[], int in_length, int out_length)
      ^
main.c:253:24: warning: pointer targets in passing argument 2 of 'spi_comm' differ in signedness [-Wpointer-sign]
   spi_comm(test_input, test_output, 1, 9);
                        ^
main.c:108:6: note: expected 'int8_t * {aka signed char *}' but argument is of type 'uint8_t * {aka unsigned char *}'
 void spi_comm (int8_t input[], int8_t output[], int in_length, int out_length)
      ^
main.c:254:17: warning: pointer targets in passing argument 1 of 'print_array_v' differ in signedness [-Wpointer-sign]
   print_array_v(test_output, 9);
                 ^
main.c:157:6: note: expected 'int8_t * {aka signed char *}' but argument is of type 'uint8_t * {aka unsigned char *}'
 void print_array_v (int8_t a[], int size)
      ^
main.c:273:24: error: 'test_ouput' undeclared (first use in this function)
   spi_comm(test_input, test_ouput, 13, 0);
                        ^
main.c:273:24: note: each undeclared identifier is reported only once for each function it appears in
main.c:273:12: warning: pointer targets in passing argument 1 of 'spi_comm' differ in signedness [-Wpointer-sign]
   spi_comm(test_input, test_ouput, 13, 0);
            ^
main.c:108:6: note: expected 'int8_t * {aka signed char *}' but argument is of type 'uint8_t * {aka unsigned char *}'
 void spi_comm (int8_t input[], int8_t output[], int in_length, int out_length)
      ^
main.c: In function 'pio_init':
main.c:287:2: warning: implicit declaration of function 'alt_irq_register' [-Wimplicit-function-declaration]
  alt_irq_register(TIMER_0_IRQ, TIMER_0_BASE, timer_int_handler);
  ^
main.c: In function 'main':
main.c:308:11: warning: pointer targets in passing argument 1 of 'spi_comm' differ in signedness [-Wpointer-sign]
  spi_comm(test_input, test_output, 2, 0);
           ^
main.c:108:6: note: expected 'int8_t * {aka signed char *}' but argument is of type 'uint8_t * {aka unsigned char *}'
 void spi_comm (int8_t input[], int8_t output[], int in_length, int out_length)
      ^
main.c:308:23: warning: pointer targets in passing argument 2 of 'spi_comm' differ in signedness [-Wpointer-sign]
  spi_comm(test_input, test_output, 2, 0);
                       ^
main.c:108:6: note: expected 'int8_t * {aka signed char *}' but argument is of type 'uint8_t * {aka unsigned char *}'
 void spi_comm (int8_t input[], int8_t output[], int in_length, int out_length)
      ^
main.c:314:11: warning: pointer targets in passing argument 1 of 'spi_comm' differ in signedness [-Wpointer-sign]
  spi_comm(test_input, test_output, 2, 0);
           ^
main.c:108:6: note: expected 'int8_t * {aka signed char *}' but argument is of type 'uint8_t * {aka unsigned char *}'
 void spi_comm (int8_t input[], int8_t output[], int in_length, int out_length)
      ^
main.c:314:23: warning: pointer targets in passing argument 2 of 'spi_comm' differ in signedness [-Wpointer-sign]
  spi_comm(test_input, test_output, 2, 0);
                       ^
main.c:108:6: note: expected 'int8_t * {aka signed char *}' but argument is of type 'uint8_t * {aka unsigned char *}'
 void spi_comm (int8_t input[], int8_t output[], int in_length, int out_length)
      ^
make: *** [obj/default/main.o] Error 1
11:48:39 **** Build of configuration Nios II for project final_project_collector_v3 ****
make all 
Info: Building ../final_project_collector_v3_bsp/
C:/intelFPGA_lite/16.1/nios2eds/bin/gnu/H-x86_64-mingw32/bin/make --no-print-directory -C ../final_project_collector_v3_bsp/
[BSP build complete]
Info: Compiling main.c to obj/default/main.o
nios2-elf-gcc -xc -MP -MMD -c -I../final_project_collector_v3_bsp//HAL/inc -I../final_project_collector_v3_bsp/ -I../final_project_collector_v3_bsp//drivers/inc  -pipe -D__hal__ -DALT_NO_INSTRUCTION_EMULATION -DALT_SINGLE_THREADED    -O0 -g -Wall   -mno-hw-div -mhw-mul -mno-hw-mulx -mgpopt=global  -o obj/default/main.o main.c
main.c: In function 'print_array_v':
main.c:163:4: warning: implicit declaration of function 'alt_printf' [-Wimplicit-function-declaration]
    alt_printf("%x, ", (a[i] & 0xFF));
    ^
main.c: In function 'timer_int_handler':
main.c:219:34: warning: suggest parentheses around '+' in operand of '&' [-Wparentheses]
   dig_P2 = (test_output[4] << 8) + (test_output[3])& 0xFFFF;
                                  ^
main.c:240:34: warning: suggest parentheses around '+' in operand of '&' [-Wparentheses]
   dig_H2 = (test_output[2] << 8) + (test_output[1])& 0xFFFF;
                                  ^
main.c:242:34: warning: suggest parentheses around '+' in operand of '&' [-Wparentheses]
   dig_H4 = (test_output[4] << 4) + (test_output[5] & 0x0F)& 0xFFF;
                                  ^
main.c:243:34: warning: suggest parentheses around '+' in operand of '&' [-Wparentheses]
   dig_H5 = (test_output[6] << 4) + (test_output[5] & 0xF0)& 0xFFF;
                                  ^
main.c:254:17: warning: pointer targets in passing argument 1 of 'print_array_v' differ in signedness [-Wpointer-sign]
   print_array_v(test_output, 9);
                 ^
main.c:157:6: note: expected 'int8_t * {aka signed char *}' but argument is of type 'uint8_t * {aka unsigned char *}'
 void print_array_v (int8_t a[], int size)
      ^
main.c: In function 'pio_init':
main.c:287:2: warning: implicit declaration of function 'alt_irq_register' [-Wimplicit-function-declaration]
  alt_irq_register(TIMER_0_IRQ, TIMER_0_BASE, timer_int_handler);
  ^
Info: Linking final_project_collector_v3.elf
nios2-elf-g++  -T'../final_project_collector_v3_bsp//linker.x' -msys-crt0='../final_project_collector_v3_bsp//obj/HAL/src/crt0.o' -msys-lib=hal_bsp -L../final_project_collector_v3_bsp/   -Wl,-Map=final_project_collector_v3.map   -O0 -g -Wall   -mno-hw-div -mhw-mul -mno-hw-mulx -mgpopt=global  -o final_project_collector_v3.elf obj/default/main.o -lm -msys-lib=m
nios2-elf-insert final_project_collector_v3.elf --thread_model hal --cpu_name nios2_gen2_0 --qsys true --simulation_enabled false --id 0 --sidp 0x2130 --timestamp 1638731574 --stderr_dev jtag_uart_0 --stdin_dev jtag_uart_0 --stdout_dev jtag_uart_0 --sopc_system_name nios_system --quartus_project_dir "C:/Users/Daniel/Desktop/ece178/greenhouse-monitoring-system-FPGA/data_collector_system" --jdi ../..//output_files/final_project.jdi --sopcinfo C:/Users/Daniel/Desktop/ece178/greenhouse-monitoring-system-FPGA/data_collector_system/software/final_project_collector_v3_bsp/../../nios_system.sopcinfo
Info: (final_project_collector_v3.elf) 78 KBytes program size (code + initialized data).
Info:                                  16298 KBytes free for stack + heap.
Info: Creating final_project_collector_v3.objdump
nios2-elf-objdump --disassemble --syms --all-header --source final_project_collector_v3.elf >final_project_collector_v3.objdump
[final_project_collector_v3 build complete]
11:48:44 **** Incremental Build of configuration Nios II for project final_project_collector_v3 ****
make all 
Info: Building ../final_project_collector_v3_bsp/
C:/intelFPGA_lite/16.1/nios2eds/bin/gnu/H-x86_64-mingw32/bin/make --no-print-directory -C ../final_project_collector_v3_bsp/
[BSP build complete]
[final_project_collector_v3 build complete]
12:10:28 **** Build of configuration Nios II for project final_project_collector_v3 ****
make all 
Info: Building ../final_project_collector_v3_bsp/
C:/intelFPGA_lite/16.1/nios2eds/bin/gnu/H-x86_64-mingw32/bin/make --no-print-directory -C ../final_project_collector_v3_bsp/
[BSP build complete]
Info: Compiling main.c to obj/default/main.o
nios2-elf-gcc -xc -MP -MMD -c -I../final_project_collector_v3_bsp//HAL/inc -I../final_project_collector_v3_bsp/ -I../final_project_collector_v3_bsp//drivers/inc  -pipe -D__hal__ -DALT_NO_INSTRUCTION_EMULATION -DALT_SINGLE_THREADED    -O0 -g -Wall   -mno-hw-div -mhw-mul -mno-hw-mulx -mgpopt=global  -o obj/default/main.o main.c
main.c: In function 'print_array_v':
main.c:163:4: warning: implicit declaration of function 'alt_printf' [-Wimplicit-function-declaration]
    alt_printf("%x, ", (a[i] & 0xFF));
    ^
main.c: In function 'timer_int_handler':
main.c:219:34: warning: suggest parentheses around '+' in operand of '&' [-Wparentheses]
   dig_P2 = (test_output[4] << 8) + (test_output[3])& 0xFFFF;
                                  ^
main.c:240:34: warning: suggest parentheses around '+' in operand of '&' [-Wparentheses]
   dig_H2 = (test_output[2] << 8) + (test_output[1])& 0xFFFF;
                                  ^
main.c:242:34: warning: suggest parentheses around '+' in operand of '&' [-Wparentheses]
   dig_H4 = (test_output[4] << 4) + (test_output[5] & 0x0F)& 0xFFF;
                                  ^
main.c:243:34: warning: suggest parentheses around '+' in operand of '&' [-Wparentheses]
   dig_H5 = (test_output[6] << 4) + (test_output[5] & 0xF0)& 0xFFF;
                                  ^
main.c:254:17: warning: pointer targets in passing argument 1 of 'print_array_v' differ in signedness [-Wpointer-sign]
   print_array_v(test_output, 9);
                 ^
main.c:157:6: note: expected 'int8_t * {aka signed char *}' but argument is of type 'uint8_t * {aka unsigned char *}'
 void print_array_v (int8_t a[], int size)
      ^
main.c: In function 'pio_init':
main.c:287:2: warning: implicit declaration of function 'alt_irq_register' [-Wimplicit-function-declaration]
  alt_irq_register(TIMER_0_IRQ, TIMER_0_BASE, timer_int_handler);
  ^
Info: Linking final_project_collector_v3.elf
nios2-elf-g++  -T'../final_project_collector_v3_bsp//linker.x' -msys-crt0='../final_project_collector_v3_bsp//obj/HAL/src/crt0.o' -msys-lib=hal_bsp -L../final_project_collector_v3_bsp/   -Wl,-Map=final_project_collector_v3.map   -O0 -g -Wall   -mno-hw-div -mhw-mul -mno-hw-mulx -mgpopt=global  -o final_project_collector_v3.elf obj/default/main.o -lm -msys-lib=m
nios2-elf-insert final_project_collector_v3.elf --thread_model hal --cpu_name nios2_gen2_0 --qsys true --simulation_enabled false --id 0 --sidp 0x2130 --timestamp 1638731574 --stderr_dev jtag_uart_0 --stdin_dev jtag_uart_0 --stdout_dev jtag_uart_0 --sopc_system_name nios_system --quartus_project_dir "C:/Users/Daniel/Desktop/ece178/greenhouse-monitoring-system-FPGA/data_collector_system" --jdi ../..//output_files/final_project.jdi --sopcinfo C:/Users/Daniel/Desktop/ece178/greenhouse-monitoring-system-FPGA/data_collector_system/software/final_project_collector_v3_bsp/../../nios_system.sopcinfo
Info: (final_project_collector_v3.elf) 78 KBytes program size (code + initialized data).
Info:                                  16298 KBytes free for stack + heap.
Info: Creating final_project_collector_v3.objdump
nios2-elf-objdump --disassemble --syms --all-header --source final_project_collector_v3.elf >final_project_collector_v3.objdump
[final_project_collector_v3 build complete]
12:10:33 **** Incremental Build of configuration Nios II for project final_project_collector_v3 ****
make all 
Info: Building ../final_project_collector_v3_bsp/
C:/intelFPGA_lite/16.1/nios2eds/bin/gnu/H-x86_64-mingw32/bin/make --no-print-directory -C ../final_project_collector_v3_bsp/
[BSP build complete]
[final_project_collector_v3 build complete]
12:30:07 **** Build of configuration Nios II for project final_project_collector_v3 ****
make all 
Info: Building ../final_project_collector_v3_bsp/
C:/intelFPGA_lite/16.1/nios2eds/bin/gnu/H-x86_64-mingw32/bin/make --no-print-directory -C ../final_project_collector_v3_bsp/
[BSP build complete]
Info: Compiling main.c to obj/default/main.o
nios2-elf-gcc -xc -MP -MMD -c -I../final_project_collector_v3_bsp//HAL/inc -I../final_project_collector_v3_bsp/ -I../final_project_collector_v3_bsp//drivers/inc  -pipe -D__hal__ -DALT_NO_INSTRUCTION_EMULATION -DALT_SINGLE_THREADED    -O0 -g -Wall   -mno-hw-div -mhw-mul -mno-hw-mulx -mgpopt=global  -o obj/default/main.o main.c
main.c: In function 'print_array_v':
main.c:163:4: warning: implicit declaration of function 'alt_printf' [-Wimplicit-function-declaration]
    alt_printf("%x, ", (a[i] & 0xFF));
    ^
main.c: In function 'timer_int_handler':
main.c:219:34: warning: suggest parentheses around '+' in operand of '&' [-Wparentheses]
   dig_P2 = (test_output[4] << 8) + (test_output[3])& 0xFFFF;
                                  ^
main.c:240:34: warning: suggest parentheses around '+' in operand of '&' [-Wparentheses]
   dig_H2 = (test_output[2] << 8) + (test_output[1])& 0xFFFF;
                                  ^
main.c:242:34: warning: suggest parentheses around '+' in operand of '&' [-Wparentheses]
   dig_H4 = (test_output[4] << 4) + (test_output[5] & 0x0F)& 0xFFF;
                                  ^
main.c:243:34: warning: suggest parentheses around '+' in operand of '&' [-Wparentheses]
   dig_H5 = (test_output[6] << 4) + (test_output[5] & 0xF0)& 0xFFF;
                                  ^
main.c:255:17: warning: pointer targets in passing argument 1 of 'print_array_v' differ in signedness [-Wpointer-sign]
   print_array_v(test_output, 9);
                 ^
main.c:157:6: note: expected 'int8_t * {aka signed char *}' but argument is of type 'uint8_t * {aka unsigned char *}'
 void print_array_v (int8_t a[], int size)
      ^
main.c: In function 'pio_init':
main.c:303:2: warning: implicit declaration of function 'alt_irq_register' [-Wimplicit-function-declaration]
  alt_irq_register(TIMER_0_IRQ, TIMER_0_BASE, timer_int_handler);
  ^
Info: Linking final_project_collector_v3.elf
nios2-elf-g++  -T'../final_project_collector_v3_bsp//linker.x' -msys-crt0='../final_project_collector_v3_bsp//obj/HAL/src/crt0.o' -msys-lib=hal_bsp -L../final_project_collector_v3_bsp/   -Wl,-Map=final_project_collector_v3.map   -O0 -g -Wall   -mno-hw-div -mhw-mul -mno-hw-mulx -mgpopt=global  -o final_project_collector_v3.elf obj/default/main.o -lm -msys-lib=m
nios2-elf-insert final_project_collector_v3.elf --thread_model hal --cpu_name nios2_gen2_0 --qsys true --simulation_enabled false --id 0 --sidp 0x2130 --timestamp 1638731574 --stderr_dev jtag_uart_0 --stdin_dev jtag_uart_0 --stdout_dev jtag_uart_0 --sopc_system_name nios_system --quartus_project_dir "C:/Users/Daniel/Desktop/ece178/greenhouse-monitoring-system-FPGA/data_collector_system" --jdi ../..//output_files/final_project.jdi --sopcinfo C:/Users/Daniel/Desktop/ece178/greenhouse-monitoring-system-FPGA/data_collector_system/software/final_project_collector_v3_bsp/../../nios_system.sopcinfo
Info: (final_project_collector_v3.elf) 78 KBytes program size (code + initialized data).
Info:                                  16298 KBytes free for stack + heap.
Info: Creating final_project_collector_v3.objdump
nios2-elf-objdump --disassemble --syms --all-header --source final_project_collector_v3.elf >final_project_collector_v3.objdump
[final_project_collector_v3 build complete]
12:30:12 **** Incremental Build of configuration Nios II for project final_project_collector_v3 ****
make all 
Info: Building ../final_project_collector_v3_bsp/
C:/intelFPGA_lite/16.1/nios2eds/bin/gnu/H-x86_64-mingw32/bin/make --no-print-directory -C ../final_project_collector_v3_bsp/
[BSP build complete]
[final_project_collector_v3 build complete]
12:43:38 **** Build of configuration Nios II for project final_project_collector_v3 ****
make all 
Info: Building ../final_project_collector_v3_bsp/
C:/intelFPGA_lite/16.1/nios2eds/bin/gnu/H-x86_64-mingw32/bin/make --no-print-directory -C ../final_project_collector_v3_bsp/
[BSP build complete]
Info: Compiling main.c to obj/default/main.o
nios2-elf-gcc -xc -MP -MMD -c -I../final_project_collector_v3_bsp//HAL/inc -I../final_project_collector_v3_bsp/ -I../final_project_collector_v3_bsp//drivers/inc  -pipe -D__hal__ -DALT_NO_INSTRUCTION_EMULATION -DALT_SINGLE_THREADED    -O0 -g -Wall   -mno-hw-div -mhw-mul -mno-hw-mulx -mgpopt=global  -o obj/default/main.o main.c
main.c: In function 'print_array_v':
main.c:163:4: warning: implicit declaration of function 'alt_printf' [-Wimplicit-function-declaration]
    alt_printf("%x, ", (a[i] & 0xFF));
    ^
main.c: In function 'timer_int_handler':
main.c:219:34: warning: suggest parentheses around '+' in operand of '&' [-Wparentheses]
   dig_P2 = (test_output[4] << 8) + (test_output[3])& 0xFFFF;
                                  ^
main.c:240:34: warning: suggest parentheses around '+' in operand of '&' [-Wparentheses]
   dig_H2 = (test_output[2] << 8) + (test_output[1])& 0xFFFF;
                                  ^
main.c:242:34: warning: suggest parentheses around '+' in operand of '&' [-Wparentheses]
   dig_H4 = (test_output[4] << 4) + (test_output[5] & 0x0F)& 0xFFF;
                                  ^
main.c:243:34: warning: suggest parentheses around '+' in operand of '&' [-Wparentheses]
   dig_H5 = (test_output[6] << 4) + (test_output[5] & 0xF0)& 0xFFF;
                                  ^
main.c:266:17: warning: pointer targets in passing argument 1 of 'print_array_v' differ in signedness [-Wpointer-sign]
   print_array_v(test_output, 9);
                 ^
main.c:157:6: note: expected 'int8_t * {aka signed char *}' but argument is of type 'uint8_t * {aka unsigned char *}'
 void print_array_v (int8_t a[], int size)
      ^
main.c: In function 'pio_init':
main.c:313:2: warning: implicit declaration of function 'alt_irq_register' [-Wimplicit-function-declaration]
  alt_irq_register(TIMER_0_IRQ, TIMER_0_BASE, timer_int_handler);
  ^
Info: Linking final_project_collector_v3.elf
nios2-elf-g++  -T'../final_project_collector_v3_bsp//linker.x' -msys-crt0='../final_project_collector_v3_bsp//obj/HAL/src/crt0.o' -msys-lib=hal_bsp -L../final_project_collector_v3_bsp/   -Wl,-Map=final_project_collector_v3.map   -O0 -g -Wall   -mno-hw-div -mhw-mul -mno-hw-mulx -mgpopt=global  -o final_project_collector_v3.elf obj/default/main.o -lm -msys-lib=m
nios2-elf-insert final_project_collector_v3.elf --thread_model hal --cpu_name nios2_gen2_0 --qsys true --simulation_enabled false --id 0 --sidp 0x2130 --timestamp 1638731574 --stderr_dev jtag_uart_0 --stdin_dev jtag_uart_0 --stdout_dev jtag_uart_0 --sopc_system_name nios_system --quartus_project_dir "C:/Users/Daniel/Desktop/ece178/greenhouse-monitoring-system-FPGA/data_collector_system" --jdi ../..//output_files/final_project.jdi --sopcinfo C:/Users/Daniel/Desktop/ece178/greenhouse-monitoring-system-FPGA/data_collector_system/software/final_project_collector_v3_bsp/../../nios_system.sopcinfo
Info: (final_project_collector_v3.elf) 78 KBytes program size (code + initialized data).
Info:                                  16298 KBytes free for stack + heap.
Info: Creating final_project_collector_v3.objdump
nios2-elf-objdump --disassemble --syms --all-header --source final_project_collector_v3.elf >final_project_collector_v3.objdump
[final_project_collector_v3 build complete]
12:43:43 **** Incremental Build of configuration Nios II for project final_project_collector_v3 ****
make all 
Info: Building ../final_project_collector_v3_bsp/
C:/intelFPGA_lite/16.1/nios2eds/bin/gnu/H-x86_64-mingw32/bin/make --no-print-directory -C ../final_project_collector_v3_bsp/
[BSP build complete]
[final_project_collector_v3 build complete]
12:50:45 **** Build of configuration Nios II for project final_project_collector_v3 ****
make all 
Info: Building ../final_project_collector_v3_bsp/
C:/intelFPGA_lite/16.1/nios2eds/bin/gnu/H-x86_64-mingw32/bin/make --no-print-directory -C ../final_project_collector_v3_bsp/
[BSP build complete]
Info: Compiling main.c to obj/default/main.o
nios2-elf-gcc -xc -MP -MMD -c -I../final_project_collector_v3_bsp//HAL/inc -I../final_project_collector_v3_bsp/ -I../final_project_collector_v3_bsp//drivers/inc  -pipe -D__hal__ -DALT_NO_INSTRUCTION_EMULATION -DALT_SINGLE_THREADED    -O0 -g -Wall   -mno-hw-div -mhw-mul -mno-hw-mulx -mgpopt=global  -o obj/default/main.o main.c
main.c: In function 'print_array_v':
main.c:163:4: warning: implicit declaration of function 'alt_printf' [-Wimplicit-function-declaration]
    alt_printf("%x, ", (a[i] & 0xFF));
    ^
main.c: In function 'timer_int_handler':
main.c:219:34: warning: suggest parentheses around '+' in operand of '&' [-Wparentheses]
   dig_P2 = (test_output[4] << 8) + (test_output[3])& 0xFFFF;
                                  ^
main.c:240:34: warning: suggest parentheses around '+' in operand of '&' [-Wparentheses]
   dig_H2 = (test_output[2] << 8) + (test_output[1])& 0xFFFF;
                                  ^
main.c:242:34: warning: suggest parentheses around '+' in operand of '&' [-Wparentheses]
   dig_H4 = (test_output[4] << 4) + (test_output[5] & 0x0F)& 0xFFF;
                                  ^
main.c:243:34: warning: suggest parentheses around '+' in operand of '&' [-Wparentheses]
   dig_H5 = (test_output[6] << 4) + (test_output[5] & 0xF0)& 0xFFF;
                                  ^
main.c:266:17: warning: pointer targets in passing argument 1 of 'print_array_v' differ in signedness [-Wpointer-sign]
   print_array_v(test_output, 9);
                 ^
main.c:157:6: note: expected 'int8_t * {aka signed char *}' but argument is of type 'uint8_t * {aka unsigned char *}'
 void print_array_v (int8_t a[], int size)
      ^
main.c: In function 'pio_init':
main.c:313:2: warning: implicit declaration of function 'alt_irq_register' [-Wimplicit-function-declaration]
  alt_irq_register(TIMER_0_IRQ, TIMER_0_BASE, timer_int_handler);
  ^
Info: Linking final_project_collector_v3.elf
nios2-elf-g++  -T'../final_project_collector_v3_bsp//linker.x' -msys-crt0='../final_project_collector_v3_bsp//obj/HAL/src/crt0.o' -msys-lib=hal_bsp -L../final_project_collector_v3_bsp/   -Wl,-Map=final_project_collector_v3.map   -O0 -g -Wall   -mno-hw-div -mhw-mul -mno-hw-mulx -mgpopt=global  -o final_project_collector_v3.elf obj/default/main.o -lm -msys-lib=m
nios2-elf-insert final_project_collector_v3.elf --thread_model hal --cpu_name nios2_gen2_0 --qsys true --simulation_enabled false --id 0 --sidp 0x2130 --timestamp 1638731574 --stderr_dev jtag_uart_0 --stdin_dev jtag_uart_0 --stdout_dev jtag_uart_0 --sopc_system_name nios_system --quartus_project_dir "C:/Users/Daniel/Desktop/ece178/greenhouse-monitoring-system-FPGA/data_collector_system" --jdi ../..//output_files/final_project.jdi --sopcinfo C:/Users/Daniel/Desktop/ece178/greenhouse-monitoring-system-FPGA/data_collector_system/software/final_project_collector_v3_bsp/../../nios_system.sopcinfo
Info: (final_project_collector_v3.elf) 78 KBytes program size (code + initialized data).
Info:                                  16298 KBytes free for stack + heap.
Info: Creating final_project_collector_v3.objdump
nios2-elf-objdump --disassemble --syms --all-header --source final_project_collector_v3.elf >final_project_collector_v3.objdump
[final_project_collector_v3 build complete]
12:50:49 **** Incremental Build of configuration Nios II for project final_project_collector_v3 ****
make all 
Info: Building ../final_project_collector_v3_bsp/
C:/intelFPGA_lite/16.1/nios2eds/bin/gnu/H-x86_64-mingw32/bin/make --no-print-directory -C ../final_project_collector_v3_bsp/
[BSP build complete]
[final_project_collector_v3 build complete]
12:59:18 **** Build of configuration Nios II for project final_project_collector_v3 ****
make all 
Info: Building ../final_project_collector_v3_bsp/
C:/intelFPGA_lite/16.1/nios2eds/bin/gnu/H-x86_64-mingw32/bin/make --no-print-directory -C ../final_project_collector_v3_bsp/
[BSP build complete]
Info: Compiling main.c to obj/default/main.o
nios2-elf-gcc -xc -MP -MMD -c -I../final_project_collector_v3_bsp//HAL/inc -I../final_project_collector_v3_bsp/ -I../final_project_collector_v3_bsp//drivers/inc  -pipe -D__hal__ -DALT_NO_INSTRUCTION_EMULATION -DALT_SINGLE_THREADED    -O0 -g -Wall   -mno-hw-div -mhw-mul -mno-hw-mulx -mgpopt=global  -o obj/default/main.o main.c
main.c: In function 'print_array_v':
main.c:170:4: warning: implicit declaration of function 'alt_printf' [-Wimplicit-function-declaration]
    alt_printf("%x, ", (a[i] & 0xFF));
    ^
main.c: In function 'timer_int_handler':
main.c:226:34: warning: suggest parentheses around '+' in operand of '&' [-Wparentheses]
   dig_P2 = (test_output[4] << 8) + (test_output[3])& 0xFFFF;
                                  ^
main.c:247:34: warning: suggest parentheses around '+' in operand of '&' [-Wparentheses]
   dig_H2 = (test_output[2] << 8) + (test_output[1])& 0xFFFF;
                                  ^
main.c:249:34: warning: suggest parentheses around '+' in operand of '&' [-Wparentheses]
   dig_H4 = (test_output[4] << 4) + (test_output[5] & 0x0F)& 0xFFF;
                                  ^
main.c:250:34: warning: suggest parentheses around '+' in operand of '&' [-Wparentheses]
   dig_H5 = (test_output[6] << 4) + (test_output[5] & 0xF0)& 0xFFF;
                                  ^
main.c:273:17: warning: pointer targets in passing argument 1 of 'print_array_v' differ in signedness [-Wpointer-sign]
   print_array_v(test_output, 9);
                 ^
main.c:164:6: note: expected 'int8_t * {aka signed char *}' but argument is of type 'uint8_t * {aka unsigned char *}'
 void print_array_v (int8_t a[], int size)
      ^
main.c: In function 'pio_init':
main.c:324:2: warning: implicit declaration of function 'alt_irq_register' [-Wimplicit-function-declaration]
  alt_irq_register(TIMER_0_IRQ, TIMER_0_BASE, timer_int_handler);
  ^
Info: Linking final_project_collector_v3.elf
nios2-elf-g++  -T'../final_project_collector_v3_bsp//linker.x' -msys-crt0='../final_project_collector_v3_bsp//obj/HAL/src/crt0.o' -msys-lib=hal_bsp -L../final_project_collector_v3_bsp/   -Wl,-Map=final_project_collector_v3.map   -O0 -g -Wall   -mno-hw-div -mhw-mul -mno-hw-mulx -mgpopt=global  -o final_project_collector_v3.elf obj/default/main.o -lm -msys-lib=m
nios2-elf-insert final_project_collector_v3.elf --thread_model hal --cpu_name nios2_gen2_0 --qsys true --simulation_enabled false --id 0 --sidp 0x2130 --timestamp 1638731574 --stderr_dev jtag_uart_0 --stdin_dev jtag_uart_0 --stdout_dev jtag_uart_0 --sopc_system_name nios_system --quartus_project_dir "C:/Users/Daniel/Desktop/ece178/greenhouse-monitoring-system-FPGA/data_collector_system" --jdi ../..//output_files/final_project.jdi --sopcinfo C:/Users/Daniel/Desktop/ece178/greenhouse-monitoring-system-FPGA/data_collector_system/software/final_project_collector_v3_bsp/../../nios_system.sopcinfo
Info: (final_project_collector_v3.elf) 79 KBytes program size (code + initialized data).
Info:                                  16298 KBytes free for stack + heap.
Info: Creating final_project_collector_v3.objdump
nios2-elf-objdump --disassemble --syms --all-header --source final_project_collector_v3.elf >final_project_collector_v3.objdump
[final_project_collector_v3 build complete]
12:59:23 **** Incremental Build of configuration Nios II for project final_project_collector_v3 ****
make all 
Info: Building ../final_project_collector_v3_bsp/
C:/intelFPGA_lite/16.1/nios2eds/bin/gnu/H-x86_64-mingw32/bin/make --no-print-directory -C ../final_project_collector_v3_bsp/
[BSP build complete]
[final_project_collector_v3 build complete]
13:05:04 **** Build of configuration Nios II for project final_project_collector_v3 ****
make all 
Info: Building ../final_project_collector_v3_bsp/
C:/intelFPGA_lite/16.1/nios2eds/bin/gnu/H-x86_64-mingw32/bin/make --no-print-directory -C ../final_project_collector_v3_bsp/
[BSP build complete]
Info: Compiling main.c to obj/default/main.o
nios2-elf-gcc -xc -MP -MMD -c -I../final_project_collector_v3_bsp//HAL/inc -I../final_project_collector_v3_bsp/ -I../final_project_collector_v3_bsp//drivers/inc  -pipe -D__hal__ -DALT_NO_INSTRUCTION_EMULATION -DALT_SINGLE_THREADED    -O0 -g -Wall   -mno-hw-div -mhw-mul -mno-hw-mulx -mgpopt=global  -o obj/default/main.o main.c
main.c: In function 'print_array_v':
main.c:174:4: warning: implicit declaration of function 'alt_printf' [-Wimplicit-function-declaration]
    alt_printf("%x, ", (a[i] & 0xFF));
    ^
main.c: In function 'timer_int_handler':
main.c:230:34: warning: suggest parentheses around '+' in operand of '&' [-Wparentheses]
   dig_P2 = (test_output[4] << 8) + (test_output[3])& 0xFFFF;
                                  ^
main.c:251:34: warning: suggest parentheses around '+' in operand of '&' [-Wparentheses]
   dig_H2 = (test_output[2] << 8) + (test_output[1])& 0xFFFF;
                                  ^
main.c:253:34: warning: suggest parentheses around '+' in operand of '&' [-Wparentheses]
   dig_H4 = (test_output[4] << 4) + (test_output[5] & 0x0F)& 0xFFF;
                                  ^
main.c:254:34: warning: suggest parentheses around '+' in operand of '&' [-Wparentheses]
   dig_H5 = (test_output[6] << 4) + (test_output[5] & 0xF0)& 0xFFF;
                                  ^
main.c:277:17: warning: pointer targets in passing argument 1 of 'print_array_v' differ in signedness [-Wpointer-sign]
   print_array_v(test_output, 9);
                 ^
main.c:168:6: note: expected 'int8_t * {aka signed char *}' but argument is of type 'uint8_t * {aka unsigned char *}'
 void print_array_v (int8_t a[], int size)
      ^
main.c: In function 'pio_init':
main.c:329:2: warning: implicit declaration of function 'alt_irq_register' [-Wimplicit-function-declaration]
  alt_irq_register(TIMER_0_IRQ, TIMER_0_BASE, timer_int_handler);
  ^
Info: Linking final_project_collector_v3.elf
nios2-elf-g++  -T'../final_project_collector_v3_bsp//linker.x' -msys-crt0='../final_project_collector_v3_bsp//obj/HAL/src/crt0.o' -msys-lib=hal_bsp -L../final_project_collector_v3_bsp/   -Wl,-Map=final_project_collector_v3.map   -O0 -g -Wall   -mno-hw-div -mhw-mul -mno-hw-mulx -mgpopt=global  -o final_project_collector_v3.elf obj/default/main.o -lm -msys-lib=m
nios2-elf-insert final_project_collector_v3.elf --thread_model hal --cpu_name nios2_gen2_0 --qsys true --simulation_enabled false --id 0 --sidp 0x2130 --timestamp 1638731574 --stderr_dev jtag_uart_0 --stdin_dev jtag_uart_0 --stdout_dev jtag_uart_0 --sopc_system_name nios_system --quartus_project_dir "C:/Users/Daniel/Desktop/ece178/greenhouse-monitoring-system-FPGA/data_collector_system" --jdi ../..//output_files/final_project.jdi --sopcinfo C:/Users/Daniel/Desktop/ece178/greenhouse-monitoring-system-FPGA/data_collector_system/software/final_project_collector_v3_bsp/../../nios_system.sopcinfo
Info: (final_project_collector_v3.elf) 79 KBytes program size (code + initialized data).
Info:                                  16298 KBytes free for stack + heap.
Info: Creating final_project_collector_v3.objdump
nios2-elf-objdump --disassemble --syms --all-header --source final_project_collector_v3.elf >final_project_collector_v3.objdump
[final_project_collector_v3 build complete]
13:05:08 **** Incremental Build of configuration Nios II for project final_project_collector_v3 ****
make all 
Info: Building ../final_project_collector_v3_bsp/
C:/intelFPGA_lite/16.1/nios2eds/bin/gnu/H-x86_64-mingw32/bin/make --no-print-directory -C ../final_project_collector_v3_bsp/
[BSP build complete]
[final_project_collector_v3 build complete]
13:08:51 **** Build of configuration Nios II for project final_project_collector_v3 ****
make all 
Info: Building ../final_project_collector_v3_bsp/
C:/intelFPGA_lite/16.1/nios2eds/bin/gnu/H-x86_64-mingw32/bin/make --no-print-directory -C ../final_project_collector_v3_bsp/
[BSP build complete]
Info: Compiling main.c to obj/default/main.o
nios2-elf-gcc -xc -MP -MMD -c -I../final_project_collector_v3_bsp//HAL/inc -I../final_project_collector_v3_bsp/ -I../final_project_collector_v3_bsp//drivers/inc  -pipe -D__hal__ -DALT_NO_INSTRUCTION_EMULATION -DALT_SINGLE_THREADED    -O0 -g -Wall   -mno-hw-div -mhw-mul -mno-hw-mulx -mgpopt=global  -o obj/default/main.o main.c
main.c: In function 'print_array_v':
main.c:174:4: warning: implicit declaration of function 'alt_printf' [-Wimplicit-function-declaration]
    alt_printf("%x, ", (a[i] & 0xFF));
    ^
main.c: In function 'timer_int_handler':
main.c:230:34: warning: suggest parentheses around '+' in operand of '&' [-Wparentheses]
   dig_P2 = (test_output[4] << 8) + (test_output[3])& 0xFFFF;
                                  ^
main.c:251:34: warning: suggest parentheses around '+' in operand of '&' [-Wparentheses]
   dig_H2 = (test_output[2] << 8) + (test_output[1])& 0xFFFF;
                                  ^
main.c:253:34: warning: suggest parentheses around '+' in operand of '&' [-Wparentheses]
   dig_H4 = (test_output[4] << 4) + (test_output[5] & 0x0F)& 0xFFF;
                                  ^
main.c:254:34: warning: suggest parentheses around '+' in operand of '&' [-Wparentheses]
   dig_H5 = (test_output[6] << 4) + (test_output[5] & 0xF0)& 0xFFF;
                                  ^
main.c:277:17: warning: pointer targets in passing argument 1 of 'print_array_v' differ in signedness [-Wpointer-sign]
   print_array_v(test_output, 9);
                 ^
main.c:168:6: note: expected 'int8_t * {aka signed char *}' but argument is of type 'uint8_t * {aka unsigned char *}'
 void print_array_v (int8_t a[], int size)
      ^
main.c: In function 'pio_init':
main.c:329:2: warning: implicit declaration of function 'alt_irq_register' [-Wimplicit-function-declaration]
  alt_irq_register(TIMER_0_IRQ, TIMER_0_BASE, timer_int_handler);
  ^
Info: Linking final_project_collector_v3.elf
nios2-elf-g++  -T'../final_project_collector_v3_bsp//linker.x' -msys-crt0='../final_project_collector_v3_bsp//obj/HAL/src/crt0.o' -msys-lib=hal_bsp -L../final_project_collector_v3_bsp/   -Wl,-Map=final_project_collector_v3.map   -O0 -g -Wall   -mno-hw-div -mhw-mul -mno-hw-mulx -mgpopt=global  -o final_project_collector_v3.elf obj/default/main.o -lm -msys-lib=m
nios2-elf-insert final_project_collector_v3.elf --thread_model hal --cpu_name nios2_gen2_0 --qsys true --simulation_enabled false --id 0 --sidp 0x2130 --timestamp 1638731574 --stderr_dev jtag_uart_0 --stdin_dev jtag_uart_0 --stdout_dev jtag_uart_0 --sopc_system_name nios_system --quartus_project_dir "C:/Users/Daniel/Desktop/ece178/greenhouse-monitoring-system-FPGA/data_collector_system" --jdi ../..//output_files/final_project.jdi --sopcinfo C:/Users/Daniel/Desktop/ece178/greenhouse-monitoring-system-FPGA/data_collector_system/software/final_project_collector_v3_bsp/../../nios_system.sopcinfo
Info: (final_project_collector_v3.elf) 78 KBytes program size (code + initialized data).
Info:                                  16298 KBytes free for stack + heap.
Info: Creating final_project_collector_v3.objdump
nios2-elf-objdump --disassemble --syms --all-header --source final_project_collector_v3.elf >final_project_collector_v3.objdump
[final_project_collector_v3 build complete]
13:08:55 **** Incremental Build of configuration Nios II for project final_project_collector_v3 ****
make all 
Info: Building ../final_project_collector_v3_bsp/
C:/intelFPGA_lite/16.1/nios2eds/bin/gnu/H-x86_64-mingw32/bin/make --no-print-directory -C ../final_project_collector_v3_bsp/
[BSP build complete]
[final_project_collector_v3 build complete]
13:11:38 **** Build of configuration Nios II for project final_project_collector_v3 ****
make all 
Info: Building ../final_project_collector_v3_bsp/
C:/intelFPGA_lite/16.1/nios2eds/bin/gnu/H-x86_64-mingw32/bin/make --no-print-directory -C ../final_project_collector_v3_bsp/
[BSP build complete]
Info: Compiling main.c to obj/default/main.o
nios2-elf-gcc -xc -MP -MMD -c -I../final_project_collector_v3_bsp//HAL/inc -I../final_project_collector_v3_bsp/ -I../final_project_collector_v3_bsp//drivers/inc  -pipe -D__hal__ -DALT_NO_INSTRUCTION_EMULATION -DALT_SINGLE_THREADED    -O0 -g -Wall   -mno-hw-div -mhw-mul -mno-hw-mulx -mgpopt=global  -o obj/default/main.o main.c
main.c: In function 'print_array_v':
main.c:181:4: warning: implicit declaration of function 'alt_printf' [-Wimplicit-function-declaration]
    alt_printf("%x, ", (a[i] & 0xFF));
    ^
main.c: In function 'timer_int_handler':
main.c:237:34: warning: suggest parentheses around '+' in operand of '&' [-Wparentheses]
   dig_P2 = (test_output[4] << 8) + (test_output[3])& 0xFFFF;
                                  ^
main.c:258:34: warning: suggest parentheses around '+' in operand of '&' [-Wparentheses]
   dig_H2 = (test_output[2] << 8) + (test_output[1])& 0xFFFF;
                                  ^
main.c:260:34: warning: suggest parentheses around '+' in operand of '&' [-Wparentheses]
   dig_H4 = (test_output[4] << 4) + (test_output[5] & 0x0F)& 0xFFF;
                                  ^
main.c:261:34: warning: suggest parentheses around '+' in operand of '&' [-Wparentheses]
   dig_H5 = (test_output[6] << 4) + (test_output[5] & 0xF0)& 0xFFF;
                                  ^
main.c:284:17: warning: pointer targets in passing argument 1 of 'print_array_v' differ in signedness [-Wpointer-sign]
   print_array_v(test_output, 9);
                 ^
main.c:175:6: note: expected 'int8_t * {aka signed char *}' but argument is of type 'uint8_t * {aka unsigned char *}'
 void print_array_v (int8_t a[], int size)
      ^
main.c: In function 'pio_init':
main.c:336:2: warning: implicit declaration of function 'alt_irq_register' [-Wimplicit-function-declaration]
  alt_irq_register(TIMER_0_IRQ, TIMER_0_BASE, timer_int_handler);
  ^
Info: Linking final_project_collector_v3.elf
nios2-elf-g++  -T'../final_project_collector_v3_bsp//linker.x' -msys-crt0='../final_project_collector_v3_bsp//obj/HAL/src/crt0.o' -msys-lib=hal_bsp -L../final_project_collector_v3_bsp/   -Wl,-Map=final_project_collector_v3.map   -O0 -g -Wall   -mno-hw-div -mhw-mul -mno-hw-mulx -mgpopt=global  -o final_project_collector_v3.elf obj/default/main.o -lm -msys-lib=m
nios2-elf-insert final_project_collector_v3.elf --thread_model hal --cpu_name nios2_gen2_0 --qsys true --simulation_enabled false --id 0 --sidp 0x2130 --timestamp 1638731574 --stderr_dev jtag_uart_0 --stdin_dev jtag_uart_0 --stdout_dev jtag_uart_0 --sopc_system_name nios_system --quartus_project_dir "C:/Users/Daniel/Desktop/ece178/greenhouse-monitoring-system-FPGA/data_collector_system" --jdi ../..//output_files/final_project.jdi --sopcinfo C:/Users/Daniel/Desktop/ece178/greenhouse-monitoring-system-FPGA/data_collector_system/software/final_project_collector_v3_bsp/../../nios_system.sopcinfo
Info: (final_project_collector_v3.elf) 79 KBytes program size (code + initialized data).
Info:                                  16298 KBytes free for stack + heap.
Info: Creating final_project_collector_v3.objdump
nios2-elf-objdump --disassemble --syms --all-header --source final_project_collector_v3.elf >final_project_collector_v3.objdump
[final_project_collector_v3 build complete]
13:11:43 **** Incremental Build of configuration Nios II for project final_project_collector_v3 ****
make all 
Info: Building ../final_project_collector_v3_bsp/
C:/intelFPGA_lite/16.1/nios2eds/bin/gnu/H-x86_64-mingw32/bin/make --no-print-directory -C ../final_project_collector_v3_bsp/
[BSP build complete]
[final_project_collector_v3 build complete]
13:12:56 **** Build of configuration Nios II for project final_project_collector_v3 ****
make all 
Info: Building ../final_project_collector_v3_bsp/
C:/intelFPGA_lite/16.1/nios2eds/bin/gnu/H-x86_64-mingw32/bin/make --no-print-directory -C ../final_project_collector_v3_bsp/
[BSP build complete]
Info: Compiling main.c to obj/default/main.o
nios2-elf-gcc -xc -MP -MMD -c -I../final_project_collector_v3_bsp//HAL/inc -I../final_project_collector_v3_bsp/ -I../final_project_collector_v3_bsp//drivers/inc  -pipe -D__hal__ -DALT_NO_INSTRUCTION_EMULATION -DALT_SINGLE_THREADED    -O0 -g -Wall   -mno-hw-div -mhw-mul -mno-hw-mulx -mgpopt=global  -o obj/default/main.o main.c
main.c: In function 'print_array_v':
main.c:185:4: warning: implicit declaration of function 'alt_printf' [-Wimplicit-function-declaration]
    alt_printf("%x, ", (a[i] & 0xFF));
    ^
main.c: In function 'timer_int_handler':
main.c:241:34: warning: suggest parentheses around '+' in operand of '&' [-Wparentheses]
   dig_P2 = (test_output[4] << 8) + (test_output[3])& 0xFFFF;
                                  ^
main.c:262:34: warning: suggest parentheses around '+' in operand of '&' [-Wparentheses]
   dig_H2 = (test_output[2] << 8) + (test_output[1])& 0xFFFF;
                                  ^
main.c:264:34: warning: suggest parentheses around '+' in operand of '&' [-Wparentheses]
   dig_H4 = (test_output[4] << 4) + (test_output[5] & 0x0F)& 0xFFF;
                                  ^
main.c:265:34: warning: suggest parentheses around '+' in operand of '&' [-Wparentheses]
   dig_H5 = (test_output[6] << 4) + (test_output[5] & 0xF0)& 0xFFF;
                                  ^
main.c:288:17: warning: pointer targets in passing argument 1 of 'print_array_v' differ in signedness [-Wpointer-sign]
   print_array_v(test_output, 9);
                 ^
main.c:179:6: note: expected 'int8_t * {aka signed char *}' but argument is of type 'uint8_t * {aka unsigned char *}'
 void print_array_v (int8_t a[], int size)
      ^
main.c: In function 'pio_init':
main.c:340:2: warning: implicit declaration of function 'alt_irq_register' [-Wimplicit-function-declaration]
  alt_irq_register(TIMER_0_IRQ, TIMER_0_BASE, timer_int_handler);
  ^
Info: Linking final_project_collector_v3.elf
nios2-elf-g++  -T'../final_project_collector_v3_bsp//linker.x' -msys-crt0='../final_project_collector_v3_bsp//obj/HAL/src/crt0.o' -msys-lib=hal_bsp -L../final_project_collector_v3_bsp/   -Wl,-Map=final_project_collector_v3.map   -O0 -g -Wall   -mno-hw-div -mhw-mul -mno-hw-mulx -mgpopt=global  -o final_project_collector_v3.elf obj/default/main.o -lm -msys-lib=m
nios2-elf-insert final_project_collector_v3.elf --thread_model hal --cpu_name nios2_gen2_0 --qsys true --simulation_enabled false --id 0 --sidp 0x2130 --timestamp 1638731574 --stderr_dev jtag_uart_0 --stdin_dev jtag_uart_0 --stdout_dev jtag_uart_0 --sopc_system_name nios_system --quartus_project_dir "C:/Users/Daniel/Desktop/ece178/greenhouse-monitoring-system-FPGA/data_collector_system" --jdi ../..//output_files/final_project.jdi --sopcinfo C:/Users/Daniel/Desktop/ece178/greenhouse-monitoring-system-FPGA/data_collector_system/software/final_project_collector_v3_bsp/../../nios_system.sopcinfo
Info: (final_project_collector_v3.elf) 79 KBytes program size (code + initialized data).
Info:                                  16298 KBytes free for stack + heap.
Info: Creating final_project_collector_v3.objdump
nios2-elf-objdump --disassemble --syms --all-header --source final_project_collector_v3.elf >final_project_collector_v3.objdump
[final_project_collector_v3 build complete]
13:13:00 **** Incremental Build of configuration Nios II for project final_project_collector_v3 ****
make all 
Info: Building ../final_project_collector_v3_bsp/
C:/intelFPGA_lite/16.1/nios2eds/bin/gnu/H-x86_64-mingw32/bin/make --no-print-directory -C ../final_project_collector_v3_bsp/
[BSP build complete]
[final_project_collector_v3 build complete]
13:13:52 **** Build of configuration Nios II for project final_project_collector_v3 ****
make all 
Info: Building ../final_project_collector_v3_bsp/
C:/intelFPGA_lite/16.1/nios2eds/bin/gnu/H-x86_64-mingw32/bin/make --no-print-directory -C ../final_project_collector_v3_bsp/
[BSP build complete]
Info: Compiling main.c to obj/default/main.o
nios2-elf-gcc -xc -MP -MMD -c -I../final_project_collector_v3_bsp//HAL/inc -I../final_project_collector_v3_bsp/ -I../final_project_collector_v3_bsp//drivers/inc  -pipe -D__hal__ -DALT_NO_INSTRUCTION_EMULATION -DALT_SINGLE_THREADED    -O0 -g -Wall   -mno-hw-div -mhw-mul -mno-hw-mulx -mgpopt=global  -o obj/default/main.o main.c
main.c: In function 'print_array_v':
main.c:185:4: warning: implicit declaration of function 'alt_printf' [-Wimplicit-function-declaration]
    alt_printf("%x, ", (a[i] & 0xFF));
    ^
main.c: In function 'timer_int_handler':
main.c:241:34: warning: suggest parentheses around '+' in operand of '&' [-Wparentheses]
   dig_P2 = (test_output[4] << 8) + (test_output[3])& 0xFFFF;
                                  ^
main.c:262:34: warning: suggest parentheses around '+' in operand of '&' [-Wparentheses]
   dig_H2 = (test_output[2] << 8) + (test_output[1])& 0xFFFF;
                                  ^
main.c:264:34: warning: suggest parentheses around '+' in operand of '&' [-Wparentheses]
   dig_H4 = (test_output[4] << 4) + (test_output[5] & 0x0F)& 0xFFF;
                                  ^
main.c:265:34: warning: suggest parentheses around '+' in operand of '&' [-Wparentheses]
   dig_H5 = (test_output[6] << 4) + (test_output[5] & 0xF0)& 0xFFF;
                                  ^
main.c:288:17: warning: pointer targets in passing argument 1 of 'print_array_v' differ in signedness [-Wpointer-sign]
   print_array_v(test_output, 9);
                 ^
main.c:179:6: note: expected 'int8_t * {aka signed char *}' but argument is of type 'uint8_t * {aka unsigned char *}'
 void print_array_v (int8_t a[], int size)
      ^
main.c: In function 'pio_init':
main.c:340:2: warning: implicit declaration of function 'alt_irq_register' [-Wimplicit-function-declaration]
  alt_irq_register(TIMER_0_IRQ, TIMER_0_BASE, timer_int_handler);
  ^
Info: Linking final_project_collector_v3.elf
nios2-elf-g++  -T'../final_project_collector_v3_bsp//linker.x' -msys-crt0='../final_project_collector_v3_bsp//obj/HAL/src/crt0.o' -msys-lib=hal_bsp -L../final_project_collector_v3_bsp/   -Wl,-Map=final_project_collector_v3.map   -O0 -g -Wall   -mno-hw-div -mhw-mul -mno-hw-mulx -mgpopt=global  -o final_project_collector_v3.elf obj/default/main.o -lm -msys-lib=m
nios2-elf-insert final_project_collector_v3.elf --thread_model hal --cpu_name nios2_gen2_0 --qsys true --simulation_enabled false --id 0 --sidp 0x2130 --timestamp 1638731574 --stderr_dev jtag_uart_0 --stdin_dev jtag_uart_0 --stdout_dev jtag_uart_0 --sopc_system_name nios_system --quartus_project_dir "C:/Users/Daniel/Desktop/ece178/greenhouse-monitoring-system-FPGA/data_collector_system" --jdi ../..//output_files/final_project.jdi --sopcinfo C:/Users/Daniel/Desktop/ece178/greenhouse-monitoring-system-FPGA/data_collector_system/software/final_project_collector_v3_bsp/../../nios_system.sopcinfo
Info: (final_project_collector_v3.elf) 79 KBytes program size (code + initialized data).
Info:                                  16298 KBytes free for stack + heap.
Info: Creating final_project_collector_v3.objdump
nios2-elf-objdump --disassemble --syms --all-header --source final_project_collector_v3.elf >final_project_collector_v3.objdump
[final_project_collector_v3 build complete]
13:13:57 **** Incremental Build of configuration Nios II for project final_project_collector_v3 ****
make all 
Info: Building ../final_project_collector_v3_bsp/
C:/intelFPGA_lite/16.1/nios2eds/bin/gnu/H-x86_64-mingw32/bin/make --no-print-directory -C ../final_project_collector_v3_bsp/
[BSP build complete]
[final_project_collector_v3 build complete]
13:14:55 **** Build of configuration Nios II for project final_project_collector_v3 ****
make all 
Info: Building ../final_project_collector_v3_bsp/
C:/intelFPGA_lite/16.1/nios2eds/bin/gnu/H-x86_64-mingw32/bin/make --no-print-directory -C ../final_project_collector_v3_bsp/
[BSP build complete]
Info: Compiling main.c to obj/default/main.o
nios2-elf-gcc -xc -MP -MMD -c -I../final_project_collector_v3_bsp//HAL/inc -I../final_project_collector_v3_bsp/ -I../final_project_collector_v3_bsp//drivers/inc  -pipe -D__hal__ -DALT_NO_INSTRUCTION_EMULATION -DALT_SINGLE_THREADED    -O0 -g -Wall   -mno-hw-div -mhw-mul -mno-hw-mulx -mgpopt=global  -o obj/default/main.o main.c
main.c: In function 'print_array_v':
main.c:184:4: warning: implicit declaration of function 'alt_printf' [-Wimplicit-function-declaration]
    alt_printf("%x, ", (a[i] & 0xFF));
    ^
main.c: In function 'timer_int_handler':
main.c:240:34: warning: suggest parentheses around '+' in operand of '&' [-Wparentheses]
   dig_P2 = (test_output[4] << 8) + (test_output[3])& 0xFFFF;
                                  ^
main.c:261:34: warning: suggest parentheses around '+' in operand of '&' [-Wparentheses]
   dig_H2 = (test_output[2] << 8) + (test_output[1])& 0xFFFF;
                                  ^
main.c:263:34: warning: suggest parentheses around '+' in operand of '&' [-Wparentheses]
   dig_H4 = (test_output[4] << 4) + (test_output[5] & 0x0F)& 0xFFF;
                                  ^
main.c:264:34: warning: suggest parentheses around '+' in operand of '&' [-Wparentheses]
   dig_H5 = (test_output[6] << 4) + (test_output[5] & 0xF0)& 0xFFF;
                                  ^
main.c:287:17: warning: pointer targets in passing argument 1 of 'print_array_v' differ in signedness [-Wpointer-sign]
   print_array_v(test_output, 9);
                 ^
main.c:178:6: note: expected 'int8_t * {aka signed char *}' but argument is of type 'uint8_t * {aka unsigned char *}'
 void print_array_v (int8_t a[], int size)
      ^
main.c: In function 'pio_init':
main.c:339:2: warning: implicit declaration of function 'alt_irq_register' [-Wimplicit-function-declaration]
  alt_irq_register(TIMER_0_IRQ, TIMER_0_BASE, timer_int_handler);
  ^
Info: Linking final_project_collector_v3.elf
nios2-elf-g++  -T'../final_project_collector_v3_bsp//linker.x' -msys-crt0='../final_project_collector_v3_bsp//obj/HAL/src/crt0.o' -msys-lib=hal_bsp -L../final_project_collector_v3_bsp/   -Wl,-Map=final_project_collector_v3.map   -O0 -g -Wall   -mno-hw-div -mhw-mul -mno-hw-mulx -mgpopt=global  -o final_project_collector_v3.elf obj/default/main.o -lm -msys-lib=m
nios2-elf-insert final_project_collector_v3.elf --thread_model hal --cpu_name nios2_gen2_0 --qsys true --simulation_enabled false --id 0 --sidp 0x2130 --timestamp 1638731574 --stderr_dev jtag_uart_0 --stdin_dev jtag_uart_0 --stdout_dev jtag_uart_0 --sopc_system_name nios_system --quartus_project_dir "C:/Users/Daniel/Desktop/ece178/greenhouse-monitoring-system-FPGA/data_collector_system" --jdi ../..//output_files/final_project.jdi --sopcinfo C:/Users/Daniel/Desktop/ece178/greenhouse-monitoring-system-FPGA/data_collector_system/software/final_project_collector_v3_bsp/../../nios_system.sopcinfo
Info: (final_project_collector_v3.elf) 79 KBytes program size (code + initialized data).
Info:                                  16298 KBytes free for stack + heap.
Info: Creating final_project_collector_v3.objdump
nios2-elf-objdump --disassemble --syms --all-header --source final_project_collector_v3.elf >final_project_collector_v3.objdump
[final_project_collector_v3 build complete]
13:15:00 **** Incremental Build of configuration Nios II for project final_project_collector_v3 ****
make all 
Info: Building ../final_project_collector_v3_bsp/
C:/intelFPGA_lite/16.1/nios2eds/bin/gnu/H-x86_64-mingw32/bin/make --no-print-directory -C ../final_project_collector_v3_bsp/
[BSP build complete]
[final_project_collector_v3 build complete]
13:15:39 **** Build of configuration Nios II for project final_project_collector_v3 ****
make all 
Info: Building ../final_project_collector_v3_bsp/
C:/intelFPGA_lite/16.1/nios2eds/bin/gnu/H-x86_64-mingw32/bin/make --no-print-directory -C ../final_project_collector_v3_bsp/
[BSP build complete]
Info: Compiling main.c to obj/default/main.o
nios2-elf-gcc -xc -MP -MMD -c -I../final_project_collector_v3_bsp//HAL/inc -I../final_project_collector_v3_bsp/ -I../final_project_collector_v3_bsp//drivers/inc  -pipe -D__hal__ -DALT_NO_INSTRUCTION_EMULATION -DALT_SINGLE_THREADED    -O0 -g -Wall   -mno-hw-div -mhw-mul -mno-hw-mulx -mgpopt=global  -o obj/default/main.o main.c
main.c: In function 'print_array_v':
main.c:185:4: warning: implicit declaration of function 'alt_printf' [-Wimplicit-function-declaration]
    alt_printf("%x, ", (a[i] & 0xFF));
    ^
main.c: In function 'timer_int_handler':
main.c:241:34: warning: suggest parentheses around '+' in operand of '&' [-Wparentheses]
   dig_P2 = (test_output[4] << 8) + (test_output[3])& 0xFFFF;
                                  ^
main.c:262:34: warning: suggest parentheses around '+' in operand of '&' [-Wparentheses]
   dig_H2 = (test_output[2] << 8) + (test_output[1])& 0xFFFF;
                                  ^
main.c:264:34: warning: suggest parentheses around '+' in operand of '&' [-Wparentheses]
   dig_H4 = (test_output[4] << 4) + (test_output[5] & 0x0F)& 0xFFF;
                                  ^
main.c:265:34: warning: suggest parentheses around '+' in operand of '&' [-Wparentheses]
   dig_H5 = (test_output[6] << 4) + (test_output[5] & 0xF0)& 0xFFF;
                                  ^
main.c:288:17: warning: pointer targets in passing argument 1 of 'print_array_v' differ in signedness [-Wpointer-sign]
   print_array_v(test_output, 9);
                 ^
main.c:179:6: note: expected 'int8_t * {aka signed char *}' but argument is of type 'uint8_t * {aka unsigned char *}'
 void print_array_v (int8_t a[], int size)
      ^
main.c: In function 'pio_init':
main.c:340:2: warning: implicit declaration of function 'alt_irq_register' [-Wimplicit-function-declaration]
  alt_irq_register(TIMER_0_IRQ, TIMER_0_BASE, timer_int_handler);
  ^
Info: Linking final_project_collector_v3.elf
nios2-elf-g++  -T'../final_project_collector_v3_bsp//linker.x' -msys-crt0='../final_project_collector_v3_bsp//obj/HAL/src/crt0.o' -msys-lib=hal_bsp -L../final_project_collector_v3_bsp/   -Wl,-Map=final_project_collector_v3.map   -O0 -g -Wall   -mno-hw-div -mhw-mul -mno-hw-mulx -mgpopt=global  -o final_project_collector_v3.elf obj/default/main.o -lm -msys-lib=m
nios2-elf-insert final_project_collector_v3.elf --thread_model hal --cpu_name nios2_gen2_0 --qsys true --simulation_enabled false --id 0 --sidp 0x2130 --timestamp 1638731574 --stderr_dev jtag_uart_0 --stdin_dev jtag_uart_0 --stdout_dev jtag_uart_0 --sopc_system_name nios_system --quartus_project_dir "C:/Users/Daniel/Desktop/ece178/greenhouse-monitoring-system-FPGA/data_collector_system" --jdi ../..//output_files/final_project.jdi --sopcinfo C:/Users/Daniel/Desktop/ece178/greenhouse-monitoring-system-FPGA/data_collector_system/software/final_project_collector_v3_bsp/../../nios_system.sopcinfo
Info: (final_project_collector_v3.elf) 79 KBytes program size (code + initialized data).
Info:                                  16298 KBytes free for stack + heap.
Info: Creating final_project_collector_v3.objdump
nios2-elf-objdump --disassemble --syms --all-header --source final_project_collector_v3.elf >final_project_collector_v3.objdump
[final_project_collector_v3 build complete]
13:15:44 **** Incremental Build of configuration Nios II for project final_project_collector_v3 ****
make all 
Info: Building ../final_project_collector_v3_bsp/
C:/intelFPGA_lite/16.1/nios2eds/bin/gnu/H-x86_64-mingw32/bin/make --no-print-directory -C ../final_project_collector_v3_bsp/
[BSP build complete]
[final_project_collector_v3 build complete]
13:16:09 **** Build of configuration Nios II for project final_project_collector_v3 ****
make all 
Info: Building ../final_project_collector_v3_bsp/
C:/intelFPGA_lite/16.1/nios2eds/bin/gnu/H-x86_64-mingw32/bin/make --no-print-directory -C ../final_project_collector_v3_bsp/
[BSP build complete]
Info: Compiling main.c to obj/default/main.o
nios2-elf-gcc -xc -MP -MMD -c -I../final_project_collector_v3_bsp//HAL/inc -I../final_project_collector_v3_bsp/ -I../final_project_collector_v3_bsp//drivers/inc  -pipe -D__hal__ -DALT_NO_INSTRUCTION_EMULATION -DALT_SINGLE_THREADED    -O0 -g -Wall   -mno-hw-div -mhw-mul -mno-hw-mulx -mgpopt=global  -o obj/default/main.o main.c
main.c: In function 'print_array_v':
main.c:185:4: warning: implicit declaration of function 'alt_printf' [-Wimplicit-function-declaration]
    alt_printf("%x, ", (a[i] & 0xFF));
    ^
main.c: In function 'timer_int_handler':
main.c:241:34: warning: suggest parentheses around '+' in operand of '&' [-Wparentheses]
   dig_P2 = (test_output[4] << 8) + (test_output[3])& 0xFFFF;
                                  ^
main.c:262:34: warning: suggest parentheses around '+' in operand of '&' [-Wparentheses]
   dig_H2 = (test_output[2] << 8) + (test_output[1])& 0xFFFF;
                                  ^
main.c:264:34: warning: suggest parentheses around '+' in operand of '&' [-Wparentheses]
   dig_H4 = (test_output[4] << 4) + (test_output[5] & 0x0F)& 0xFFF;
                                  ^
main.c:265:34: warning: suggest parentheses around '+' in operand of '&' [-Wparentheses]
   dig_H5 = (test_output[6] << 4) + (test_output[5] & 0xF0)& 0xFFF;
                                  ^
main.c:288:17: warning: pointer targets in passing argument 1 of 'print_array_v' differ in signedness [-Wpointer-sign]
   print_array_v(test_output, 9);
                 ^
main.c:179:6: note: expected 'int8_t * {aka signed char *}' but argument is of type 'uint8_t * {aka unsigned char *}'
 void print_array_v (int8_t a[], int size)
      ^
main.c: In function 'pio_init':
main.c:340:2: warning: implicit declaration of function 'alt_irq_register' [-Wimplicit-function-declaration]
  alt_irq_register(TIMER_0_IRQ, TIMER_0_BASE, timer_int_handler);
  ^
Info: Linking final_project_collector_v3.elf
nios2-elf-g++  -T'../final_project_collector_v3_bsp//linker.x' -msys-crt0='../final_project_collector_v3_bsp//obj/HAL/src/crt0.o' -msys-lib=hal_bsp -L../final_project_collector_v3_bsp/   -Wl,-Map=final_project_collector_v3.map   -O0 -g -Wall   -mno-hw-div -mhw-mul -mno-hw-mulx -mgpopt=global  -o final_project_collector_v3.elf obj/default/main.o -lm -msys-lib=m
nios2-elf-insert final_project_collector_v3.elf --thread_model hal --cpu_name nios2_gen2_0 --qsys true --simulation_enabled false --id 0 --sidp 0x2130 --timestamp 1638731574 --stderr_dev jtag_uart_0 --stdin_dev jtag_uart_0 --stdout_dev jtag_uart_0 --sopc_system_name nios_system --quartus_project_dir "C:/Users/Daniel/Desktop/ece178/greenhouse-monitoring-system-FPGA/data_collector_system" --jdi ../..//output_files/final_project.jdi --sopcinfo C:/Users/Daniel/Desktop/ece178/greenhouse-monitoring-system-FPGA/data_collector_system/software/final_project_collector_v3_bsp/../../nios_system.sopcinfo
Info: (final_project_collector_v3.elf) 79 KBytes program size (code + initialized data).
Info:                                  16298 KBytes free for stack + heap.
Info: Creating final_project_collector_v3.objdump
nios2-elf-objdump --disassemble --syms --all-header --source final_project_collector_v3.elf >final_project_collector_v3.objdump
[final_project_collector_v3 build complete]
13:16:14 **** Incremental Build of configuration Nios II for project final_project_collector_v3 ****
make all 
Info: Building ../final_project_collector_v3_bsp/
C:/intelFPGA_lite/16.1/nios2eds/bin/gnu/H-x86_64-mingw32/bin/make --no-print-directory -C ../final_project_collector_v3_bsp/
[BSP build complete]
[final_project_collector_v3 build complete]
13:16:42 **** Build of configuration Nios II for project final_project_collector_v3 ****
make all 
Info: Building ../final_project_collector_v3_bsp/
C:/intelFPGA_lite/16.1/nios2eds/bin/gnu/H-x86_64-mingw32/bin/make --no-print-directory -C ../final_project_collector_v3_bsp/
[BSP build complete]
Info: Compiling main.c to obj/default/main.o
nios2-elf-gcc -xc -MP -MMD -c -I../final_project_collector_v3_bsp//HAL/inc -I../final_project_collector_v3_bsp/ -I../final_project_collector_v3_bsp//drivers/inc  -pipe -D__hal__ -DALT_NO_INSTRUCTION_EMULATION -DALT_SINGLE_THREADED    -O0 -g -Wall   -mno-hw-div -mhw-mul -mno-hw-mulx -mgpopt=global  -o obj/default/main.o main.c
main.c: In function 'print_array_v':
main.c:184:4: warning: implicit declaration of function 'alt_printf' [-Wimplicit-function-declaration]
    alt_printf("%x, ", (a[i] & 0xFF));
    ^
main.c: In function 'timer_int_handler':
main.c:240:34: warning: suggest parentheses around '+' in operand of '&' [-Wparentheses]
   dig_P2 = (test_output[4] << 8) + (test_output[3])& 0xFFFF;
                                  ^
main.c:261:34: warning: suggest parentheses around '+' in operand of '&' [-Wparentheses]
   dig_H2 = (test_output[2] << 8) + (test_output[1])& 0xFFFF;
                                  ^
main.c:263:34: warning: suggest parentheses around '+' in operand of '&' [-Wparentheses]
   dig_H4 = (test_output[4] << 4) + (test_output[5] & 0x0F)& 0xFFF;
                                  ^
main.c:264:34: warning: suggest parentheses around '+' in operand of '&' [-Wparentheses]
   dig_H5 = (test_output[6] << 4) + (test_output[5] & 0xF0)& 0xFFF;
                                  ^
main.c:287:17: warning: pointer targets in passing argument 1 of 'print_array_v' differ in signedness [-Wpointer-sign]
   print_array_v(test_output, 9);
                 ^
main.c:178:6: note: expected 'int8_t * {aka signed char *}' but argument is of type 'uint8_t * {aka unsigned char *}'
 void print_array_v (int8_t a[], int size)
      ^
main.c: In function 'pio_init':
main.c:339:2: warning: implicit declaration of function 'alt_irq_register' [-Wimplicit-function-declaration]
  alt_irq_register(TIMER_0_IRQ, TIMER_0_BASE, timer_int_handler);
  ^
Info: Linking final_project_collector_v3.elf
nios2-elf-g++  -T'../final_project_collector_v3_bsp//linker.x' -msys-crt0='../final_project_collector_v3_bsp//obj/HAL/src/crt0.o' -msys-lib=hal_bsp -L../final_project_collector_v3_bsp/   -Wl,-Map=final_project_collector_v3.map   -O0 -g -Wall   -mno-hw-div -mhw-mul -mno-hw-mulx -mgpopt=global  -o final_project_collector_v3.elf obj/default/main.o -lm -msys-lib=m
nios2-elf-insert final_project_collector_v3.elf --thread_model hal --cpu_name nios2_gen2_0 --qsys true --simulation_enabled false --id 0 --sidp 0x2130 --timestamp 1638731574 --stderr_dev jtag_uart_0 --stdin_dev jtag_uart_0 --stdout_dev jtag_uart_0 --sopc_system_name nios_system --quartus_project_dir "C:/Users/Daniel/Desktop/ece178/greenhouse-monitoring-system-FPGA/data_collector_system" --jdi ../..//output_files/final_project.jdi --sopcinfo C:/Users/Daniel/Desktop/ece178/greenhouse-monitoring-system-FPGA/data_collector_system/software/final_project_collector_v3_bsp/../../nios_system.sopcinfo
Info: (final_project_collector_v3.elf) 79 KBytes program size (code + initialized data).
Info:                                  16298 KBytes free for stack + heap.
Info: Creating final_project_collector_v3.objdump
nios2-elf-objdump --disassemble --syms --all-header --source final_project_collector_v3.elf >final_project_collector_v3.objdump
[final_project_collector_v3 build complete]
13:16:47 **** Incremental Build of configuration Nios II for project final_project_collector_v3 ****
make all 
Info: Building ../final_project_collector_v3_bsp/
C:/intelFPGA_lite/16.1/nios2eds/bin/gnu/H-x86_64-mingw32/bin/make --no-print-directory -C ../final_project_collector_v3_bsp/
[BSP build complete]
[final_project_collector_v3 build complete]
13:17:06 **** Build of configuration Nios II for project final_project_collector_v3 ****
make all 
Info: Building ../final_project_collector_v3_bsp/
C:/intelFPGA_lite/16.1/nios2eds/bin/gnu/H-x86_64-mingw32/bin/make --no-print-directory -C ../final_project_collector_v3_bsp/
[BSP build complete]
[final_project_collector_v3 build complete]
13:17:09 **** Incremental Build of configuration Nios II for project final_project_collector_v3 ****
make all 
Info: Building ../final_project_collector_v3_bsp/
C:/intelFPGA_lite/16.1/nios2eds/bin/gnu/H-x86_64-mingw32/bin/make --no-print-directory -C ../final_project_collector_v3_bsp/
[BSP build complete]
[final_project_collector_v3 build complete]
13:39:20 **** Build of configuration Nios II for project final_project_collector_v3 ****
make all 
Info: Building ../final_project_collector_v3_bsp/
C:/intelFPGA_lite/16.1/nios2eds/bin/gnu/H-x86_64-mingw32/bin/make --no-print-directory -C ../final_project_collector_v3_bsp/
[BSP build complete]
[final_project_collector_v3 build complete]
13:39:22 **** Incremental Build of configuration Nios II for project final_project_collector_v3 ****
make all 
Info: Building ../final_project_collector_v3_bsp/
C:/intelFPGA_lite/16.1/nios2eds/bin/gnu/H-x86_64-mingw32/bin/make --no-print-directory -C ../final_project_collector_v3_bsp/
[BSP build complete]
[final_project_collector_v3 build complete]
13:42:28 **** Build of configuration Nios II for project final_project_collector_v3 ****
make all 
Info: Building ../final_project_collector_v3_bsp/
C:/intelFPGA_lite/16.1/nios2eds/bin/gnu/H-x86_64-mingw32/bin/make --no-print-directory -C ../final_project_collector_v3_bsp/
[BSP build complete]
[final_project_collector_v3 build complete]
13:42:30 **** Incremental Build of configuration Nios II for project final_project_collector_v3 ****
make all 
Info: Building ../final_project_collector_v3_bsp/
C:/intelFPGA_lite/16.1/nios2eds/bin/gnu/H-x86_64-mingw32/bin/make --no-print-directory -C ../final_project_collector_v3_bsp/
[BSP build complete]
[final_project_collector_v3 build complete]
13:54:32 **** Build of configuration Nios II for project final_project_collector_v3 ****
make all 
Info: Building ../final_project_collector_v3_bsp/
C:/intelFPGA_lite/16.1/nios2eds/bin/gnu/H-x86_64-mingw32/bin/make --no-print-directory -C ../final_project_collector_v3_bsp/
[BSP build complete]
[final_project_collector_v3 build complete]
13:54:33 **** Incremental Build of configuration Nios II for project final_project_collector_v3 ****
make all 
Info: Building ../final_project_collector_v3_bsp/
C:/intelFPGA_lite/16.1/nios2eds/bin/gnu/H-x86_64-mingw32/bin/make --no-print-directory -C ../final_project_collector_v3_bsp/
[BSP build complete]
[final_project_collector_v3 build complete]
14:01:09 **** Build of configuration Nios II for project final_project_collector_v3 ****
make all 
Info: Building ../final_project_collector_v3_bsp/
C:/intelFPGA_lite/16.1/nios2eds/bin/gnu/H-x86_64-mingw32/bin/make --no-print-directory -C ../final_project_collector_v3_bsp/
[BSP build complete]
[final_project_collector_v3 build complete]
14:01:11 **** Incremental Build of configuration Nios II for project final_project_collector_v3 ****
make all 
Info: Building ../final_project_collector_v3_bsp/
C:/intelFPGA_lite/16.1/nios2eds/bin/gnu/H-x86_64-mingw32/bin/make --no-print-directory -C ../final_project_collector_v3_bsp/
[BSP build complete]
[final_project_collector_v3 build complete]
14:06:30 **** Build of configuration Nios II for project final_project_collector_v3 ****
make all 
Info: Building ../final_project_collector_v3_bsp/
C:/intelFPGA_lite/16.1/nios2eds/bin/gnu/H-x86_64-mingw32/bin/make --no-print-directory -C ../final_project_collector_v3_bsp/
[BSP build complete]
Info: Compiling main.c to obj/default/main.o
nios2-elf-gcc -xc -MP -MMD -c -I../final_project_collector_v3_bsp//HAL/inc -I../final_project_collector_v3_bsp/ -I../final_project_collector_v3_bsp//drivers/inc  -pipe -D__hal__ -DALT_NO_INSTRUCTION_EMULATION -DALT_SINGLE_THREADED    -O0 -g -Wall   -mno-hw-div -mhw-mul -mno-hw-mulx -mgpopt=global  -o obj/default/main.o main.c
main.c: In function 'print_array_v':
main.c:184:4: warning: implicit declaration of function 'alt_printf' [-Wimplicit-function-declaration]
    alt_printf("%x, ", (a[i] & 0xFF));
    ^
main.c: In function 'timer_int_handler':
main.c:240:34: warning: suggest parentheses around '+' in operand of '&' [-Wparentheses]
   dig_P2 = (test_output[4] << 8) + (test_output[3])& 0xFFFF;
                                  ^
main.c:261:34: warning: suggest parentheses around '+' in operand of '&' [-Wparentheses]
   dig_H2 = (test_output[2] << 8) + (test_output[1])& 0xFFFF;
                                  ^
main.c:263:34: warning: suggest parentheses around '+' in operand of '&' [-Wparentheses]
   dig_H4 = (test_output[4] << 4) + (test_output[5] & 0x0F)& 0xFFF;
                                  ^
main.c:264:34: warning: suggest parentheses around '+' in operand of '&' [-Wparentheses]
   dig_H5 = (test_output[6] << 4) + (test_output[5] & 0xF0)& 0xFFF;
                                  ^
main.c:287:17: warning: pointer targets in passing argument 1 of 'print_array_v' differ in signedness [-Wpointer-sign]
   print_array_v(test_output, 9);
                 ^
main.c:178:6: note: expected 'int8_t * {aka signed char *}' but argument is of type 'uint8_t * {aka unsigned char *}'
 void print_array_v (int8_t a[], int size)
      ^
main.c:292:22: warning: variable 'h' set but not used [-Wunused-but-set-variable]
   union float_by_bit h;
                      ^
main.c:290:22: warning: variable 'p' set but not used [-Wunused-but-set-variable]
   union float_by_bit p;
                      ^
main.c: In function 'pio_init':
main.c:342:2: warning: implicit declaration of function 'alt_irq_register' [-Wimplicit-function-declaration]
  alt_irq_register(TIMER_0_IRQ, TIMER_0_BASE, timer_int_handler);
  ^
Info: Linking final_project_collector_v3.elf
nios2-elf-g++  -T'../final_project_collector_v3_bsp//linker.x' -msys-crt0='../final_project_collector_v3_bsp//obj/HAL/src/crt0.o' -msys-lib=hal_bsp -L../final_project_collector_v3_bsp/   -Wl,-Map=final_project_collector_v3.map   -O0 -g -Wall   -mno-hw-div -mhw-mul -mno-hw-mulx -mgpopt=global  -o final_project_collector_v3.elf obj/default/main.o -lm -msys-lib=m
nios2-elf-insert final_project_collector_v3.elf --thread_model hal --cpu_name nios2_gen2_0 --qsys true --simulation_enabled false --id 0 --sidp 0x2130 --timestamp 1638731574 --stderr_dev jtag_uart_0 --stdin_dev jtag_uart_0 --stdout_dev jtag_uart_0 --sopc_system_name nios_system --quartus_project_dir "C:/Users/Daniel/Desktop/ece178/greenhouse-monitoring-system-FPGA/data_collector_system" --jdi ../..//output_files/final_project.jdi --sopcinfo C:/Users/Daniel/Desktop/ece178/greenhouse-monitoring-system-FPGA/data_collector_system/software/final_project_collector_v3_bsp/../../nios_system.sopcinfo
Info: (final_project_collector_v3.elf) 78 KBytes program size (code + initialized data).
Info:                                  16298 KBytes free for stack + heap.
Info: Creating final_project_collector_v3.objdump
nios2-elf-objdump --disassemble --syms --all-header --source final_project_collector_v3.elf >final_project_collector_v3.objdump
[final_project_collector_v3 build complete]
14:06:34 **** Incremental Build of configuration Nios II for project final_project_collector_v3 ****
make all 
Info: Building ../final_project_collector_v3_bsp/
C:/intelFPGA_lite/16.1/nios2eds/bin/gnu/H-x86_64-mingw32/bin/make --no-print-directory -C ../final_project_collector_v3_bsp/
[BSP build complete]
[final_project_collector_v3 build complete]
14:16:08 **** Build of configuration Nios II for project final_project_collector_v3 ****
make all 
Info: Building ../final_project_collector_v3_bsp/
C:/intelFPGA_lite/16.1/nios2eds/bin/gnu/H-x86_64-mingw32/bin/make --no-print-directory -C ../final_project_collector_v3_bsp/
[BSP build complete]
[final_project_collector_v3 build complete]
14:16:09 **** Incremental Build of configuration Nios II for project final_project_collector_v3 ****
make all 
Info: Building ../final_project_collector_v3_bsp/
C:/intelFPGA_lite/16.1/nios2eds/bin/gnu/H-x86_64-mingw32/bin/make --no-print-directory -C ../final_project_collector_v3_bsp/
[BSP build complete]
[final_project_collector_v3 build complete]
14:34:28 **** Build of configuration Nios II for project final_project_collector_v3 ****
make all 
Info: Building ../final_project_collector_v3_bsp/
C:/intelFPGA_lite/16.1/nios2eds/bin/gnu/H-x86_64-mingw32/bin/make --no-print-directory -C ../final_project_collector_v3_bsp/
[BSP build complete]
Info: Compiling main.c to obj/default/main.o
nios2-elf-gcc -xc -MP -MMD -c -I../final_project_collector_v3_bsp//HAL/inc -I../final_project_collector_v3_bsp/ -I../final_project_collector_v3_bsp//drivers/inc  -pipe -D__hal__ -DALT_NO_INSTRUCTION_EMULATION -DALT_SINGLE_THREADED    -O0 -g -Wall   -mno-hw-div -mhw-mul -mno-hw-mulx -mgpopt=global  -o obj/default/main.o main.c
main.c: In function 'print_array_v':
main.c:184:4: warning: implicit declaration of function 'alt_printf' [-Wimplicit-function-declaration]
    alt_printf("%x, ", (a[i] & 0xFF));
    ^
main.c: In function 'timer_int_handler':
main.c:240:34: warning: suggest parentheses around '+' in operand of '&' [-Wparentheses]
   dig_P2 = (test_output[4] << 8) + (test_output[3])& 0xFFFF;
                                  ^
main.c:261:34: warning: suggest parentheses around '+' in operand of '&' [-Wparentheses]
   dig_H2 = (test_output[2] << 8) + (test_output[1])& 0xFFFF;
                                  ^
main.c:263:34: warning: suggest parentheses around '+' in operand of '&' [-Wparentheses]
   dig_H4 = (test_output[4] << 4) + (test_output[5] & 0x0F)& 0xFFF;
                                  ^
main.c:264:34: warning: suggest parentheses around '+' in operand of '&' [-Wparentheses]
   dig_H5 = (test_output[6] << 4) + (test_output[5] & 0xF0)& 0xFFF;
                                  ^
main.c:287:17: warning: pointer targets in passing argument 1 of 'print_array_v' differ in signedness [-Wpointer-sign]
   print_array_v(test_output, 9);
                 ^
main.c:178:6: note: expected 'int8_t * {aka signed char *}' but argument is of type 'uint8_t * {aka unsigned char *}'
 void print_array_v (int8_t a[], int size)
      ^
main.c:292:22: warning: variable 'h' set but not used [-Wunused-but-set-variable]
   union float_by_bit h;
                      ^
main.c:290:22: warning: variable 'p' set but not used [-Wunused-but-set-variable]
   union float_by_bit p;
                      ^
main.c: In function 'pio_init':
main.c:342:2: warning: implicit declaration of function 'alt_irq_register' [-Wimplicit-function-declaration]
  alt_irq_register(TIMER_0_IRQ, TIMER_0_BASE, timer_int_handler);
  ^
Info: Linking final_project_collector_v3.elf
nios2-elf-g++  -T'../final_project_collector_v3_bsp//linker.x' -msys-crt0='../final_project_collector_v3_bsp//obj/HAL/src/crt0.o' -msys-lib=hal_bsp -L../final_project_collector_v3_bsp/   -Wl,-Map=final_project_collector_v3.map   -O0 -g -Wall   -mno-hw-div -mhw-mul -mno-hw-mulx -mgpopt=global  -o final_project_collector_v3.elf obj/default/main.o -lm -msys-lib=m
nios2-elf-insert final_project_collector_v3.elf --thread_model hal --cpu_name nios2_gen2_0 --qsys true --simulation_enabled false --id 0 --sidp 0x2130 --timestamp 1638731574 --stderr_dev jtag_uart_0 --stdin_dev jtag_uart_0 --stdout_dev jtag_uart_0 --sopc_system_name nios_system --quartus_project_dir "C:/Users/Daniel/Desktop/ece178/greenhouse-monitoring-system-FPGA/data_collector_system" --jdi ../..//output_files/final_project.jdi --sopcinfo C:/Users/Daniel/Desktop/ece178/greenhouse-monitoring-system-FPGA/data_collector_system/software/final_project_collector_v3_bsp/../../nios_system.sopcinfo
Info: (final_project_collector_v3.elf) 78 KBytes program size (code + initialized data).
Info:                                  16298 KBytes free for stack + heap.
Info: Creating final_project_collector_v3.objdump
nios2-elf-objdump --disassemble --syms --all-header --source final_project_collector_v3.elf >final_project_collector_v3.objdump
[final_project_collector_v3 build complete]
14:34:32 **** Incremental Build of configuration Nios II for project final_project_collector_v3 ****
make all 
Info: Building ../final_project_collector_v3_bsp/
C:/intelFPGA_lite/16.1/nios2eds/bin/gnu/H-x86_64-mingw32/bin/make --no-print-directory -C ../final_project_collector_v3_bsp/
[BSP build complete]
[final_project_collector_v3 build complete]
14:36:52 **** Build of configuration Nios II for project final_project_collector_v3 ****
make all 
Info: Building ../final_project_collector_v3_bsp/
C:/intelFPGA_lite/16.1/nios2eds/bin/gnu/H-x86_64-mingw32/bin/make --no-print-directory -C ../final_project_collector_v3_bsp/
[BSP build complete]
[final_project_collector_v3 build complete]
14:36:54 **** Incremental Build of configuration Nios II for project final_project_collector_v3 ****
make all 
Info: Building ../final_project_collector_v3_bsp/
C:/intelFPGA_lite/16.1/nios2eds/bin/gnu/H-x86_64-mingw32/bin/make --no-print-directory -C ../final_project_collector_v3_bsp/
[BSP build complete]
[final_project_collector_v3 build complete]
14:45:41 **** Build of configuration Nios II for project final_project_collector_v3 ****
make all 
Info: Building ../final_project_collector_v3_bsp/
C:/intelFPGA_lite/16.1/nios2eds/bin/gnu/H-x86_64-mingw32/bin/make --no-print-directory -C ../final_project_collector_v3_bsp/
[BSP build complete]
Info: Compiling main.c to obj/default/main.o
nios2-elf-gcc -xc -MP -MMD -c -I../final_project_collector_v3_bsp//HAL/inc -I../final_project_collector_v3_bsp/ -I../final_project_collector_v3_bsp//drivers/inc  -pipe -D__hal__ -DALT_NO_INSTRUCTION_EMULATION -DALT_SINGLE_THREADED    -O0 -g -Wall   -mno-hw-div -mhw-mul -mno-hw-mulx -mgpopt=global  -o obj/default/main.o main.c
main.c: In function 'print_array_v':
main.c:184:4: warning: implicit declaration of function 'alt_printf' [-Wimplicit-function-declaration]
    alt_printf("%x, ", (a[i] & 0xFF));
    ^
main.c: In function 'timer_int_handler':
main.c:240:34: warning: suggest parentheses around '+' in operand of '&' [-Wparentheses]
   dig_P2 = (test_output[4] << 8) + (test_output[3])& 0xFFFF;
                                  ^
main.c:261:34: warning: suggest parentheses around '+' in operand of '&' [-Wparentheses]
   dig_H2 = (test_output[2] << 8) + (test_output[1])& 0xFFFF;
                                  ^
main.c:263:34: warning: suggest parentheses around '+' in operand of '&' [-Wparentheses]
   dig_H4 = (test_output[4] << 4) + (test_output[5] & 0x0F)& 0xFFF;
                                  ^
main.c:264:34: warning: suggest parentheses around '+' in operand of '&' [-Wparentheses]
   dig_H5 = (test_output[6] << 4) + (test_output[5] & 0xF0)& 0xFFF;
                                  ^
main.c:287:17: warning: pointer targets in passing argument 1 of 'print_array_v' differ in signedness [-Wpointer-sign]
   print_array_v(test_output, 9);
                 ^
main.c:178:6: note: expected 'int8_t * {aka signed char *}' but argument is of type 'uint8_t * {aka unsigned char *}'
 void print_array_v (int8_t a[], int size)
      ^
main.c:292:22: warning: variable 'h' set but not used [-Wunused-but-set-variable]
   union float_by_bit h;
                      ^
main.c:290:22: warning: variable 'p' set but not used [-Wunused-but-set-variable]
   union float_by_bit p;
                      ^
main.c: In function 'pio_init':
main.c:342:2: warning: implicit declaration of function 'alt_irq_register' [-Wimplicit-function-declaration]
  alt_irq_register(TIMER_0_IRQ, TIMER_0_BASE, timer_int_handler);
  ^
Info: Linking final_project_collector_v3.elf
nios2-elf-g++  -T'../final_project_collector_v3_bsp//linker.x' -msys-crt0='../final_project_collector_v3_bsp//obj/HAL/src/crt0.o' -msys-lib=hal_bsp -L../final_project_collector_v3_bsp/   -Wl,-Map=final_project_collector_v3.map   -O0 -g -Wall   -mno-hw-div -mhw-mul -mno-hw-mulx -mgpopt=global  -o final_project_collector_v3.elf obj/default/main.o -lm -msys-lib=m
nios2-elf-insert final_project_collector_v3.elf --thread_model hal --cpu_name nios2_gen2_0 --qsys true --simulation_enabled false --id 0 --sidp 0x2130 --timestamp 1638731574 --stderr_dev jtag_uart_0 --stdin_dev jtag_uart_0 --stdout_dev jtag_uart_0 --sopc_system_name nios_system --quartus_project_dir "C:/Users/Daniel/Desktop/ece178/greenhouse-monitoring-system-FPGA/data_collector_system" --jdi ../..//output_files/final_project.jdi --sopcinfo C:/Users/Daniel/Desktop/ece178/greenhouse-monitoring-system-FPGA/data_collector_system/software/final_project_collector_v3_bsp/../../nios_system.sopcinfo
Info: (final_project_collector_v3.elf) 78 KBytes program size (code + initialized data).
Info:                                  16298 KBytes free for stack + heap.
Info: Creating final_project_collector_v3.objdump
nios2-elf-objdump --disassemble --syms --all-header --source final_project_collector_v3.elf >final_project_collector_v3.objdump
[final_project_collector_v3 build complete]
14:45:44 **** Incremental Build of configuration Nios II for project final_project_collector_v3 ****
make all 
Info: Building ../final_project_collector_v3_bsp/
C:/intelFPGA_lite/16.1/nios2eds/bin/gnu/H-x86_64-mingw32/bin/make --no-print-directory -C ../final_project_collector_v3_bsp/
[BSP build complete]
[final_project_collector_v3 build complete]
14:50:12 **** Build of configuration Nios II for project final_project_collector_v3 ****
make all 
Info: Building ../final_project_collector_v3_bsp/
C:/intelFPGA_lite/16.1/nios2eds/bin/gnu/H-x86_64-mingw32/bin/make --no-print-directory -C ../final_project_collector_v3_bsp/
[BSP build complete]
Info: Compiling main.c to obj/default/main.o
nios2-elf-gcc -xc -MP -MMD -c -I../final_project_collector_v3_bsp//HAL/inc -I../final_project_collector_v3_bsp/ -I../final_project_collector_v3_bsp//drivers/inc  -pipe -D__hal__ -DALT_NO_INSTRUCTION_EMULATION -DALT_SINGLE_THREADED    -O0 -g -Wall   -mno-hw-div -mhw-mul -mno-hw-mulx -mgpopt=global  -o obj/default/main.o main.c
main.c: In function 'print_array_v':
main.c:185:4: warning: implicit declaration of function 'alt_printf' [-Wimplicit-function-declaration]
    alt_printf("%x, ", (a[i] & 0xFF));
    ^
main.c: In function 'timer_int_handler':
main.c:241:34: warning: suggest parentheses around '+' in operand of '&' [-Wparentheses]
   dig_P2 = (test_output[4] << 8) + (test_output[3])& 0xFFFF;
                                  ^
main.c:262:34: warning: suggest parentheses around '+' in operand of '&' [-Wparentheses]
   dig_H2 = (test_output[2] << 8) + (test_output[1])& 0xFFFF;
                                  ^
main.c:264:34: warning: suggest parentheses around '+' in operand of '&' [-Wparentheses]
   dig_H4 = (test_output[4] << 4) + (test_output[5] & 0x0F)& 0xFFF;
                                  ^
main.c:265:34: warning: suggest parentheses around '+' in operand of '&' [-Wparentheses]
   dig_H5 = (test_output[6] << 4) + (test_output[5] & 0xF0)& 0xFFF;
                                  ^
main.c:288:17: warning: pointer targets in passing argument 1 of 'print_array_v' differ in signedness [-Wpointer-sign]
   print_array_v(test_output, 9);
                 ^
main.c:179:6: note: expected 'int8_t * {aka signed char *}' but argument is of type 'uint8_t * {aka unsigned char *}'
 void print_array_v (int8_t a[], int size)
      ^
main.c:293:22: warning: variable 'h' set but not used [-Wunused-but-set-variable]
   union float_by_bit h;
                      ^
main.c:291:22: warning: variable 'p' set but not used [-Wunused-but-set-variable]
   union float_by_bit p;
                      ^
main.c: In function 'pio_init':
main.c:343:2: warning: implicit declaration of function 'alt_irq_register' [-Wimplicit-function-declaration]
  alt_irq_register(TIMER_0_IRQ, TIMER_0_BASE, timer_int_handler);
  ^
Info: Linking final_project_collector_v3.elf
nios2-elf-g++  -T'../final_project_collector_v3_bsp//linker.x' -msys-crt0='../final_project_collector_v3_bsp//obj/HAL/src/crt0.o' -msys-lib=hal_bsp -L../final_project_collector_v3_bsp/   -Wl,-Map=final_project_collector_v3.map   -O0 -g -Wall   -mno-hw-div -mhw-mul -mno-hw-mulx -mgpopt=global  -o final_project_collector_v3.elf obj/default/main.o -lm -msys-lib=m
nios2-elf-insert final_project_collector_v3.elf --thread_model hal --cpu_name nios2_gen2_0 --qsys true --simulation_enabled false --id 0 --sidp 0x2130 --timestamp 1638731574 --stderr_dev jtag_uart_0 --stdin_dev jtag_uart_0 --stdout_dev jtag_uart_0 --sopc_system_name nios_system --quartus_project_dir "C:/Users/Daniel/Desktop/ece178/greenhouse-monitoring-system-FPGA/data_collector_system" --jdi ../..//output_files/final_project.jdi --sopcinfo C:/Users/Daniel/Desktop/ece178/greenhouse-monitoring-system-FPGA/data_collector_system/software/final_project_collector_v3_bsp/../../nios_system.sopcinfo
Info: (final_project_collector_v3.elf) 78 KBytes program size (code + initialized data).
Info:                                  16298 KBytes free for stack + heap.
Info: Creating final_project_collector_v3.objdump
nios2-elf-objdump --disassemble --syms --all-header --source final_project_collector_v3.elf >final_project_collector_v3.objdump
[final_project_collector_v3 build complete]
14:50:16 **** Incremental Build of configuration Nios II for project final_project_collector_v3 ****
make all 
Info: Building ../final_project_collector_v3_bsp/
C:/intelFPGA_lite/16.1/nios2eds/bin/gnu/H-x86_64-mingw32/bin/make --no-print-directory -C ../final_project_collector_v3_bsp/
[BSP build complete]
[final_project_collector_v3 build complete]
14:52:59 **** Build of configuration Nios II for project final_project_collector_v3 ****
make all 
Info: Building ../final_project_collector_v3_bsp/
C:/intelFPGA_lite/16.1/nios2eds/bin/gnu/H-x86_64-mingw32/bin/make --no-print-directory -C ../final_project_collector_v3_bsp/
[BSP build complete]
Info: Compiling main.c to obj/default/main.o
nios2-elf-gcc -xc -MP -MMD -c -I../final_project_collector_v3_bsp//HAL/inc -I../final_project_collector_v3_bsp/ -I../final_project_collector_v3_bsp//drivers/inc  -pipe -D__hal__ -DALT_NO_INSTRUCTION_EMULATION -DALT_SINGLE_THREADED    -O0 -g -Wall   -mno-hw-div -mhw-mul -mno-hw-mulx -mgpopt=global  -o obj/default/main.o main.c
main.c: In function 'print_array_v':
main.c:186:4: warning: implicit declaration of function 'alt_printf' [-Wimplicit-function-declaration]
    alt_printf("%x, ", (a[i] & 0xFF));
    ^
main.c: In function 'timer_int_handler':
main.c:242:34: warning: suggest parentheses around '+' in operand of '&' [-Wparentheses]
   dig_P2 = (test_output[4] << 8) + (test_output[3])& 0xFFFF;
                                  ^
main.c:263:34: warning: suggest parentheses around '+' in operand of '&' [-Wparentheses]
   dig_H2 = (test_output[2] << 8) + (test_output[1])& 0xFFFF;
                                  ^
main.c:265:34: warning: suggest parentheses around '+' in operand of '&' [-Wparentheses]
   dig_H4 = (test_output[4] << 4) + (test_output[5] & 0x0F)& 0xFFF;
                                  ^
main.c:266:34: warning: suggest parentheses around '+' in operand of '&' [-Wparentheses]
   dig_H5 = (test_output[6] << 4) + (test_output[5] & 0xF0)& 0xFFF;
                                  ^
main.c:289:17: warning: pointer targets in passing argument 1 of 'print_array_v' differ in signedness [-Wpointer-sign]
   print_array_v(test_output, 9);
                 ^
main.c:180:6: note: expected 'int8_t * {aka signed char *}' but argument is of type 'uint8_t * {aka unsigned char *}'
 void print_array_v (int8_t a[], int size)
      ^
main.c:294:22: warning: variable 'h' set but not used [-Wunused-but-set-variable]
   union float_by_bit h;
                      ^
main.c:292:22: warning: variable 'p' set but not used [-Wunused-but-set-variable]
   union float_by_bit p;
                      ^
main.c: In function 'pio_init':
main.c:344:2: warning: implicit declaration of function 'alt_irq_register' [-Wimplicit-function-declaration]
  alt_irq_register(TIMER_0_IRQ, TIMER_0_BASE, timer_int_handler);
  ^
Info: Linking final_project_collector_v3.elf
nios2-elf-g++  -T'../final_project_collector_v3_bsp//linker.x' -msys-crt0='../final_project_collector_v3_bsp//obj/HAL/src/crt0.o' -msys-lib=hal_bsp -L../final_project_collector_v3_bsp/   -Wl,-Map=final_project_collector_v3.map   -O0 -g -Wall   -mno-hw-div -mhw-mul -mno-hw-mulx -mgpopt=global  -o final_project_collector_v3.elf obj/default/main.o -lm -msys-lib=m
nios2-elf-insert final_project_collector_v3.elf --thread_model hal --cpu_name nios2_gen2_0 --qsys true --simulation_enabled false --id 0 --sidp 0x2130 --timestamp 1638731574 --stderr_dev jtag_uart_0 --stdin_dev jtag_uart_0 --stdout_dev jtag_uart_0 --sopc_system_name nios_system --quartus_project_dir "C:/Users/Daniel/Desktop/ece178/greenhouse-monitoring-system-FPGA/data_collector_system" --jdi ../..//output_files/final_project.jdi --sopcinfo C:/Users/Daniel/Desktop/ece178/greenhouse-monitoring-system-FPGA/data_collector_system/software/final_project_collector_v3_bsp/../../nios_system.sopcinfo
Info: (final_project_collector_v3.elf) 79 KBytes program size (code + initialized data).
Info:                                  16298 KBytes free for stack + heap.
Info: Creating final_project_collector_v3.objdump
nios2-elf-objdump --disassemble --syms --all-header --source final_project_collector_v3.elf >final_project_collector_v3.objdump
[final_project_collector_v3 build complete]
14:53:03 **** Incremental Build of configuration Nios II for project final_project_collector_v3 ****
make all 
Info: Building ../final_project_collector_v3_bsp/
C:/intelFPGA_lite/16.1/nios2eds/bin/gnu/H-x86_64-mingw32/bin/make --no-print-directory -C ../final_project_collector_v3_bsp/
[BSP build complete]
[final_project_collector_v3 build complete]
14:54:21 **** Build of configuration Nios II for project final_project_collector_v3 ****
make all 
Info: Building ../final_project_collector_v3_bsp/
C:/intelFPGA_lite/16.1/nios2eds/bin/gnu/H-x86_64-mingw32/bin/make --no-print-directory -C ../final_project_collector_v3_bsp/
[BSP build complete]
Info: Compiling main.c to obj/default/main.o
nios2-elf-gcc -xc -MP -MMD -c -I../final_project_collector_v3_bsp//HAL/inc -I../final_project_collector_v3_bsp/ -I../final_project_collector_v3_bsp//drivers/inc  -pipe -D__hal__ -DALT_NO_INSTRUCTION_EMULATION -DALT_SINGLE_THREADED    -O0 -g -Wall   -mno-hw-div -mhw-mul -mno-hw-mulx -mgpopt=global  -o obj/default/main.o main.c
main.c: In function 'print_array_v':
main.c:186:4: warning: implicit declaration of function 'alt_printf' [-Wimplicit-function-declaration]
    alt_printf("%x, ", (a[i] & 0xFF));
    ^
main.c: In function 'timer_int_handler':
main.c:242:34: warning: suggest parentheses around '+' in operand of '&' [-Wparentheses]
   dig_P2 = (test_output[4] << 8) + (test_output[3])& 0xFFFF;
                                  ^
main.c:263:34: warning: suggest parentheses around '+' in operand of '&' [-Wparentheses]
   dig_H2 = (test_output[2] << 8) + (test_output[1])& 0xFFFF;
                                  ^
main.c:265:34: warning: suggest parentheses around '+' in operand of '&' [-Wparentheses]
   dig_H4 = (test_output[4] << 4) + (test_output[5] & 0x0F)& 0xFFF;
                                  ^
main.c:266:34: warning: suggest parentheses around '+' in operand of '&' [-Wparentheses]
   dig_H5 = (test_output[6] << 4) + (test_output[5] & 0xF0)& 0xFFF;
                                  ^
main.c:289:17: warning: pointer targets in passing argument 1 of 'print_array_v' differ in signedness [-Wpointer-sign]
   print_array_v(test_output, 9);
                 ^
main.c:180:6: note: expected 'int8_t * {aka signed char *}' but argument is of type 'uint8_t * {aka unsigned char *}'
 void print_array_v (int8_t a[], int size)
      ^
main.c:294:22: warning: variable 'h' set but not used [-Wunused-but-set-variable]
   union float_by_bit h;
                      ^
main.c:292:22: warning: variable 'p' set but not used [-Wunused-but-set-variable]
   union float_by_bit p;
                      ^
main.c: In function 'pio_init':
main.c:344:2: warning: implicit declaration of function 'alt_irq_register' [-Wimplicit-function-declaration]
  alt_irq_register(TIMER_0_IRQ, TIMER_0_BASE, timer_int_handler);
  ^
Info: Linking final_project_collector_v3.elf
nios2-elf-g++  -T'../final_project_collector_v3_bsp//linker.x' -msys-crt0='../final_project_collector_v3_bsp//obj/HAL/src/crt0.o' -msys-lib=hal_bsp -L../final_project_collector_v3_bsp/   -Wl,-Map=final_project_collector_v3.map   -O0 -g -Wall   -mno-hw-div -mhw-mul -mno-hw-mulx -mgpopt=global  -o final_project_collector_v3.elf obj/default/main.o -lm -msys-lib=m
nios2-elf-insert final_project_collector_v3.elf --thread_model hal --cpu_name nios2_gen2_0 --qsys true --simulation_enabled false --id 0 --sidp 0x2130 --timestamp 1638731574 --stderr_dev jtag_uart_0 --stdin_dev jtag_uart_0 --stdout_dev jtag_uart_0 --sopc_system_name nios_system --quartus_project_dir "C:/Users/Daniel/Desktop/ece178/greenhouse-monitoring-system-FPGA/data_collector_system" --jdi ../..//output_files/final_project.jdi --sopcinfo C:/Users/Daniel/Desktop/ece178/greenhouse-monitoring-system-FPGA/data_collector_system/software/final_project_collector_v3_bsp/../../nios_system.sopcinfo
Info: (final_project_collector_v3.elf) 78 KBytes program size (code + initialized data).
Info:                                  16298 KBytes free for stack + heap.
Info: Creating final_project_collector_v3.objdump
nios2-elf-objdump --disassemble --syms --all-header --source final_project_collector_v3.elf >final_project_collector_v3.objdump
[final_project_collector_v3 build complete]
14:54:25 **** Incremental Build of configuration Nios II for project final_project_collector_v3 ****
make all 
Info: Building ../final_project_collector_v3_bsp/
C:/intelFPGA_lite/16.1/nios2eds/bin/gnu/H-x86_64-mingw32/bin/make --no-print-directory -C ../final_project_collector_v3_bsp/
[BSP build complete]
[final_project_collector_v3 build complete]
15:00:18 **** Build of configuration Nios II for project final_project_collector_v3 ****
make all 
Info: Building ../final_project_collector_v3_bsp/
C:/intelFPGA_lite/16.1/nios2eds/bin/gnu/H-x86_64-mingw32/bin/make --no-print-directory -C ../final_project_collector_v3_bsp/
[BSP build complete]
[final_project_collector_v3 build complete]
15:00:21 **** Incremental Build of configuration Nios II for project final_project_collector_v3 ****
make all 
Info: Building ../final_project_collector_v3_bsp/
C:/intelFPGA_lite/16.1/nios2eds/bin/gnu/H-x86_64-mingw32/bin/make --no-print-directory -C ../final_project_collector_v3_bsp/
[BSP build complete]
[final_project_collector_v3 build complete]
15:01:05 **** Build of configuration Nios II for project final_project_collector_v3 ****
make all 
Info: Building ../final_project_collector_v3_bsp/
C:/intelFPGA_lite/16.1/nios2eds/bin/gnu/H-x86_64-mingw32/bin/make --no-print-directory -C ../final_project_collector_v3_bsp/
[BSP build complete]
[final_project_collector_v3 build complete]
15:01:17 **** Incremental Build of configuration Nios II for project final_project_collector_v3 ****
make all 
Info: Building ../final_project_collector_v3_bsp/
C:/intelFPGA_lite/16.1/nios2eds/bin/gnu/H-x86_64-mingw32/bin/make --no-print-directory -C ../final_project_collector_v3_bsp/
[BSP build complete]
[final_project_collector_v3 build complete]
15:08:17 **** Build of configuration Nios II for project final_project_collector_v3 ****
make all 
Info: Building ../final_project_collector_v3_bsp/
C:/intelFPGA_lite/16.1/nios2eds/bin/gnu/H-x86_64-mingw32/bin/make --no-print-directory -C ../final_project_collector_v3_bsp/
[BSP build complete]
Info: Compiling main.c to obj/default/main.o
nios2-elf-gcc -xc -MP -MMD -c -I../final_project_collector_v3_bsp//HAL/inc -I../final_project_collector_v3_bsp/ -I../final_project_collector_v3_bsp//drivers/inc  -pipe -D__hal__ -DALT_NO_INSTRUCTION_EMULATION -DALT_SINGLE_THREADED    -O0 -g -Wall   -mno-hw-div -mhw-mul -mno-hw-mulx -mgpopt=global  -o obj/default/main.o main.c
main.c: In function 'print_array_v':
main.c:186:4: warning: implicit declaration of function 'alt_printf' [-Wimplicit-function-declaration]
    alt_printf("%x, ", (a[i] & 0xFF));
    ^
main.c: In function 'timer_int_handler':
main.c:242:34: warning: suggest parentheses around '+' in operand of '&' [-Wparentheses]
   dig_P2 = (test_output[4] << 8) + (test_output[3])& 0xFFFF;
                                  ^
main.c:263:34: warning: suggest parentheses around '+' in operand of '&' [-Wparentheses]
   dig_H2 = (test_output[2] << 8) + (test_output[1])& 0xFFFF;
                                  ^
main.c:265:34: warning: suggest parentheses around '+' in operand of '&' [-Wparentheses]
   dig_H4 = (test_output[4] << 4) + (test_output[5] & 0x0F)& 0xFFF;
                                  ^
main.c:266:34: warning: suggest parentheses around '+' in operand of '&' [-Wparentheses]
   dig_H5 = (test_output[6] << 4) + (test_output[5] & 0xF0)& 0xFFF;
                                  ^
main.c:289:17: warning: pointer targets in passing argument 1 of 'print_array_v' differ in signedness [-Wpointer-sign]
   print_array_v(test_output, 9);
                 ^
main.c:180:6: note: expected 'int8_t * {aka signed char *}' but argument is of type 'uint8_t * {aka unsigned char *}'
 void print_array_v (int8_t a[], int size)
      ^
main.c:294:22: warning: variable 'h' set but not used [-Wunused-but-set-variable]
   union float_by_bit h;
                      ^
main.c:292:22: warning: variable 'p' set but not used [-Wunused-but-set-variable]
   union float_by_bit p;
                      ^
main.c: In function 'pio_init':
main.c:344:2: warning: implicit declaration of function 'alt_irq_register' [-Wimplicit-function-declaration]
  alt_irq_register(TIMER_0_IRQ, TIMER_0_BASE, timer_int_handler);
  ^
Info: Linking final_project_collector_v3.elf
nios2-elf-g++  -T'../final_project_collector_v3_bsp//linker.x' -msys-crt0='../final_project_collector_v3_bsp//obj/HAL/src/crt0.o' -msys-lib=hal_bsp -L../final_project_collector_v3_bsp/   -Wl,-Map=final_project_collector_v3.map   -O0 -g -Wall   -mno-hw-div -mhw-mul -mno-hw-mulx -mgpopt=global  -o final_project_collector_v3.elf obj/default/main.o -lm -msys-lib=m
nios2-elf-insert final_project_collector_v3.elf --thread_model hal --cpu_name nios2_gen2_0 --qsys true --simulation_enabled false --id 0 --sidp 0x2130 --timestamp 1638731574 --stderr_dev jtag_uart_0 --stdin_dev jtag_uart_0 --stdout_dev jtag_uart_0 --sopc_system_name nios_system --quartus_project_dir "C:/Users/Daniel/Desktop/ece178/greenhouse-monitoring-system-FPGA/data_collector_system" --jdi ../..//output_files/final_project.jdi --sopcinfo C:/Users/Daniel/Desktop/ece178/greenhouse-monitoring-system-FPGA/data_collector_system/software/final_project_collector_v3_bsp/../../nios_system.sopcinfo
Info: (final_project_collector_v3.elf) 78 KBytes program size (code + initialized data).
Info:                                  16298 KBytes free for stack + heap.
Info: Creating final_project_collector_v3.objdump
nios2-elf-objdump --disassemble --syms --all-header --source final_project_collector_v3.elf >final_project_collector_v3.objdump
[final_project_collector_v3 build complete]
15:08:20 **** Incremental Build of configuration Nios II for project final_project_collector_v3 ****
make all 
Info: Building ../final_project_collector_v3_bsp/
C:/intelFPGA_lite/16.1/nios2eds/bin/gnu/H-x86_64-mingw32/bin/make --no-print-directory -C ../final_project_collector_v3_bsp/
[BSP build complete]
[final_project_collector_v3 build complete]
15:08:57 **** Build of configuration Nios II for project final_project_collector_v3 ****
make all 
Info: Building ../final_project_collector_v3_bsp/
C:/intelFPGA_lite/16.1/nios2eds/bin/gnu/H-x86_64-mingw32/bin/make --no-print-directory -C ../final_project_collector_v3_bsp/
[BSP build complete]
[final_project_collector_v3 build complete]
15:09:10 **** Incremental Build of configuration Nios II for project final_project_collector_v3 ****
make all 
Info: Building ../final_project_collector_v3_bsp/
C:/intelFPGA_lite/16.1/nios2eds/bin/gnu/H-x86_64-mingw32/bin/make --no-print-directory -C ../final_project_collector_v3_bsp/
[BSP build complete]
[final_project_collector_v3 build complete]
15:10:24 **** Build of configuration Nios II for project final_project_collector_v3 ****
make all 
Info: Building ../final_project_collector_v3_bsp/
C:/intelFPGA_lite/16.1/nios2eds/bin/gnu/H-x86_64-mingw32/bin/make --no-print-directory -C ../final_project_collector_v3_bsp/
[BSP build complete]
[final_project_collector_v3 build complete]
15:10:25 **** Incremental Build of configuration Nios II for project final_project_collector_v3 ****
make all 
Info: Building ../final_project_collector_v3_bsp/
C:/intelFPGA_lite/16.1/nios2eds/bin/gnu/H-x86_64-mingw32/bin/make --no-print-directory -C ../final_project_collector_v3_bsp/
[BSP build complete]
[final_project_collector_v3 build complete]
15:12:46 **** Build of configuration Nios II for project final_project_collector_v3 ****
make all 
Info: Building ../final_project_collector_v3_bsp/
C:/intelFPGA_lite/16.1/nios2eds/bin/gnu/H-x86_64-mingw32/bin/make --no-print-directory -C ../final_project_collector_v3_bsp/
[BSP build complete]
Info: Compiling main.c to obj/default/main.o
nios2-elf-gcc -xc -MP -MMD -c -I../final_project_collector_v3_bsp//HAL/inc -I../final_project_collector_v3_bsp/ -I../final_project_collector_v3_bsp//drivers/inc  -pipe -D__hal__ -DALT_NO_INSTRUCTION_EMULATION -DALT_SINGLE_THREADED    -O0 -g -Wall   -mno-hw-div -mhw-mul -mno-hw-mulx -mgpopt=global  -o obj/default/main.o main.c
main.c: In function 'print_array_v':
main.c:186:4: warning: implicit declaration of function 'alt_printf' [-Wimplicit-function-declaration]
    alt_printf("%x, ", (a[i] & 0xFF));
    ^
main.c: In function 'timer_int_handler':
main.c:242:34: warning: suggest parentheses around '+' in operand of '&' [-Wparentheses]
   dig_P2 = (test_output[4] << 8) + (test_output[3])& 0xFFFF;
                                  ^
main.c:263:34: warning: suggest parentheses around '+' in operand of '&' [-Wparentheses]
   dig_H2 = (test_output[2] << 8) + (test_output[1])& 0xFFFF;
                                  ^
main.c:265:34: warning: suggest parentheses around '+' in operand of '&' [-Wparentheses]
   dig_H4 = (test_output[4] << 4) + (test_output[5] & 0x0F)& 0xFFF;
                                  ^
main.c:266:34: warning: suggest parentheses around '+' in operand of '&' [-Wparentheses]
   dig_H5 = (test_output[6] << 4) + (test_output[5] & 0xF0)& 0xFFF;
                                  ^
main.c:289:17: warning: pointer targets in passing argument 1 of 'print_array_v' differ in signedness [-Wpointer-sign]
   print_array_v(test_output, 9);
                 ^
main.c:180:6: note: expected 'int8_t * {aka signed char *}' but argument is of type 'uint8_t * {aka unsigned char *}'
 void print_array_v (int8_t a[], int size)
      ^
main.c:300:22: warning: variable 'h' set but not used [-Wunused-but-set-variable]
   union float_by_bit h;
                      ^
main.c:298:22: warning: variable 'p' set but not used [-Wunused-but-set-variable]
   union float_by_bit p;
                      ^
main.c:293:7: warning: variable 'j' set but not used [-Wunused-but-set-variable]
   int j =0;
       ^
main.c: In function 'pio_init':
main.c:349:2: warning: implicit declaration of function 'alt_irq_register' [-Wimplicit-function-declaration]
  alt_irq_register(TIMER_0_IRQ, TIMER_0_BASE, timer_int_handler);
  ^
Info: Linking final_project_collector_v3.elf
nios2-elf-g++  -T'../final_project_collector_v3_bsp//linker.x' -msys-crt0='../final_project_collector_v3_bsp//obj/HAL/src/crt0.o' -msys-lib=hal_bsp -L../final_project_collector_v3_bsp/   -Wl,-Map=final_project_collector_v3.map   -O0 -g -Wall   -mno-hw-div -mhw-mul -mno-hw-mulx -mgpopt=global  -o final_project_collector_v3.elf obj/default/main.o -lm -msys-lib=m
nios2-elf-insert final_project_collector_v3.elf --thread_model hal --cpu_name nios2_gen2_0 --qsys true --simulation_enabled false --id 0 --sidp 0x2130 --timestamp 1638731574 --stderr_dev jtag_uart_0 --stdin_dev jtag_uart_0 --stdout_dev jtag_uart_0 --sopc_system_name nios_system --quartus_project_dir "C:/Users/Daniel/Desktop/ece178/greenhouse-monitoring-system-FPGA/data_collector_system" --jdi ../..//output_files/final_project.jdi --sopcinfo C:/Users/Daniel/Desktop/ece178/greenhouse-monitoring-system-FPGA/data_collector_system/software/final_project_collector_v3_bsp/../../nios_system.sopcinfo
Info: (final_project_collector_v3.elf) 78 KBytes program size (code + initialized data).
Info:                                  16298 KBytes free for stack + heap.
Info: Creating final_project_collector_v3.objdump
nios2-elf-objdump --disassemble --syms --all-header --source final_project_collector_v3.elf >final_project_collector_v3.objdump
[final_project_collector_v3 build complete]
15:12:50 **** Incremental Build of configuration Nios II for project final_project_collector_v3 ****
make all 
Info: Building ../final_project_collector_v3_bsp/
C:/intelFPGA_lite/16.1/nios2eds/bin/gnu/H-x86_64-mingw32/bin/make --no-print-directory -C ../final_project_collector_v3_bsp/
[BSP build complete]
[final_project_collector_v3 build complete]
15:19:41 **** Build of configuration Nios II for project final_project_collector_v3 ****
make all 
Info: Building ../final_project_collector_v3_bsp/
C:/intelFPGA_lite/16.1/nios2eds/bin/gnu/H-x86_64-mingw32/bin/make --no-print-directory -C ../final_project_collector_v3_bsp/
[BSP build complete]
[final_project_collector_v3 build complete]
15:19:43 **** Incremental Build of configuration Nios II for project final_project_collector_v3 ****
make all 
Info: Building ../final_project_collector_v3_bsp/
C:/intelFPGA_lite/16.1/nios2eds/bin/gnu/H-x86_64-mingw32/bin/make --no-print-directory -C ../final_project_collector_v3_bsp/
[BSP build complete]
[final_project_collector_v3 build complete]
15:26:48 **** Build of configuration Nios II for project final_project_collector_v3 ****
make all 
Info: Building ../final_project_collector_v3_bsp/
C:/intelFPGA_lite/16.1/nios2eds/bin/gnu/H-x86_64-mingw32/bin/make --no-print-directory -C ../final_project_collector_v3_bsp/
[BSP build complete]
[final_project_collector_v3 build complete]
15:26:53 **** Incremental Build of configuration Nios II for project final_project_collector_v3 ****
make all 
Info: Building ../final_project_collector_v3_bsp/
C:/intelFPGA_lite/16.1/nios2eds/bin/gnu/H-x86_64-mingw32/bin/make --no-print-directory -C ../final_project_collector_v3_bsp/
[BSP build complete]
Info: Compiling main.c to obj/default/main.o
nios2-elf-gcc -xc -MP -MMD -c -I../final_project_collector_v3_bsp//HAL/inc -I../final_project_collector_v3_bsp/ -I../final_project_collector_v3_bsp//drivers/inc  -pipe -D__hal__ -DALT_NO_INSTRUCTION_EMULATION -DALT_SINGLE_THREADED    -O0 -g -Wall   -mno-hw-div -mhw-mul -mno-hw-mulx -mgpopt=global  -o obj/default/main.o main.c
main.c: In function 'print_array_v':
main.c:186:4: warning: implicit declaration of function 'alt_printf' [-Wimplicit-function-declaration]
    alt_printf("%x, ", (a[i] & 0xFF));
    ^
main.c: In function 'timer_int_handler':
main.c:242:34: warning: suggest parentheses around '+' in operand of '&' [-Wparentheses]
   dig_P2 = (test_output[4] << 8) + (test_output[3])& 0xFFFF;
                                  ^
main.c:263:34: warning: suggest parentheses around '+' in operand of '&' [-Wparentheses]
   dig_H2 = (test_output[2] << 8) + (test_output[1])& 0xFFFF;
                                  ^
main.c:265:34: warning: suggest parentheses around '+' in operand of '&' [-Wparentheses]
   dig_H4 = (test_output[4] << 4) + (test_output[5] & 0x0F)& 0xFFF;
                                  ^
main.c:266:34: warning: suggest parentheses around '+' in operand of '&' [-Wparentheses]
   dig_H5 = (test_output[6] << 4) + (test_output[5] & 0xF0)& 0xFFF;
                                  ^
main.c:289:17: warning: pointer targets in passing argument 1 of 'print_array_v' differ in signedness [-Wpointer-sign]
   print_array_v(test_output, 9);
                 ^
main.c:180:6: note: expected 'int8_t * {aka signed char *}' but argument is of type 'uint8_t * {aka unsigned char *}'
 void print_array_v (int8_t a[], int size)
      ^
main.c:300:22: warning: variable 'h' set but not used [-Wunused-but-set-variable]
   union float_by_bit h;
                      ^
main.c:298:22: warning: variable 'p' set but not used [-Wunused-but-set-variable]
   union float_by_bit p;
                      ^
main.c:293:7: warning: variable 'j' set but not used [-Wunused-but-set-variable]
   int j =0;
       ^
main.c:340:28: error: 'test' undeclared (first use in this function)
   spi_comm_nrf(test_input, test)
                            ^
main.c:340:28: note: each undeclared identifier is reported only once for each function it appears in
main.c:340:3: error: too few arguments to function 'spi_comm_nrf'
   spi_comm_nrf(test_input, test)
   ^
main.c:130:6: note: declared here
 void spi_comm_nrf(uint8_t input[], uint8_t output[], int in_length, int out_length)
      ^
main.c:341:3: error: expected ';' before 'SETUP'
   SETUP = 2;
   ^
main.c: In function 'pio_init':
main.c:353:2: warning: implicit declaration of function 'alt_irq_register' [-Wimplicit-function-declaration]
  alt_irq_register(TIMER_0_IRQ, TIMER_0_BASE, timer_int_handler);
  ^
make: *** [obj/default/main.o] Error 1
15:27:04 **** Build of configuration Nios II for project final_project_collector_v3 ****
make all 
Info: Building ../final_project_collector_v3_bsp/
C:/intelFPGA_lite/16.1/nios2eds/bin/gnu/H-x86_64-mingw32/bin/make --no-print-directory -C ../final_project_collector_v3_bsp/
[BSP build complete]
Info: Compiling main.c to obj/default/main.o
nios2-elf-gcc -xc -MP -MMD -c -I../final_project_collector_v3_bsp//HAL/inc -I../final_project_collector_v3_bsp/ -I../final_project_collector_v3_bsp//drivers/inc  -pipe -D__hal__ -DALT_NO_INSTRUCTION_EMULATION -DALT_SINGLE_THREADED    -O0 -g -Wall   -mno-hw-div -mhw-mul -mno-hw-mulx -mgpopt=global  -o obj/default/main.o main.c
main.c: In function 'print_array_v':
main.c:186:4: warning: implicit declaration of function 'alt_printf' [-Wimplicit-function-declaration]
    alt_printf("%x, ", (a[i] & 0xFF));
    ^
main.c: In function 'timer_int_handler':
main.c:242:34: warning: suggest parentheses around '+' in operand of '&' [-Wparentheses]
   dig_P2 = (test_output[4] << 8) + (test_output[3])& 0xFFFF;
                                  ^
main.c:263:34: warning: suggest parentheses around '+' in operand of '&' [-Wparentheses]
   dig_H2 = (test_output[2] << 8) + (test_output[1])& 0xFFFF;
                                  ^
main.c:265:34: warning: suggest parentheses around '+' in operand of '&' [-Wparentheses]
   dig_H4 = (test_output[4] << 4) + (test_output[5] & 0x0F)& 0xFFF;
                                  ^
main.c:266:34: warning: suggest parentheses around '+' in operand of '&' [-Wparentheses]
   dig_H5 = (test_output[6] << 4) + (test_output[5] & 0xF0)& 0xFFF;
                                  ^
main.c:289:17: warning: pointer targets in passing argument 1 of 'print_array_v' differ in signedness [-Wpointer-sign]
   print_array_v(test_output, 9);
                 ^
main.c:180:6: note: expected 'int8_t * {aka signed char *}' but argument is of type 'uint8_t * {aka unsigned char *}'
 void print_array_v (int8_t a[], int size)
      ^
main.c:300:22: warning: variable 'h' set but not used [-Wunused-but-set-variable]
   union float_by_bit h;
                      ^
main.c:298:22: warning: variable 'p' set but not used [-Wunused-but-set-variable]
   union float_by_bit p;
                      ^
main.c:293:7: warning: variable 'j' set but not used [-Wunused-but-set-variable]
   int j =0;
       ^
main.c:340:28: error: 'test' undeclared (first use in this function)
   spi_comm_nrf(test_input, test)
                            ^
main.c:340:28: note: each undeclared identifier is reported only once for each function it appears in
main.c:340:3: error: too few arguments to function 'spi_comm_nrf'
   spi_comm_nrf(test_input, test)
   ^
main.c:130:6: note: declared here
 void spi_comm_nrf(uint8_t input[], uint8_t output[], int in_length, int out_length)
      ^
main.c:341:3: error: expected ';' before 'SETUP'
   SETUP = 2;
   ^
main.c: In function 'pio_init':
main.c:353:2: warning: implicit declaration of function 'alt_irq_register' [-Wimplicit-function-declaration]
  alt_irq_register(TIMER_0_IRQ, TIMER_0_BASE, timer_int_handler);
  ^
make: *** [obj/default/main.o] Error 1
15:27:08 **** Incremental Build of configuration Nios II for project final_project_collector_v3 ****
make all 
Info: Building ../final_project_collector_v3_bsp/
C:/intelFPGA_lite/16.1/nios2eds/bin/gnu/H-x86_64-mingw32/bin/make --no-print-directory -C ../final_project_collector_v3_bsp/
[BSP build complete]
Info: Compiling main.c to obj/default/main.o
nios2-elf-gcc -xc -MP -MMD -c -I../final_project_collector_v3_bsp//HAL/inc -I../final_project_collector_v3_bsp/ -I../final_project_collector_v3_bsp//drivers/inc  -pipe -D__hal__ -DALT_NO_INSTRUCTION_EMULATION -DALT_SINGLE_THREADED    -O0 -g -Wall   -mno-hw-div -mhw-mul -mno-hw-mulx -mgpopt=global  -o obj/default/main.o main.c
main.c: In function 'print_array_v':
main.c:186:4: warning: implicit declaration of function 'alt_printf' [-Wimplicit-function-declaration]
    alt_printf("%x, ", (a[i] & 0xFF));
    ^
main.c: In function 'timer_int_handler':
main.c:242:34: warning: suggest parentheses around '+' in operand of '&' [-Wparentheses]
   dig_P2 = (test_output[4] << 8) + (test_output[3])& 0xFFFF;
                                  ^
main.c:263:34: warning: suggest parentheses around '+' in operand of '&' [-Wparentheses]
   dig_H2 = (test_output[2] << 8) + (test_output[1])& 0xFFFF;
                                  ^
main.c:265:34: warning: suggest parentheses around '+' in operand of '&' [-Wparentheses]
   dig_H4 = (test_output[4] << 4) + (test_output[5] & 0x0F)& 0xFFF;
                                  ^
main.c:266:34: warning: suggest parentheses around '+' in operand of '&' [-Wparentheses]
   dig_H5 = (test_output[6] << 4) + (test_output[5] & 0xF0)& 0xFFF;
                                  ^
main.c:289:17: warning: pointer targets in passing argument 1 of 'print_array_v' differ in signedness [-Wpointer-sign]
   print_array_v(test_output, 9);
                 ^
main.c:180:6: note: expected 'int8_t * {aka signed char *}' but argument is of type 'uint8_t * {aka unsigned char *}'
 void print_array_v (int8_t a[], int size)
      ^
main.c:300:22: warning: variable 'h' set but not used [-Wunused-but-set-variable]
   union float_by_bit h;
                      ^
main.c:298:22: warning: variable 'p' set but not used [-Wunused-but-set-variable]
   union float_by_bit p;
                      ^
main.c:293:7: warning: variable 'j' set but not used [-Wunused-but-set-variable]
   int j =0;
       ^
main.c:340:28: error: 'test' undeclared (first use in this function)
   spi_comm_nrf(test_input, test);
                            ^
main.c:340:28: note: each undeclared identifier is reported only once for each function it appears in
main.c:340:3: error: too few arguments to function 'spi_comm_nrf'
   spi_comm_nrf(test_input, test);
   ^
main.c:130:6: note: declared here
 void spi_comm_nrf(uint8_t input[], uint8_t output[], int in_length, int out_length)
      ^
main.c: In function 'pio_init':
main.c:353:2: warning: implicit declaration of function 'alt_irq_register' [-Wimplicit-function-declaration]
  alt_irq_register(TIMER_0_IRQ, TIMER_0_BASE, timer_int_handler);
  ^
make: *** [obj/default/main.o] Error 1
15:27:23 **** Build of configuration Nios II for project final_project_collector_v3 ****
make all 
Info: Building ../final_project_collector_v3_bsp/
C:/intelFPGA_lite/16.1/nios2eds/bin/gnu/H-x86_64-mingw32/bin/make --no-print-directory -C ../final_project_collector_v3_bsp/
[BSP build complete]
Info: Compiling main.c to obj/default/main.o
nios2-elf-gcc -xc -MP -MMD -c -I../final_project_collector_v3_bsp//HAL/inc -I../final_project_collector_v3_bsp/ -I../final_project_collector_v3_bsp//drivers/inc  -pipe -D__hal__ -DALT_NO_INSTRUCTION_EMULATION -DALT_SINGLE_THREADED    -O0 -g -Wall   -mno-hw-div -mhw-mul -mno-hw-mulx -mgpopt=global  -o obj/default/main.o main.c
main.c: In function 'print_array_v':
main.c:186:4: warning: implicit declaration of function 'alt_printf' [-Wimplicit-function-declaration]
    alt_printf("%x, ", (a[i] & 0xFF));
    ^
main.c: In function 'timer_int_handler':
main.c:242:34: warning: suggest parentheses around '+' in operand of '&' [-Wparentheses]
   dig_P2 = (test_output[4] << 8) + (test_output[3])& 0xFFFF;
                                  ^
main.c:263:34: warning: suggest parentheses around '+' in operand of '&' [-Wparentheses]
   dig_H2 = (test_output[2] << 8) + (test_output[1])& 0xFFFF;
                                  ^
main.c:265:34: warning: suggest parentheses around '+' in operand of '&' [-Wparentheses]
   dig_H4 = (test_output[4] << 4) + (test_output[5] & 0x0F)& 0xFFF;
                                  ^
main.c:266:34: warning: suggest parentheses around '+' in operand of '&' [-Wparentheses]
   dig_H5 = (test_output[6] << 4) + (test_output[5] & 0xF0)& 0xFFF;
                                  ^
main.c:289:17: warning: pointer targets in passing argument 1 of 'print_array_v' differ in signedness [-Wpointer-sign]
   print_array_v(test_output, 9);
                 ^
main.c:180:6: note: expected 'int8_t * {aka signed char *}' but argument is of type 'uint8_t * {aka unsigned char *}'
 void print_array_v (int8_t a[], int size)
      ^
main.c:300:22: warning: variable 'h' set but not used [-Wunused-but-set-variable]
   union float_by_bit h;
                      ^
main.c:298:22: warning: variable 'p' set but not used [-Wunused-but-set-variable]
   union float_by_bit p;
                      ^
main.c:293:7: warning: variable 'j' set but not used [-Wunused-but-set-variable]
   int j =0;
       ^
main.c:340:28: error: 'test_ouput' undeclared (first use in this function)
   spi_comm_nrf(test_input, test_ouput, 2, 0);
                            ^
main.c:340:28: note: each undeclared identifier is reported only once for each function it appears in
main.c: In function 'pio_init':
main.c:353:2: warning: implicit declaration of function 'alt_irq_register' [-Wimplicit-function-declaration]
  alt_irq_register(TIMER_0_IRQ, TIMER_0_BASE, timer_int_handler);
  ^
make: *** [obj/default/main.o] Error 1
15:27:25 **** Incremental Build of configuration Nios II for project final_project_collector_v3 ****
make all 
Info: Building ../final_project_collector_v3_bsp/
C:/intelFPGA_lite/16.1/nios2eds/bin/gnu/H-x86_64-mingw32/bin/make --no-print-directory -C ../final_project_collector_v3_bsp/
[BSP build complete]
Info: Compiling main.c to obj/default/main.o
nios2-elf-gcc -xc -MP -MMD -c -I../final_project_collector_v3_bsp//HAL/inc -I../final_project_collector_v3_bsp/ -I../final_project_collector_v3_bsp//drivers/inc  -pipe -D__hal__ -DALT_NO_INSTRUCTION_EMULATION -DALT_SINGLE_THREADED    -O0 -g -Wall   -mno-hw-div -mhw-mul -mno-hw-mulx -mgpopt=global  -o obj/default/main.o main.c
main.c: In function 'print_array_v':
main.c:186:4: warning: implicit declaration of function 'alt_printf' [-Wimplicit-function-declaration]
    alt_printf("%x, ", (a[i] & 0xFF));
    ^
main.c: In function 'timer_int_handler':
main.c:242:34: warning: suggest parentheses around '+' in operand of '&' [-Wparentheses]
   dig_P2 = (test_output[4] << 8) + (test_output[3])& 0xFFFF;
                                  ^
main.c:263:34: warning: suggest parentheses around '+' in operand of '&' [-Wparentheses]
   dig_H2 = (test_output[2] << 8) + (test_output[1])& 0xFFFF;
                                  ^
main.c:265:34: warning: suggest parentheses around '+' in operand of '&' [-Wparentheses]
   dig_H4 = (test_output[4] << 4) + (test_output[5] & 0x0F)& 0xFFF;
                                  ^
main.c:266:34: warning: suggest parentheses around '+' in operand of '&' [-Wparentheses]
   dig_H5 = (test_output[6] << 4) + (test_output[5] & 0xF0)& 0xFFF;
                                  ^
main.c:289:17: warning: pointer targets in passing argument 1 of 'print_array_v' differ in signedness [-Wpointer-sign]
   print_array_v(test_output, 9);
                 ^
main.c:180:6: note: expected 'int8_t * {aka signed char *}' but argument is of type 'uint8_t * {aka unsigned char *}'
 void print_array_v (int8_t a[], int size)
      ^
main.c:300:22: warning: variable 'h' set but not used [-Wunused-but-set-variable]
   union float_by_bit h;
                      ^
main.c:298:22: warning: variable 'p' set but not used [-Wunused-but-set-variable]
   union float_by_bit p;
                      ^
main.c:293:7: warning: variable 'j' set but not used [-Wunused-but-set-variable]
   int j =0;
       ^
main.c:340:28: error: 'test_ouput' undeclared (first use in this function)
   spi_comm_nrf(test_input, test_ouput, 2, 0);
                            ^
main.c:340:28: note: each undeclared identifier is reported only once for each function it appears in
main.c: In function 'pio_init':
main.c:353:2: warning: implicit declaration of function 'alt_irq_register' [-Wimplicit-function-declaration]
  alt_irq_register(TIMER_0_IRQ, TIMER_0_BASE, timer_int_handler);
  ^
make: *** [obj/default/main.o] Error 1
15:27:36 **** Build of configuration Nios II for project final_project_collector_v3 ****
make all 
Info: Building ../final_project_collector_v3_bsp/
C:/intelFPGA_lite/16.1/nios2eds/bin/gnu/H-x86_64-mingw32/bin/make --no-print-directory -C ../final_project_collector_v3_bsp/
[BSP build complete]
Info: Compiling main.c to obj/default/main.o
nios2-elf-gcc -xc -MP -MMD -c -I../final_project_collector_v3_bsp//HAL/inc -I../final_project_collector_v3_bsp/ -I../final_project_collector_v3_bsp//drivers/inc  -pipe -D__hal__ -DALT_NO_INSTRUCTION_EMULATION -DALT_SINGLE_THREADED    -O0 -g -Wall   -mno-hw-div -mhw-mul -mno-hw-mulx -mgpopt=global  -o obj/default/main.o main.c
main.c: In function 'print_array_v':
main.c:186:4: warning: implicit declaration of function 'alt_printf' [-Wimplicit-function-declaration]
    alt_printf("%x, ", (a[i] & 0xFF));
    ^
main.c: In function 'timer_int_handler':
main.c:242:34: warning: suggest parentheses around '+' in operand of '&' [-Wparentheses]
   dig_P2 = (test_output[4] << 8) + (test_output[3])& 0xFFFF;
                                  ^
main.c:263:34: warning: suggest parentheses around '+' in operand of '&' [-Wparentheses]
   dig_H2 = (test_output[2] << 8) + (test_output[1])& 0xFFFF;
                                  ^
main.c:265:34: warning: suggest parentheses around '+' in operand of '&' [-Wparentheses]
   dig_H4 = (test_output[4] << 4) + (test_output[5] & 0x0F)& 0xFFF;
                                  ^
main.c:266:34: warning: suggest parentheses around '+' in operand of '&' [-Wparentheses]
   dig_H5 = (test_output[6] << 4) + (test_output[5] & 0xF0)& 0xFFF;
                                  ^
main.c:289:17: warning: pointer targets in passing argument 1 of 'print_array_v' differ in signedness [-Wpointer-sign]
   print_array_v(test_output, 9);
                 ^
main.c:180:6: note: expected 'int8_t * {aka signed char *}' but argument is of type 'uint8_t * {aka unsigned char *}'
 void print_array_v (int8_t a[], int size)
      ^
main.c:300:22: warning: variable 'h' set but not used [-Wunused-but-set-variable]
   union float_by_bit h;
                      ^
main.c:298:22: warning: variable 'p' set but not used [-Wunused-but-set-variable]
   union float_by_bit p;
                      ^
main.c:293:7: warning: variable 'j' set but not used [-Wunused-but-set-variable]
   int j =0;
       ^
main.c: In function 'pio_init':
main.c:353:2: warning: implicit declaration of function 'alt_irq_register' [-Wimplicit-function-declaration]
  alt_irq_register(TIMER_0_IRQ, TIMER_0_BASE, timer_int_handler);
  ^
Info: Linking final_project_collector_v3.elf
nios2-elf-g++  -T'../final_project_collector_v3_bsp//linker.x' -msys-crt0='../final_project_collector_v3_bsp//obj/HAL/src/crt0.o' -msys-lib=hal_bsp -L../final_project_collector_v3_bsp/   -Wl,-Map=final_project_collector_v3.map   -O0 -g -Wall   -mno-hw-div -mhw-mul -mno-hw-mulx -mgpopt=global  -o final_project_collector_v3.elf obj/default/main.o -lm -msys-lib=m
nios2-elf-insert final_project_collector_v3.elf --thread_model hal --cpu_name nios2_gen2_0 --qsys true --simulation_enabled false --id 0 --sidp 0x2130 --timestamp 1638731574 --stderr_dev jtag_uart_0 --stdin_dev jtag_uart_0 --stdout_dev jtag_uart_0 --sopc_system_name nios_system --quartus_project_dir "C:/Users/Daniel/Desktop/ece178/greenhouse-monitoring-system-FPGA/data_collector_system" --jdi ../..//output_files/final_project.jdi --sopcinfo C:/Users/Daniel/Desktop/ece178/greenhouse-monitoring-system-FPGA/data_collector_system/software/final_project_collector_v3_bsp/../../nios_system.sopcinfo
Info: (final_project_collector_v3.elf) 78 KBytes program size (code + initialized data).
Info:                                  16298 KBytes free for stack + heap.
Info: Creating final_project_collector_v3.objdump
nios2-elf-objdump --disassemble --syms --all-header --source final_project_collector_v3.elf >final_project_collector_v3.objdump
[final_project_collector_v3 build complete]
15:27:41 **** Incremental Build of configuration Nios II for project final_project_collector_v3 ****
make all 
Info: Building ../final_project_collector_v3_bsp/
C:/intelFPGA_lite/16.1/nios2eds/bin/gnu/H-x86_64-mingw32/bin/make --no-print-directory -C ../final_project_collector_v3_bsp/
[BSP build complete]
[final_project_collector_v3 build complete]
15:35:44 **** Build of configuration Nios II for project final_project_collector_v3 ****
make all 
Info: Building ../final_project_collector_v3_bsp/
C:/intelFPGA_lite/16.1/nios2eds/bin/gnu/H-x86_64-mingw32/bin/make --no-print-directory -C ../final_project_collector_v3_bsp/
[BSP build complete]
Info: Compiling main.c to obj/default/main.o
nios2-elf-gcc -xc -MP -MMD -c -I../final_project_collector_v3_bsp//HAL/inc -I../final_project_collector_v3_bsp/ -I../final_project_collector_v3_bsp//drivers/inc  -pipe -D__hal__ -DALT_NO_INSTRUCTION_EMULATION -DALT_SINGLE_THREADED    -O0 -g -Wall   -mno-hw-div -mhw-mul -mno-hw-mulx -mgpopt=global  -o obj/default/main.o main.c
main.c: In function 'print_array_v':
main.c:186:4: warning: implicit declaration of function 'alt_printf' [-Wimplicit-function-declaration]
    alt_printf("%x, ", (a[i] & 0xFF));
    ^
main.c: In function 'timer_int_handler':
main.c:242:34: warning: suggest parentheses around '+' in operand of '&' [-Wparentheses]
   dig_P2 = (test_output[4] << 8) + (test_output[3])& 0xFFFF;
                                  ^
main.c:263:34: warning: suggest parentheses around '+' in operand of '&' [-Wparentheses]
   dig_H2 = (test_output[2] << 8) + (test_output[1])& 0xFFFF;
                                  ^
main.c:265:34: warning: suggest parentheses around '+' in operand of '&' [-Wparentheses]
   dig_H4 = (test_output[4] << 4) + (test_output[5] & 0x0F)& 0xFFF;
                                  ^
main.c:266:34: warning: suggest parentheses around '+' in operand of '&' [-Wparentheses]
   dig_H5 = (test_output[6] << 4) + (test_output[5] & 0xF0)& 0xFFF;
                                  ^
main.c:289:17: warning: pointer targets in passing argument 1 of 'print_array_v' differ in signedness [-Wpointer-sign]
   print_array_v(test_output, 9);
                 ^
main.c:180:6: note: expected 'int8_t * {aka signed char *}' but argument is of type 'uint8_t * {aka unsigned char *}'
 void print_array_v (int8_t a[], int size)
      ^
main.c:300:22: warning: variable 'h' set but not used [-Wunused-but-set-variable]
   union float_by_bit h;
                      ^
main.c:298:22: warning: variable 'p' set but not used [-Wunused-but-set-variable]
   union float_by_bit p;
                      ^
main.c:293:7: warning: variable 'j' set but not used [-Wunused-but-set-variable]
   int j =0;
       ^
main.c: In function 'pio_init':
main.c:353:2: warning: implicit declaration of function 'alt_irq_register' [-Wimplicit-function-declaration]
  alt_irq_register(TIMER_0_IRQ, TIMER_0_BASE, timer_int_handler);
  ^
Info: Linking final_project_collector_v3.elf
nios2-elf-g++  -T'../final_project_collector_v3_bsp//linker.x' -msys-crt0='../final_project_collector_v3_bsp//obj/HAL/src/crt0.o' -msys-lib=hal_bsp -L../final_project_collector_v3_bsp/   -Wl,-Map=final_project_collector_v3.map   -O0 -g -Wall   -mno-hw-div -mhw-mul -mno-hw-mulx -mgpopt=global  -o final_project_collector_v3.elf obj/default/main.o -lm -msys-lib=m
nios2-elf-insert final_project_collector_v3.elf --thread_model hal --cpu_name nios2_gen2_0 --qsys true --simulation_enabled false --id 0 --sidp 0x2130 --timestamp 1638731574 --stderr_dev jtag_uart_0 --stdin_dev jtag_uart_0 --stdout_dev jtag_uart_0 --sopc_system_name nios_system --quartus_project_dir "C:/Users/Daniel/Desktop/ece178/greenhouse-monitoring-system-FPGA/data_collector_system" --jdi ../..//output_files/final_project.jdi --sopcinfo C:/Users/Daniel/Desktop/ece178/greenhouse-monitoring-system-FPGA/data_collector_system/software/final_project_collector_v3_bsp/../../nios_system.sopcinfo
Info: (final_project_collector_v3.elf) 78 KBytes program size (code + initialized data).
Info:                                  16298 KBytes free for stack + heap.
Info: Creating final_project_collector_v3.objdump
nios2-elf-objdump --disassemble --syms --all-header --source final_project_collector_v3.elf >final_project_collector_v3.objdump
[final_project_collector_v3 build complete]
15:35:47 **** Incremental Build of configuration Nios II for project final_project_collector_v3 ****
make all 
Info: Building ../final_project_collector_v3_bsp/
C:/intelFPGA_lite/16.1/nios2eds/bin/gnu/H-x86_64-mingw32/bin/make --no-print-directory -C ../final_project_collector_v3_bsp/
[BSP build complete]
[final_project_collector_v3 build complete]
15:38:11 **** Build of configuration Nios II for project final_project_collector_v3 ****
make all 
Info: Building ../final_project_collector_v3_bsp/
C:/intelFPGA_lite/16.1/nios2eds/bin/gnu/H-x86_64-mingw32/bin/make --no-print-directory -C ../final_project_collector_v3_bsp/
[BSP build complete]
Info: Compiling main.c to obj/default/main.o
nios2-elf-gcc -xc -MP -MMD -c -I../final_project_collector_v3_bsp//HAL/inc -I../final_project_collector_v3_bsp/ -I../final_project_collector_v3_bsp//drivers/inc  -pipe -D__hal__ -DALT_NO_INSTRUCTION_EMULATION -DALT_SINGLE_THREADED    -O0 -g -Wall   -mno-hw-div -mhw-mul -mno-hw-mulx -mgpopt=global  -o obj/default/main.o main.c
main.c: In function 'print_array_v':
main.c:186:4: warning: implicit declaration of function 'alt_printf' [-Wimplicit-function-declaration]
    alt_printf("%x, ", (a[i] & 0xFF));
    ^
main.c: In function 'timer_int_handler':
main.c:242:34: warning: suggest parentheses around '+' in operand of '&' [-Wparentheses]
   dig_P2 = (test_output[4] << 8) + (test_output[3])& 0xFFFF;
                                  ^
main.c:263:34: warning: suggest parentheses around '+' in operand of '&' [-Wparentheses]
   dig_H2 = (test_output[2] << 8) + (test_output[1])& 0xFFFF;
                                  ^
main.c:265:34: warning: suggest parentheses around '+' in operand of '&' [-Wparentheses]
   dig_H4 = (test_output[4] << 4) + (test_output[5] & 0x0F)& 0xFFF;
                                  ^
main.c:266:34: warning: suggest parentheses around '+' in operand of '&' [-Wparentheses]
   dig_H5 = (test_output[6] << 4) + (test_output[5] & 0xF0)& 0xFFF;
                                  ^
main.c:289:17: warning: pointer targets in passing argument 1 of 'print_array_v' differ in signedness [-Wpointer-sign]
   print_array_v(test_output, 9);
                 ^
main.c:180:6: note: expected 'int8_t * {aka signed char *}' but argument is of type 'uint8_t * {aka unsigned char *}'
 void print_array_v (int8_t a[], int size)
      ^
main.c:293:7: warning: variable 'j' set but not used [-Wunused-but-set-variable]
   int j =0;
       ^
main.c: In function 'pio_init':
main.c:353:2: warning: implicit declaration of function 'alt_irq_register' [-Wimplicit-function-declaration]
  alt_irq_register(TIMER_0_IRQ, TIMER_0_BASE, timer_int_handler);
  ^
Info: Linking final_project_collector_v3.elf
nios2-elf-g++  -T'../final_project_collector_v3_bsp//linker.x' -msys-crt0='../final_project_collector_v3_bsp//obj/HAL/src/crt0.o' -msys-lib=hal_bsp -L../final_project_collector_v3_bsp/   -Wl,-Map=final_project_collector_v3.map   -O0 -g -Wall   -mno-hw-div -mhw-mul -mno-hw-mulx -mgpopt=global  -o final_project_collector_v3.elf obj/default/main.o -lm -msys-lib=m
nios2-elf-insert final_project_collector_v3.elf --thread_model hal --cpu_name nios2_gen2_0 --qsys true --simulation_enabled false --id 0 --sidp 0x2130 --timestamp 1638731574 --stderr_dev jtag_uart_0 --stdin_dev jtag_uart_0 --stdout_dev jtag_uart_0 --sopc_system_name nios_system --quartus_project_dir "C:/Users/Daniel/Desktop/ece178/greenhouse-monitoring-system-FPGA/data_collector_system" --jdi ../..//output_files/final_project.jdi --sopcinfo C:/Users/Daniel/Desktop/ece178/greenhouse-monitoring-system-FPGA/data_collector_system/software/final_project_collector_v3_bsp/../../nios_system.sopcinfo
Info: (final_project_collector_v3.elf) 79 KBytes program size (code + initialized data).
Info:                                  16298 KBytes free for stack + heap.
Info: Creating final_project_collector_v3.objdump
nios2-elf-objdump --disassemble --syms --all-header --source final_project_collector_v3.elf >final_project_collector_v3.objdump
[final_project_collector_v3 build complete]
15:38:15 **** Incremental Build of configuration Nios II for project final_project_collector_v3 ****
make all 
Info: Building ../final_project_collector_v3_bsp/
C:/intelFPGA_lite/16.1/nios2eds/bin/gnu/H-x86_64-mingw32/bin/make --no-print-directory -C ../final_project_collector_v3_bsp/
[BSP build complete]
[final_project_collector_v3 build complete]
15:41:18 **** Build of configuration Nios II for project final_project_collector_v3 ****
make all 
Info: Building ../final_project_collector_v3_bsp/
C:/intelFPGA_lite/16.1/nios2eds/bin/gnu/H-x86_64-mingw32/bin/make --no-print-directory -C ../final_project_collector_v3_bsp/
[BSP build complete]
Info: Compiling main.c to obj/default/main.o
nios2-elf-gcc -xc -MP -MMD -c -I../final_project_collector_v3_bsp//HAL/inc -I../final_project_collector_v3_bsp/ -I../final_project_collector_v3_bsp//drivers/inc  -pipe -D__hal__ -DALT_NO_INSTRUCTION_EMULATION -DALT_SINGLE_THREADED    -O0 -g -Wall   -mno-hw-div -mhw-mul -mno-hw-mulx -mgpopt=global  -o obj/default/main.o main.c
main.c: In function 'print_array_v':
main.c:186:4: warning: implicit declaration of function 'alt_printf' [-Wimplicit-function-declaration]
    alt_printf("%x, ", (a[i] & 0xFF));
    ^
main.c: In function 'timer_int_handler':
main.c:242:34: warning: suggest parentheses around '+' in operand of '&' [-Wparentheses]
   dig_P2 = (test_output[4] << 8) + (test_output[3])& 0xFFFF;
                                  ^
main.c:263:34: warning: suggest parentheses around '+' in operand of '&' [-Wparentheses]
   dig_H2 = (test_output[2] << 8) + (test_output[1])& 0xFFFF;
                                  ^
main.c:265:34: warning: suggest parentheses around '+' in operand of '&' [-Wparentheses]
   dig_H4 = (test_output[4] << 4) + (test_output[5] & 0x0F)& 0xFFF;
                                  ^
main.c:266:34: warning: suggest parentheses around '+' in operand of '&' [-Wparentheses]
   dig_H5 = (test_output[6] << 4) + (test_output[5] & 0xF0)& 0xFFF;
                                  ^
main.c:289:17: warning: pointer targets in passing argument 1 of 'print_array_v' differ in signedness [-Wpointer-sign]
   print_array_v(test_output, 9);
                 ^
main.c:180:6: note: expected 'int8_t * {aka signed char *}' but argument is of type 'uint8_t * {aka unsigned char *}'
 void print_array_v (int8_t a[], int size)
      ^
main.c:293:7: warning: variable 'j' set but not used [-Wunused-but-set-variable]
   int j =0;
       ^
main.c: In function 'pio_init':
main.c:357:2: warning: implicit declaration of function 'alt_irq_register' [-Wimplicit-function-declaration]
  alt_irq_register(TIMER_0_IRQ, TIMER_0_BASE, timer_int_handler);
  ^
Info: Linking final_project_collector_v3.elf
nios2-elf-g++  -T'../final_project_collector_v3_bsp//linker.x' -msys-crt0='../final_project_collector_v3_bsp//obj/HAL/src/crt0.o' -msys-lib=hal_bsp -L../final_project_collector_v3_bsp/   -Wl,-Map=final_project_collector_v3.map   -O0 -g -Wall   -mno-hw-div -mhw-mul -mno-hw-mulx -mgpopt=global  -o final_project_collector_v3.elf obj/default/main.o -lm -msys-lib=m
nios2-elf-insert final_project_collector_v3.elf --thread_model hal --cpu_name nios2_gen2_0 --qsys true --simulation_enabled false --id 0 --sidp 0x2130 --timestamp 1638731574 --stderr_dev jtag_uart_0 --stdin_dev jtag_uart_0 --stdout_dev jtag_uart_0 --sopc_system_name nios_system --quartus_project_dir "C:/Users/Daniel/Desktop/ece178/greenhouse-monitoring-system-FPGA/data_collector_system" --jdi ../..//output_files/final_project.jdi --sopcinfo C:/Users/Daniel/Desktop/ece178/greenhouse-monitoring-system-FPGA/data_collector_system/software/final_project_collector_v3_bsp/../../nios_system.sopcinfo
Info: (final_project_collector_v3.elf) 79 KBytes program size (code + initialized data).
Info:                                  16297 KBytes free for stack + heap.
Info: Creating final_project_collector_v3.objdump
nios2-elf-objdump --disassemble --syms --all-header --source final_project_collector_v3.elf >final_project_collector_v3.objdump
[final_project_collector_v3 build complete]
15:41:22 **** Incremental Build of configuration Nios II for project final_project_collector_v3 ****
make all 
Info: Building ../final_project_collector_v3_bsp/
C:/intelFPGA_lite/16.1/nios2eds/bin/gnu/H-x86_64-mingw32/bin/make --no-print-directory -C ../final_project_collector_v3_bsp/
[BSP build complete]
[final_project_collector_v3 build complete]
15:41:56 **** Build of configuration Nios II for project final_project_collector_v3 ****
make all 
Info: Building ../final_project_collector_v3_bsp/
C:/intelFPGA_lite/16.1/nios2eds/bin/gnu/H-x86_64-mingw32/bin/make --no-print-directory -C ../final_project_collector_v3_bsp/
[BSP build complete]
Info: Compiling main.c to obj/default/main.o
nios2-elf-gcc -xc -MP -MMD -c -I../final_project_collector_v3_bsp//HAL/inc -I../final_project_collector_v3_bsp/ -I../final_project_collector_v3_bsp//drivers/inc  -pipe -D__hal__ -DALT_NO_INSTRUCTION_EMULATION -DALT_SINGLE_THREADED    -O0 -g -Wall   -mno-hw-div -mhw-mul -mno-hw-mulx -mgpopt=global  -o obj/default/main.o main.c
main.c: In function 'print_array_v':
main.c:186:4: warning: implicit declaration of function 'alt_printf' [-Wimplicit-function-declaration]
    alt_printf("%x, ", (a[i] & 0xFF));
    ^
main.c: In function 'timer_int_handler':
main.c:242:34: warning: suggest parentheses around '+' in operand of '&' [-Wparentheses]
   dig_P2 = (test_output[4] << 8) + (test_output[3])& 0xFFFF;
                                  ^
main.c:263:34: warning: suggest parentheses around '+' in operand of '&' [-Wparentheses]
   dig_H2 = (test_output[2] << 8) + (test_output[1])& 0xFFFF;
                                  ^
main.c:265:34: warning: suggest parentheses around '+' in operand of '&' [-Wparentheses]
   dig_H4 = (test_output[4] << 4) + (test_output[5] & 0x0F)& 0xFFF;
                                  ^
main.c:266:34: warning: suggest parentheses around '+' in operand of '&' [-Wparentheses]
   dig_H5 = (test_output[6] << 4) + (test_output[5] & 0xF0)& 0xFFF;
                                  ^
main.c:289:17: warning: pointer targets in passing argument 1 of 'print_array_v' differ in signedness [-Wpointer-sign]
   print_array_v(test_output, 9);
                 ^
main.c:180:6: note: expected 'int8_t * {aka signed char *}' but argument is of type 'uint8_t * {aka unsigned char *}'
 void print_array_v (int8_t a[], int size)
      ^
main.c:293:7: warning: variable 'j' set but not used [-Wunused-but-set-variable]
   int j =0;
       ^
main.c: In function 'pio_init':
main.c:357:2: warning: implicit declaration of function 'alt_irq_register' [-Wimplicit-function-declaration]
  alt_irq_register(TIMER_0_IRQ, TIMER_0_BASE, timer_int_handler);
  ^
Info: Linking final_project_collector_v3.elf
nios2-elf-g++  -T'../final_project_collector_v3_bsp//linker.x' -msys-crt0='../final_project_collector_v3_bsp//obj/HAL/src/crt0.o' -msys-lib=hal_bsp -L../final_project_collector_v3_bsp/   -Wl,-Map=final_project_collector_v3.map   -O0 -g -Wall   -mno-hw-div -mhw-mul -mno-hw-mulx -mgpopt=global  -o final_project_collector_v3.elf obj/default/main.o -lm -msys-lib=m
nios2-elf-insert final_project_collector_v3.elf --thread_model hal --cpu_name nios2_gen2_0 --qsys true --simulation_enabled false --id 0 --sidp 0x2130 --timestamp 1638731574 --stderr_dev jtag_uart_0 --stdin_dev jtag_uart_0 --stdout_dev jtag_uart_0 --sopc_system_name nios_system --quartus_project_dir "C:/Users/Daniel/Desktop/ece178/greenhouse-monitoring-system-FPGA/data_collector_system" --jdi ../..//output_files/final_project.jdi --sopcinfo C:/Users/Daniel/Desktop/ece178/greenhouse-monitoring-system-FPGA/data_collector_system/software/final_project_collector_v3_bsp/../../nios_system.sopcinfo
Info: (final_project_collector_v3.elf) 79 KBytes program size (code + initialized data).
Info:                                  16297 KBytes free for stack + heap.
Info: Creating final_project_collector_v3.objdump
nios2-elf-objdump --disassemble --syms --all-header --source final_project_collector_v3.elf >final_project_collector_v3.objdump
[final_project_collector_v3 build complete]
15:41:59 **** Incremental Build of configuration Nios II for project final_project_collector_v3 ****
make all 
Info: Building ../final_project_collector_v3_bsp/
C:/intelFPGA_lite/16.1/nios2eds/bin/gnu/H-x86_64-mingw32/bin/make --no-print-directory -C ../final_project_collector_v3_bsp/
[BSP build complete]
[final_project_collector_v3 build complete]
15:43:48 **** Build of configuration Nios II for project final_project_collector_v3 ****
make all 
Info: Building ../final_project_collector_v3_bsp/
C:/intelFPGA_lite/16.1/nios2eds/bin/gnu/H-x86_64-mingw32/bin/make --no-print-directory -C ../final_project_collector_v3_bsp/
[BSP build complete]
[final_project_collector_v3 build complete]
15:43:50 **** Incremental Build of configuration Nios II for project final_project_collector_v3 ****
make all 
Info: Building ../final_project_collector_v3_bsp/
C:/intelFPGA_lite/16.1/nios2eds/bin/gnu/H-x86_64-mingw32/bin/make --no-print-directory -C ../final_project_collector_v3_bsp/
[BSP build complete]
[final_project_collector_v3 build complete]
15:48:09 **** Build of configuration Nios II for project final_project_collector_v3 ****
make all 
Info: Building ../final_project_collector_v3_bsp/
C:/intelFPGA_lite/16.1/nios2eds/bin/gnu/H-x86_64-mingw32/bin/make --no-print-directory -C ../final_project_collector_v3_bsp/
[BSP build complete]
Info: Compiling main.c to obj/default/main.o
nios2-elf-gcc -xc -MP -MMD -c -I../final_project_collector_v3_bsp//HAL/inc -I../final_project_collector_v3_bsp/ -I../final_project_collector_v3_bsp//drivers/inc  -pipe -D__hal__ -DALT_NO_INSTRUCTION_EMULATION -DALT_SINGLE_THREADED    -O0 -g -Wall   -mno-hw-div -mhw-mul -mno-hw-mulx -mgpopt=global  -o obj/default/main.o main.c
main.c: In function 'print_array_v':
main.c:186:4: warning: implicit declaration of function 'alt_printf' [-Wimplicit-function-declaration]
    alt_printf("%x, ", (a[i] & 0xFF));
    ^
main.c: In function 'timer_int_handler':
main.c:242:34: warning: suggest parentheses around '+' in operand of '&' [-Wparentheses]
   dig_P2 = (test_output[4] << 8) + (test_output[3])& 0xFFFF;
                                  ^
main.c:263:34: warning: suggest parentheses around '+' in operand of '&' [-Wparentheses]
   dig_H2 = (test_output[2] << 8) + (test_output[1])& 0xFFFF;
                                  ^
main.c:265:34: warning: suggest parentheses around '+' in operand of '&' [-Wparentheses]
   dig_H4 = (test_output[4] << 4) + (test_output[5] & 0x0F)& 0xFFF;
                                  ^
main.c:266:34: warning: suggest parentheses around '+' in operand of '&' [-Wparentheses]
   dig_H5 = (test_output[6] << 4) + (test_output[5] & 0xF0)& 0xFFF;
                                  ^
main.c:289:17: warning: pointer targets in passing argument 1 of 'print_array_v' differ in signedness [-Wpointer-sign]
   print_array_v(test_output, 9);
                 ^
main.c:180:6: note: expected 'int8_t * {aka signed char *}' but argument is of type 'uint8_t * {aka unsigned char *}'
 void print_array_v (int8_t a[], int size)
      ^
main.c:293:7: warning: variable 'j' set but not used [-Wunused-but-set-variable]
   int j =0;
       ^
main.c: In function 'pio_init':
main.c:358:2: warning: implicit declaration of function 'alt_irq_register' [-Wimplicit-function-declaration]
  alt_irq_register(TIMER_0_IRQ, TIMER_0_BASE, timer_int_handler);
  ^
Info: Linking final_project_collector_v3.elf
nios2-elf-g++  -T'../final_project_collector_v3_bsp//linker.x' -msys-crt0='../final_project_collector_v3_bsp//obj/HAL/src/crt0.o' -msys-lib=hal_bsp -L../final_project_collector_v3_bsp/   -Wl,-Map=final_project_collector_v3.map   -O0 -g -Wall   -mno-hw-div -mhw-mul -mno-hw-mulx -mgpopt=global  -o final_project_collector_v3.elf obj/default/main.o -lm -msys-lib=m
nios2-elf-insert final_project_collector_v3.elf --thread_model hal --cpu_name nios2_gen2_0 --qsys true --simulation_enabled false --id 0 --sidp 0x2130 --timestamp 1638731574 --stderr_dev jtag_uart_0 --stdin_dev jtag_uart_0 --stdout_dev jtag_uart_0 --sopc_system_name nios_system --quartus_project_dir "C:/Users/Daniel/Desktop/ece178/greenhouse-monitoring-system-FPGA/data_collector_system" --jdi ../..//output_files/final_project.jdi --sopcinfo C:/Users/Daniel/Desktop/ece178/greenhouse-monitoring-system-FPGA/data_collector_system/software/final_project_collector_v3_bsp/../../nios_system.sopcinfo
Info: (final_project_collector_v3.elf) 79 KBytes program size (code + initialized data).
Info:                                  16297 KBytes free for stack + heap.
Info: Creating final_project_collector_v3.objdump
nios2-elf-objdump --disassemble --syms --all-header --source final_project_collector_v3.elf >final_project_collector_v3.objdump
[final_project_collector_v3 build complete]
15:48:13 **** Incremental Build of configuration Nios II for project final_project_collector_v3 ****
make all 
Info: Building ../final_project_collector_v3_bsp/
C:/intelFPGA_lite/16.1/nios2eds/bin/gnu/H-x86_64-mingw32/bin/make --no-print-directory -C ../final_project_collector_v3_bsp/
[BSP build complete]
[final_project_collector_v3 build complete]
15:54:49 **** Build of configuration Nios II for project final_project_collector_v3 ****
make all 
Info: Building ../final_project_collector_v3_bsp/
C:/intelFPGA_lite/16.1/nios2eds/bin/gnu/H-x86_64-mingw32/bin/make --no-print-directory -C ../final_project_collector_v3_bsp/
[BSP build complete]
Info: Compiling main.c to obj/default/main.o
nios2-elf-gcc -xc -MP -MMD -c -I../final_project_collector_v3_bsp//HAL/inc -I../final_project_collector_v3_bsp/ -I../final_project_collector_v3_bsp//drivers/inc  -pipe -D__hal__ -DALT_NO_INSTRUCTION_EMULATION -DALT_SINGLE_THREADED    -O0 -g -Wall   -mno-hw-div -mhw-mul -mno-hw-mulx -mgpopt=global  -o obj/default/main.o main.c
main.c: In function 'print_array_v':
main.c:186:4: warning: implicit declaration of function 'alt_printf' [-Wimplicit-function-declaration]
    alt_printf("%x, ", (a[i] & 0xFF));
    ^
main.c: In function 'timer_int_handler':
main.c:242:34: warning: suggest parentheses around '+' in operand of '&' [-Wparentheses]
   dig_P2 = (test_output[4] << 8) + (test_output[3])& 0xFFFF;
                                  ^
main.c:263:34: warning: suggest parentheses around '+' in operand of '&' [-Wparentheses]
   dig_H2 = (test_output[2] << 8) + (test_output[1])& 0xFFFF;
                                  ^
main.c:265:34: warning: suggest parentheses around '+' in operand of '&' [-Wparentheses]
   dig_H4 = (test_output[4] << 4) + (test_output[5] & 0x0F)& 0xFFF;
                                  ^
main.c:266:34: warning: suggest parentheses around '+' in operand of '&' [-Wparentheses]
   dig_H5 = (test_output[6] << 4) + (test_output[5] & 0xF0)& 0xFFF;
                                  ^
main.c:289:17: warning: pointer targets in passing argument 1 of 'print_array_v' differ in signedness [-Wpointer-sign]
   print_array_v(test_output, 9);
                 ^
main.c:180:6: note: expected 'int8_t * {aka signed char *}' but argument is of type 'uint8_t * {aka unsigned char *}'
 void print_array_v (int8_t a[], int size)
      ^
main.c:293:7: warning: variable 'j' set but not used [-Wunused-but-set-variable]
   int j =0;
       ^
main.c: In function 'pio_init':
main.c:357:2: warning: implicit declaration of function 'alt_irq_register' [-Wimplicit-function-declaration]
  alt_irq_register(TIMER_0_IRQ, TIMER_0_BASE, timer_int_handler);
  ^
Info: Linking final_project_collector_v3.elf
nios2-elf-g++  -T'../final_project_collector_v3_bsp//linker.x' -msys-crt0='../final_project_collector_v3_bsp//obj/HAL/src/crt0.o' -msys-lib=hal_bsp -L../final_project_collector_v3_bsp/   -Wl,-Map=final_project_collector_v3.map   -O0 -g -Wall   -mno-hw-div -mhw-mul -mno-hw-mulx -mgpopt=global  -o final_project_collector_v3.elf obj/default/main.o -lm -msys-lib=m
nios2-elf-insert final_project_collector_v3.elf --thread_model hal --cpu_name nios2_gen2_0 --qsys true --simulation_enabled false --id 0 --sidp 0x2130 --timestamp 1638731574 --stderr_dev jtag_uart_0 --stdin_dev jtag_uart_0 --stdout_dev jtag_uart_0 --sopc_system_name nios_system --quartus_project_dir "C:/Users/Daniel/Desktop/ece178/greenhouse-monitoring-system-FPGA/data_collector_system" --jdi ../..//output_files/final_project.jdi --sopcinfo C:/Users/Daniel/Desktop/ece178/greenhouse-monitoring-system-FPGA/data_collector_system/software/final_project_collector_v3_bsp/../../nios_system.sopcinfo
Info: (final_project_collector_v3.elf) 79 KBytes program size (code + initialized data).
Info:                                  16297 KBytes free for stack + heap.
Info: Creating final_project_collector_v3.objdump
nios2-elf-objdump --disassemble --syms --all-header --source final_project_collector_v3.elf >final_project_collector_v3.objdump
[final_project_collector_v3 build complete]
15:54:53 **** Incremental Build of configuration Nios II for project final_project_collector_v3 ****
make all 
Info: Building ../final_project_collector_v3_bsp/
C:/intelFPGA_lite/16.1/nios2eds/bin/gnu/H-x86_64-mingw32/bin/make --no-print-directory -C ../final_project_collector_v3_bsp/
[BSP build complete]
[final_project_collector_v3 build complete]
15:58:35 **** Build of configuration Nios II for project final_project_collector_v3 ****
make all 
Info: Building ../final_project_collector_v3_bsp/
C:/intelFPGA_lite/16.1/nios2eds/bin/gnu/H-x86_64-mingw32/bin/make --no-print-directory -C ../final_project_collector_v3_bsp/
[BSP build complete]
[final_project_collector_v3 build complete]
15:58:37 **** Incremental Build of configuration Nios II for project final_project_collector_v3 ****
make all 
Info: Building ../final_project_collector_v3_bsp/
C:/intelFPGA_lite/16.1/nios2eds/bin/gnu/H-x86_64-mingw32/bin/make --no-print-directory -C ../final_project_collector_v3_bsp/
[BSP build complete]
[final_project_collector_v3 build complete]
16:22:23 **** Build of configuration Nios II for project final_project_collector_v3 ****
make all 
Info: Building ../final_project_collector_v3_bsp/
C:/intelFPGA_lite/16.1/nios2eds/bin/gnu/H-x86_64-mingw32/bin/make --no-print-directory -C ../final_project_collector_v3_bsp/
[BSP build complete]
Info: Compiling main.c to obj/default/main.o
nios2-elf-gcc -xc -MP -MMD -c -I../final_project_collector_v3_bsp//HAL/inc -I../final_project_collector_v3_bsp/ -I../final_project_collector_v3_bsp//drivers/inc  -pipe -D__hal__ -DALT_NO_INSTRUCTION_EMULATION -DALT_SINGLE_THREADED    -O0 -g -Wall   -mno-hw-div -mhw-mul -mno-hw-mulx -mgpopt=global  -o obj/default/main.o main.c
main.c: In function 'print_array_v':
main.c:186:4: warning: implicit declaration of function 'alt_printf' [-Wimplicit-function-declaration]
    alt_printf("%x, ", (a[i] & 0xFF));
    ^
main.c: In function 'timer_int_handler':
main.c:242:34: warning: suggest parentheses around '+' in operand of '&' [-Wparentheses]
   dig_P2 = (test_output[4] << 8) + (test_output[3])& 0xFFFF;
                                  ^
main.c:263:34: warning: suggest parentheses around '+' in operand of '&' [-Wparentheses]
   dig_H2 = (test_output[2] << 8) + (test_output[1])& 0xFFFF;
                                  ^
main.c:265:34: warning: suggest parentheses around '+' in operand of '&' [-Wparentheses]
   dig_H4 = (test_output[4] << 4) + (test_output[5] & 0x0F)& 0xFFF;
                                  ^
main.c:266:34: warning: suggest parentheses around '+' in operand of '&' [-Wparentheses]
   dig_H5 = (test_output[6] << 4) + (test_output[5] & 0xF0)& 0xFFF;
                                  ^
main.c:289:17: warning: pointer targets in passing argument 1 of 'print_array_v' differ in signedness [-Wpointer-sign]
   print_array_v(test_output, 9);
                 ^
main.c:180:6: note: expected 'int8_t * {aka signed char *}' but argument is of type 'uint8_t * {aka unsigned char *}'
 void print_array_v (int8_t a[], int size)
      ^
main.c:293:7: warning: variable 'j' set but not used [-Wunused-but-set-variable]
   int j =0;
       ^
main.c: In function 'pio_init':
main.c:353:2: warning: implicit declaration of function 'alt_irq_register' [-Wimplicit-function-declaration]
  alt_irq_register(TIMER_0_IRQ, TIMER_0_BASE, timer_int_handler);
  ^
Info: Linking final_project_collector_v3.elf
nios2-elf-g++  -T'../final_project_collector_v3_bsp//linker.x' -msys-crt0='../final_project_collector_v3_bsp//obj/HAL/src/crt0.o' -msys-lib=hal_bsp -L../final_project_collector_v3_bsp/   -Wl,-Map=final_project_collector_v3.map   -O0 -g -Wall   -mno-hw-div -mhw-mul -mno-hw-mulx -mgpopt=global  -o final_project_collector_v3.elf obj/default/main.o -lm -msys-lib=m
nios2-elf-insert final_project_collector_v3.elf --thread_model hal --cpu_name nios2_gen2_0 --qsys true --simulation_enabled false --id 0 --sidp 0x2130 --timestamp 1638731574 --stderr_dev jtag_uart_0 --stdin_dev jtag_uart_0 --stdout_dev jtag_uart_0 --sopc_system_name nios_system --quartus_project_dir "C:/Users/Daniel/Desktop/ece178/greenhouse-monitoring-system-FPGA/data_collector_system" --jdi ../..//output_files/final_project.jdi --sopcinfo C:/Users/Daniel/Desktop/ece178/greenhouse-monitoring-system-FPGA/data_collector_system/software/final_project_collector_v3_bsp/../../nios_system.sopcinfo
Info: (final_project_collector_v3.elf) 79 KBytes program size (code + initialized data).
Info:                                  16297 KBytes free for stack + heap.
Info: Creating final_project_collector_v3.objdump
nios2-elf-objdump --disassemble --syms --all-header --source final_project_collector_v3.elf >final_project_collector_v3.objdump
[final_project_collector_v3 build complete]
16:22:26 **** Incremental Build of configuration Nios II for project final_project_collector_v3 ****
make all 
Info: Building ../final_project_collector_v3_bsp/
C:/intelFPGA_lite/16.1/nios2eds/bin/gnu/H-x86_64-mingw32/bin/make --no-print-directory -C ../final_project_collector_v3_bsp/
[BSP build complete]
[final_project_collector_v3 build complete]
16:24:51 **** Build of configuration Nios II for project final_project_collector_v3 ****
make all 
Info: Building ../final_project_collector_v3_bsp/
C:/intelFPGA_lite/16.1/nios2eds/bin/gnu/H-x86_64-mingw32/bin/make --no-print-directory -C ../final_project_collector_v3_bsp/
[BSP build complete]
[final_project_collector_v3 build complete]
16:24:53 **** Incremental Build of configuration Nios II for project final_project_collector_v3 ****
make all 
Info: Building ../final_project_collector_v3_bsp/
C:/intelFPGA_lite/16.1/nios2eds/bin/gnu/H-x86_64-mingw32/bin/make --no-print-directory -C ../final_project_collector_v3_bsp/
[BSP build complete]
[final_project_collector_v3 build complete]
16:30:15 **** Build of configuration Nios II for project final_project_collector_v3 ****
make all 
Info: Building ../final_project_collector_v3_bsp/
C:/intelFPGA_lite/16.1/nios2eds/bin/gnu/H-x86_64-mingw32/bin/make --no-print-directory -C ../final_project_collector_v3_bsp/
[BSP build complete]
Info: Compiling main.c to obj/default/main.o
nios2-elf-gcc -xc -MP -MMD -c -I../final_project_collector_v3_bsp//HAL/inc -I../final_project_collector_v3_bsp/ -I../final_project_collector_v3_bsp//drivers/inc  -pipe -D__hal__ -DALT_NO_INSTRUCTION_EMULATION -DALT_SINGLE_THREADED    -O0 -g -Wall   -mno-hw-div -mhw-mul -mno-hw-mulx -mgpopt=global  -o obj/default/main.o main.c
main.c: In function 'print_array_v':
main.c:186:4: warning: implicit declaration of function 'alt_printf' [-Wimplicit-function-declaration]
    alt_printf("Received Sensor Data: %x, ", (a[i] & 0xFF));
    ^
main.c: In function 'timer_int_handler':
main.c:242:34: warning: suggest parentheses around '+' in operand of '&' [-Wparentheses]
   dig_P2 = (test_output[4] << 8) + (test_output[3])& 0xFFFF;
                                  ^
main.c:263:34: warning: suggest parentheses around '+' in operand of '&' [-Wparentheses]
   dig_H2 = (test_output[2] << 8) + (test_output[1])& 0xFFFF;
                                  ^
main.c:265:34: warning: suggest parentheses around '+' in operand of '&' [-Wparentheses]
   dig_H4 = (test_output[4] << 4) + (test_output[5] & 0x0F)& 0xFFF;
                                  ^
main.c:266:34: warning: suggest parentheses around '+' in operand of '&' [-Wparentheses]
   dig_H5 = (test_output[6] << 4) + (test_output[5] & 0xF0)& 0xFFF;
                                  ^
main.c:289:17: warning: pointer targets in passing argument 1 of 'print_array_v' differ in signedness [-Wpointer-sign]
   print_array_v(test_output, 9);
                 ^
main.c:180:6: note: expected 'int8_t * {aka signed char *}' but argument is of type 'uint8_t * {aka unsigned char *}'
 void print_array_v (int8_t a[], int size)
      ^
main.c:293:7: warning: variable 'j' set but not used [-Wunused-but-set-variable]
   int j =0;
       ^
main.c: In function 'pio_init':
main.c:354:2: warning: implicit declaration of function 'alt_irq_register' [-Wimplicit-function-declaration]
  alt_irq_register(TIMER_0_IRQ, TIMER_0_BASE, timer_int_handler);
  ^
Info: Linking final_project_collector_v3.elf
nios2-elf-g++  -T'../final_project_collector_v3_bsp//linker.x' -msys-crt0='../final_project_collector_v3_bsp//obj/HAL/src/crt0.o' -msys-lib=hal_bsp -L../final_project_collector_v3_bsp/   -Wl,-Map=final_project_collector_v3.map   -O0 -g -Wall   -mno-hw-div -mhw-mul -mno-hw-mulx -mgpopt=global  -o final_project_collector_v3.elf obj/default/main.o -lm -msys-lib=m
nios2-elf-insert final_project_collector_v3.elf --thread_model hal --cpu_name nios2_gen2_0 --qsys true --simulation_enabled false --id 0 --sidp 0x2130 --timestamp 1638731574 --stderr_dev jtag_uart_0 --stdin_dev jtag_uart_0 --stdout_dev jtag_uart_0 --sopc_system_name nios_system --quartus_project_dir "C:/Users/Daniel/Desktop/ece178/greenhouse-monitoring-system-FPGA/data_collector_system" --jdi ../..//output_files/final_project.jdi --sopcinfo C:/Users/Daniel/Desktop/ece178/greenhouse-monitoring-system-FPGA/data_collector_system/software/final_project_collector_v3_bsp/../../nios_system.sopcinfo
Info: (final_project_collector_v3.elf) 79 KBytes program size (code + initialized data).
Info:                                  16298 KBytes free for stack + heap.
Info: Creating final_project_collector_v3.objdump
nios2-elf-objdump --disassemble --syms --all-header --source final_project_collector_v3.elf >final_project_collector_v3.objdump
[final_project_collector_v3 build complete]
16:31:57 **** Build of configuration Nios II for project final_project_collector_v3 ****
make all 
Info: Building ../final_project_collector_v3_bsp/
C:/intelFPGA_lite/16.1/nios2eds/bin/gnu/H-x86_64-mingw32/bin/make --no-print-directory -C ../final_project_collector_v3_bsp/
[BSP build complete]
Info: Compiling main.c to obj/default/main.o
nios2-elf-gcc -xc -MP -MMD -c -I../final_project_collector_v3_bsp//HAL/inc -I../final_project_collector_v3_bsp/ -I../final_project_collector_v3_bsp//drivers/inc  -pipe -D__hal__ -DALT_NO_INSTRUCTION_EMULATION -DALT_SINGLE_THREADED    -O0 -g -Wall   -mno-hw-div -mhw-mul -mno-hw-mulx -mgpopt=global  -o obj/default/main.o main.c
main.c: In function 'print_array_v':
main.c:179:4: warning: implicit declaration of function 'alt_printf' [-Wimplicit-function-declaration]
    alt_printf("Received Sensor Data: %x, ", (a[i] & 0xFF));
    ^
main.c: In function 'timer_int_handler':
main.c:235:34: warning: suggest parentheses around '+' in operand of '&' [-Wparentheses]
   dig_P2 = (test_output[4] << 8) + (test_output[3])& 0xFFFF;
                                  ^
main.c:256:34: warning: suggest parentheses around '+' in operand of '&' [-Wparentheses]
   dig_H2 = (test_output[2] << 8) + (test_output[1])& 0xFFFF;
                                  ^
main.c:258:34: warning: suggest parentheses around '+' in operand of '&' [-Wparentheses]
   dig_H4 = (test_output[4] << 4) + (test_output[5] & 0x0F)& 0xFFF;
                                  ^
main.c:259:34: warning: suggest parentheses around '+' in operand of '&' [-Wparentheses]
   dig_H5 = (test_output[6] << 4) + (test_output[5] & 0xF0)& 0xFFF;
                                  ^
main.c:282:17: warning: pointer targets in passing argument 1 of 'print_array_v' differ in signedness [-Wpointer-sign]
   print_array_v(test_output, 9);
                 ^
main.c:173:6: note: expected 'int8_t * {aka signed char *}' but argument is of type 'uint8_t * {aka unsigned char *}'
 void print_array_v (int8_t a[], int size)
      ^
main.c:286:7: warning: variable 'j' set but not used [-Wunused-but-set-variable]
   int j =0;
       ^
main.c: In function 'pio_init':
main.c:347:2: warning: implicit declaration of function 'alt_irq_register' [-Wimplicit-function-declaration]
  alt_irq_register(TIMER_0_IRQ, TIMER_0_BASE, timer_int_handler);
  ^
Info: Linking final_project_collector_v3.elf
nios2-elf-g++  -T'../final_project_collector_v3_bsp//linker.x' -msys-crt0='../final_project_collector_v3_bsp//obj/HAL/src/crt0.o' -msys-lib=hal_bsp -L../final_project_collector_v3_bsp/   -Wl,-Map=final_project_collector_v3.map   -O0 -g -Wall   -mno-hw-div -mhw-mul -mno-hw-mulx -mgpopt=global  -o final_project_collector_v3.elf obj/default/main.o -lm -msys-lib=m
nios2-elf-insert final_project_collector_v3.elf --thread_model hal --cpu_name nios2_gen2_0 --qsys true --simulation_enabled false --id 0 --sidp 0x2130 --timestamp 1638731574 --stderr_dev jtag_uart_0 --stdin_dev jtag_uart_0 --stdout_dev jtag_uart_0 --sopc_system_name nios_system --quartus_project_dir "C:/Users/Daniel/Desktop/ece178/greenhouse-monitoring-system-FPGA/data_collector_system" --jdi ../..//output_files/final_project.jdi --sopcinfo C:/Users/Daniel/Desktop/ece178/greenhouse-monitoring-system-FPGA/data_collector_system/software/final_project_collector_v3_bsp/../../nios_system.sopcinfo
Info: (final_project_collector_v3.elf) 79 KBytes program size (code + initialized data).
Info:                                  16298 KBytes free for stack + heap.
Info: Creating final_project_collector_v3.objdump
nios2-elf-objdump --disassemble --syms --all-header --source final_project_collector_v3.elf >final_project_collector_v3.objdump
[final_project_collector_v3 build complete]
16:32:12 **** Incremental Build of configuration Nios II for project final_project_collector_v3 ****
make all 
Info: Building ../final_project_collector_v3_bsp/
C:/intelFPGA_lite/16.1/nios2eds/bin/gnu/H-x86_64-mingw32/bin/make --no-print-directory -C ../final_project_collector_v3_bsp/
[BSP build complete]
[final_project_collector_v3 build complete]
16:33:25 **** Build of configuration Nios II for project final_project_collector_v3 ****
make all 
Info: Building ../final_project_collector_v3_bsp/
C:/intelFPGA_lite/16.1/nios2eds/bin/gnu/H-x86_64-mingw32/bin/make --no-print-directory -C ../final_project_collector_v3_bsp/
[BSP build complete]
Info: Compiling main.c to obj/default/main.o
nios2-elf-gcc -xc -MP -MMD -c -I../final_project_collector_v3_bsp//HAL/inc -I../final_project_collector_v3_bsp/ -I../final_project_collector_v3_bsp//drivers/inc  -pipe -D__hal__ -DALT_NO_INSTRUCTION_EMULATION -DALT_SINGLE_THREADED    -O0 -g -Wall   -mno-hw-div -mhw-mul -mno-hw-mulx -mgpopt=global  -o obj/default/main.o main.c
main.c: In function 'print_array_v':
main.c:180:4: warning: implicit declaration of function 'alt_printf' [-Wimplicit-function-declaration]
    alt_printf("%x, ", (a[i] & 0xFF));
    ^
main.c: In function 'timer_int_handler':
main.c:236:34: warning: suggest parentheses around '+' in operand of '&' [-Wparentheses]
   dig_P2 = (test_output[4] << 8) + (test_output[3])& 0xFFFF;
                                  ^
main.c:257:34: warning: suggest parentheses around '+' in operand of '&' [-Wparentheses]
   dig_H2 = (test_output[2] << 8) + (test_output[1])& 0xFFFF;
                                  ^
main.c:259:34: warning: suggest parentheses around '+' in operand of '&' [-Wparentheses]
   dig_H4 = (test_output[4] << 4) + (test_output[5] & 0x0F)& 0xFFF;
                                  ^
main.c:260:34: warning: suggest parentheses around '+' in operand of '&' [-Wparentheses]
   dig_H5 = (test_output[6] << 4) + (test_output[5] & 0xF0)& 0xFFF;
                                  ^
main.c:283:17: warning: pointer targets in passing argument 1 of 'print_array_v' differ in signedness [-Wpointer-sign]
   print_array_v(test_output, 9);
                 ^
main.c:173:6: note: expected 'int8_t * {aka signed char *}' but argument is of type 'uint8_t * {aka unsigned char *}'
 void print_array_v (int8_t a[], int size)
      ^
main.c:287:7: warning: variable 'j' set but not used [-Wunused-but-set-variable]
   int j =0;
       ^
main.c: In function 'pio_init':
main.c:348:2: warning: implicit declaration of function 'alt_irq_register' [-Wimplicit-function-declaration]
  alt_irq_register(TIMER_0_IRQ, TIMER_0_BASE, timer_int_handler);
  ^
Info: Linking final_project_collector_v3.elf
nios2-elf-g++  -T'../final_project_collector_v3_bsp//linker.x' -msys-crt0='../final_project_collector_v3_bsp//obj/HAL/src/crt0.o' -msys-lib=hal_bsp -L../final_project_collector_v3_bsp/   -Wl,-Map=final_project_collector_v3.map   -O0 -g -Wall   -mno-hw-div -mhw-mul -mno-hw-mulx -mgpopt=global  -o final_project_collector_v3.elf obj/default/main.o -lm -msys-lib=m
nios2-elf-insert final_project_collector_v3.elf --thread_model hal --cpu_name nios2_gen2_0 --qsys true --simulation_enabled false --id 0 --sidp 0x2130 --timestamp 1638731574 --stderr_dev jtag_uart_0 --stdin_dev jtag_uart_0 --stdout_dev jtag_uart_0 --sopc_system_name nios_system --quartus_project_dir "C:/Users/Daniel/Desktop/ece178/greenhouse-monitoring-system-FPGA/data_collector_system" --jdi ../..//output_files/final_project.jdi --sopcinfo C:/Users/Daniel/Desktop/ece178/greenhouse-monitoring-system-FPGA/data_collector_system/software/final_project_collector_v3_bsp/../../nios_system.sopcinfo
Info: (final_project_collector_v3.elf) 79 KBytes program size (code + initialized data).
Info:                                  16298 KBytes free for stack + heap.
Info: Creating final_project_collector_v3.objdump
nios2-elf-objdump --disassemble --syms --all-header --source final_project_collector_v3.elf >final_project_collector_v3.objdump
[final_project_collector_v3 build complete]
16:33:28 **** Incremental Build of configuration Nios II for project final_project_collector_v3 ****
make all 
Info: Building ../final_project_collector_v3_bsp/
C:/intelFPGA_lite/16.1/nios2eds/bin/gnu/H-x86_64-mingw32/bin/make --no-print-directory -C ../final_project_collector_v3_bsp/
[BSP build complete]
[final_project_collector_v3 build complete]
16:34:43 **** Build of configuration Nios II for project final_project_collector_v3 ****
make all 
Info: Building ../final_project_collector_v3_bsp/
C:/intelFPGA_lite/16.1/nios2eds/bin/gnu/H-x86_64-mingw32/bin/make --no-print-directory -C ../final_project_collector_v3_bsp/
[BSP build complete]
Info: Compiling main.c to obj/default/main.o
nios2-elf-gcc -xc -MP -MMD -c -I../final_project_collector_v3_bsp//HAL/inc -I../final_project_collector_v3_bsp/ -I../final_project_collector_v3_bsp//drivers/inc  -pipe -D__hal__ -DALT_NO_INSTRUCTION_EMULATION -DALT_SINGLE_THREADED    -O0 -g -Wall   -mno-hw-div -mhw-mul -mno-hw-mulx -mgpopt=global  -o obj/default/main.o main.c
main.c: In function 'print_array_v':
main.c:180:4: warning: implicit declaration of function 'alt_printf' [-Wimplicit-function-declaration]
    alt_printf("%x, ", (a[i] & 0xFF));
    ^
main.c: In function 'timer_int_handler':
main.c:236:34: warning: suggest parentheses around '+' in operand of '&' [-Wparentheses]
   dig_P2 = (test_output[4] << 8) + (test_output[3])& 0xFFFF;
                                  ^
main.c:255:34: warning: suggest parentheses around '+' in operand of '&' [-Wparentheses]
   dig_H2 = (test_output[2] << 8) + (test_output[1])& 0xFFFF;
                                  ^
main.c:257:34: warning: suggest parentheses around '+' in operand of '&' [-Wparentheses]
   dig_H4 = (test_output[4] << 4) + (test_output[5] & 0x0F)& 0xFFF;
                                  ^
main.c:258:34: warning: suggest parentheses around '+' in operand of '&' [-Wparentheses]
   dig_H5 = (test_output[6] << 4) + (test_output[5] & 0xF0)& 0xFFF;
                                  ^
main.c:278:17: warning: pointer targets in passing argument 1 of 'print_array_v' differ in signedness [-Wpointer-sign]
   print_array_v(test_output, 9);
                 ^
main.c:173:6: note: expected 'int8_t * {aka signed char *}' but argument is of type 'uint8_t * {aka unsigned char *}'
 void print_array_v (int8_t a[], int size)
      ^
main.c:282:7: warning: variable 'j' set but not used [-Wunused-but-set-variable]
   int j =0;
       ^
main.c: In function 'pio_init':
main.c:342:2: warning: implicit declaration of function 'alt_irq_register' [-Wimplicit-function-declaration]
  alt_irq_register(TIMER_0_IRQ, TIMER_0_BASE, timer_int_handler);
  ^
Info: Linking final_project_collector_v3.elf
nios2-elf-g++  -T'../final_project_collector_v3_bsp//linker.x' -msys-crt0='../final_project_collector_v3_bsp//obj/HAL/src/crt0.o' -msys-lib=hal_bsp -L../final_project_collector_v3_bsp/   -Wl,-Map=final_project_collector_v3.map   -O0 -g -Wall   -mno-hw-div -mhw-mul -mno-hw-mulx -mgpopt=global  -o final_project_collector_v3.elf obj/default/main.o -lm -msys-lib=m
nios2-elf-insert final_project_collector_v3.elf --thread_model hal --cpu_name nios2_gen2_0 --qsys true --simulation_enabled false --id 0 --sidp 0x2130 --timestamp 1638731574 --stderr_dev jtag_uart_0 --stdin_dev jtag_uart_0 --stdout_dev jtag_uart_0 --sopc_system_name nios_system --quartus_project_dir "C:/Users/Daniel/Desktop/ece178/greenhouse-monitoring-system-FPGA/data_collector_system" --jdi ../..//output_files/final_project.jdi --sopcinfo C:/Users/Daniel/Desktop/ece178/greenhouse-monitoring-system-FPGA/data_collector_system/software/final_project_collector_v3_bsp/../../nios_system.sopcinfo
Info: (final_project_collector_v3.elf) 79 KBytes program size (code + initialized data).
Info:                                  16298 KBytes free for stack + heap.
Info: Creating final_project_collector_v3.objdump
nios2-elf-objdump --disassemble --syms --all-header --source final_project_collector_v3.elf >final_project_collector_v3.objdump
[final_project_collector_v3 build complete]
16:34:47 **** Incremental Build of configuration Nios II for project final_project_collector_v3 ****
make all 
Info: Building ../final_project_collector_v3_bsp/
C:/intelFPGA_lite/16.1/nios2eds/bin/gnu/H-x86_64-mingw32/bin/make --no-print-directory -C ../final_project_collector_v3_bsp/
[BSP build complete]
[final_project_collector_v3 build complete]
